G0111130020006200102022020051322000047,辽J6008挂_1,2020-05-13T23:00:21
G0025130060004200202032020051322000261,黑A9172挂_1,2020-05-13T23:00:06
G0025130060004200101012020051322000172,冀B7BU79_0,2020-05-13T23:00:34
G0025130060004200202022020051322000167,黑M756G挂_1,2020-05-13T23:00:02
G0025130060004200101022020051322000141,鲁Q0P2U9_0,2020-05-13T23:00:32
G0025130060004200201032020051322000175,黑MP2611_1,2020-05-13T23:00:03
G0025130060004200102012020051322000179,冀B7BU79_0,2020-05-13T23:00:37
G0025130060004200102022020051322000173,鲁Q0P2U9_0,2020-05-13T23:00:35
G0111130020003100102022020051322000157,津CM898挂_1,2020-05-13T23:00:02
S0105130010004200101022020051322000101,黑A3N7S5_0,2020-05-13T23:00:10
S0105130010004200102022020051322000218,湘A8681挂_1,2020-05-13T23:00:05
S0105130010004200101042020051322000206,湘AG6345_1,2020-05-13T23:00:02
S0105130010004200101032020051322000161,冀AG6345_1,2020-05-13T23:00:02
S0105130010004200102012020051322000094,黑A3N7S5_0,2020-05-13T23:00:12
S0105130010004200101022020051322000099,冀BCV009_0,2020-05-13T23:00:02
S0105130010004200102012020051322000093,辽DDU868_0,2020-05-13T23:00:10
S0105130010004200102022020051322000220,冀G2258挂_1,2020-05-13T23:00:18
S0105130010004200101012020051322000102,冀C20V60_0,2020-05-13T23:00:13
S0105130010004200102022020051322000219,浙AV203挂_1,2020-05-13T23:00:11
S0105130010004200101042020051322000207,浙A5U399_1,2020-05-13T23:00:08
S0105130010004200102012020051322000092,冀BCV009_0,2020-05-13T23:00:04
S0105130010004200101022020051322000100,辽DDU868_0,2020-05-13T23:00:08
S0105130010004200102012020051322000095,冀C20V60_0,2020-05-13T23:00:15
S0105130010002200101042020051322000285,冀DT0738_1,2020-05-13T23:00:10
S0105130010002200102022020051322000269,辽AB07A挂_1,2020-05-13T23:00:11
S0105130010002200102012020051322000101,豫K5281A_0,2020-05-13T23:00:13
S0105130010002200102022020051322000268,冀JMY49挂_1,2020-05-13T23:00:09
S0105130010002200101042020051322000282,鲁AL9603_1,2020-05-13T23:00:02
S0105130010002200101042020051322000286,冀B0801N_1,2020-05-13T23:00:13
S0105130010002200102022020051322000265,浙AZ403挂_1,2020-05-13T23:00:01
S0105130010002200102022020051322000270,冀D946R挂_1,2020-05-13T23:00:13
S0105130010002200102012020051322000099,冀C48055_0,2020-05-13T23:00:03
S0105130010002200101012020051322000102,豫K5281A_0,2020-05-13T23:00:11
S0105130010002200101042020051322000283,冀JF8663_1,2020-05-13T23:00:04
S0105130010002200102022020051322000266,默A00000_9,2020-05-13T23:00:03
S0105130010002200102022020051322000267,鲁AB386挂_1,2020-05-13T23:00:06
S0105130010002200102012020051322000100,吉A187FQ_0,2020-05-13T23:00:08
S0105130010002200101022020051322000096,吉A187FQ_0,2020-05-13T23:00:06
S0105130010002200101042020051322000284,辽AJ4197_1,2020-05-13T23:00:07
G0095130050012200101032020051322000414,鲁B35025_1,2020-05-13T23:00:35
G0095130050012200101042020051322000413,TB35025_3,2020-05-13T23:00:35
G0095130050012200102022020051322000342,鲁BLU41挂_1,2020-05-13T23:00:44
G0095130050012200101042020051322000410,晋BX8674_1,2020-05-13T23:00:09
G0095130050012200101032020051322000412,京LBA282_0,2020-05-13T23:00:20
G0095130050012200102022020051322000337,京AW2299_1,2020-05-13T23:00:02
G0095130050012200101042020051322000412,豫NC4089_1,2020-05-13T23:00:25
G0095130050012200102012020051322000134,晋A876Q0_0,2020-05-13T23:00:10
G0095130050012200102022020051322000340,京LBA282_0,2020-05-13T23:00:23
G0095130050012200102022020051322000338,辽PV215挂_1,2020-05-13T23:00:07
G0095130050012200101042020051322000414,晋B32613_1,2020-05-13T23:00:38
G0095130050012200101012020051322000146,晋A876QD_0,2020-05-13T23:00:07
G0095130050012200101032020051322000410,辽PA2153_1,2020-05-13T23:00:03
G0095130050012200102022020051322000339,默A00000_9,2020-05-13T23:00:11
G0095130050012200102012020051322000133,冀F966FX_0,2020-05-13T23:00:02
G0095130050012200102022020051322000341,豫NUA28挂_1,2020-05-13T23:00:30
G0095130050012200101042020051322000415,晋BF0222_1,2020-05-13T23:00:41
G0095130050012200101032020051322000417,晋BQ6407_1,2020-05-13T23:00:55
G0111130020003100101032020051322000192,鲁Q012FF_1,2020-05-13T23:00:36
G0111130020003100102022020051322000158,默A00000_9,2020-05-13T23:00:39
G0025130030004200101042020051322000049,冀C3138M_0,2020-05-13T23:00:06
G0025130030004200101042020051322000050,粤A5Y00B_0,2020-05-13T23:00:10
G0025130030004200102022020051322000050,冀C3138M_0,2020-05-13T23:00:09
G0025130030003100101052020051322000106,苏CKZ113_1,2020-05-13T23:00:07
G0025130030010200101052020051322000080,冀H52218_1,2020-05-13T23:00:14
G0025130030010200102032020051322000084,冀HV285挂_1,2020-05-13T23:00:17
G0025130030010200101052020051322000081,冀H91529_1,2020-05-13T23:00:17
S0105130010003100101012020051322000105,辽LPC187_0,2020-05-13T23:00:32
S0105130010003100102022020051322000198,辽CW566挂_1,2020-05-13T23:00:40
S0105130010003100102012020051322000105,辽LPC187_0,2020-05-13T23:00:34
S0105130010003100102022020051322000197,浙AW345挂_1,2020-05-13T23:00:35
S0105130010003100101032020051322000202,晋K5268X_1,2020-05-13T23:00:31
G0004130010028200102012020051322000196,冀F36123_0,2020-05-13T23:00:10
G0004130010028200101022020051322000204,冀F36123_0,2020-05-13T23:00:08
G0004130010028200101032020051322000107,京JAY025_0,2020-05-13T23:00:10
G0004130010028200101032020051322000106,冀F598D2_0,2020-05-13T23:00:09
G0004130010028200101072020051322000283,湘DHR822_1,2020-05-13T23:00:09
G0005130060009100201032020051322000303,冀AR8883_1,2020-05-13T23:00:56
G0025130030003100101052020051322000107,冀HC2968_1,2020-05-13T23:00:29
G0025130030010200101052020051322000082,冀H86237_1,2020-05-13T23:00:38
S0010130010033100102022020051322000121,冀GC6115_1,2020-05-13T23:00:06
S0010130010035100101022020051322000136,默A00000_9,2020-05-13T23:00:08
S0010130010035100101032020051322000128,晋BT0438_1,2020-05-13T23:00:07
G0004130010028200102022020051322000105,冀FJ1959_0,2020-05-13T23:00:32
G0004130010028200102032020051322000206,冀F8M86挂_1,2020-05-13T23:00:22
G0004130010028200101032020051322000109,冀FJ1959_0,2020-05-13T23:00:30
G0004130010028200101082020051322000283,冀A9Z2U5_0,2020-05-13T23:00:32
G0004130010028200101012020051322000206,冀A8M9J6_0,2020-05-13T23:00:28
G0004130010028200102012020051322000198,冀A8M9J6_0,2020-05-13T23:00:32
G1013130010017100101032020051322000073,冀G73033_1,2020-05-13T23:00:16
G1013130010017100102022020051322000089,冀GF891挂_1,2020-05-13T23:00:19
G1013130010014200102022020051322000069,川WVQ092_0,2020-05-13T23:00:16
G1013130010014200101022020051322000088,默A00000_9,2020-05-13T23:00:13
G1013130010014200101022020051322000081,川WVQ092_0,2020-05-13T23:00:12
G0004130010028200101062020051322000215,冀AU8883_1,2020-05-13T23:00:33
G0004130010028200102032020051322000207,冀AU8883_1,2020-05-13T23:00:35
G0004130010028200102042020051322000278,冀A9Z2U5_0,2020-05-13T23:00:33
G0025130050004200102012020051323000001,川AX8T99_0,2020-05-13T23:00:04
G0025130050004200101022020051323000001,川AX8T99_0,2020-05-13T23:00:02
G0121130020005100101032020051323000001,默A00000_9,2020-05-13T23:00:05
G0121130020005100102022020051323000001,默A00000_9,2020-05-13T23:00:02
G0025130050008200101022020051323000001,冀B2J77N_0,2020-05-13T23:00:06
G0025130050009100101012020051323000003,冀B3D219_1,2020-05-13T23:00:10
G0025130050009100101012020051323000002,冀B0953T_1,2020-05-13T23:00:04
S0072130020008100102022020051323000001,晋ME1122_1,2020-05-13T23:00:02
G0003130040001100101022020051323000001,皖EAK630_0,2020-05-13T23:00:09
G0004130020002200101052020051323000001,陕AV2109_1,2020-05-13T23:00:09
G0004130020026200101072020051323000001,冀DT4305_1,2020-05-13T23:00:01
G0004130020026200102012020051323000001,冀A900DW_0,2020-05-13T23:00:08
G0004130020026200101072020051323000002,冀AV8836_1,2020-05-13T23:00:09
G0004130020026200101012020051323000001,冀A900DW_0,2020-05-13T23:00:07
G0004130020026200102042020051323000001,冀DP3D9挂_1,2020-05-13T23:00:05
G0004130020026200102032020051323000001,冀DS229K_0,2020-05-13T23:00:09
G0004130010001100201032020051323000001,浙FD675J_0,2020-05-13T23:00:06
G0004130010001100202012020051323000001,京PHE868_0,2020-05-13T23:00:05
G0004130010001100202022020051323000001,冀FD675J_0,2020-05-13T23:00:09
G0004130010001100201032020051323000002,贵AD3R73_0,2020-05-13T23:00:08
G0004130010001100201052020051323000001,鄂K0Q035_0,2020-05-13T23:00:09
G0004130010001100201022020051323000001,京PHE868_0,2020-05-13T23:00:02
G0004130010001100201042020051323000002,浙AD3R73_0,2020-05-13T23:00:09
G0004130010001100201042020051323000001,川FD675J_0,2020-05-13T23:00:07
G0045130030008200102032020051323000001,鲁NB2593_1,2020-05-13T23:00:01
G0005130020018200101062020051323000001,冀G95188_1,2020-05-13T23:00:01
G0005130020018200102032020051323000001,皖G95139_1,2020-05-13T23:00:04
G0005130020018200101052020051323000001,冀C95188_1,2020-05-13T23:00:01
G0004130010011100102022020051323000001,冀FRL767_0,2020-05-13T23:00:09
G0004130010011100101042020051323000001,冀FRL767_0,2020-05-13T23:00:07
G0004130010011100102012020051323000001,冀A27569_0,2020-05-13T23:00:07
G0004130010011100101012020051323000001,冀A27569_0,2020-05-13T23:00:06
G0004130010024200102022020051323000001,京Q688Y3_0,2020-05-13T23:00:09
G0004130010024200101082020051323000001,京FAE312_0,2020-05-13T23:00:06
G0004130010024200102042020051323000001,冀AW3762_1,2020-05-13T23:00:02
G0004130010024200102032020051323000001,默A00000_9,2020-05-13T23:00:04
G0004130010024200101042020051323000001,京Q688Y3_0,2020-05-13T23:00:07
G0045130030013100102032020051323000001,豫UA961挂_1,2020-05-13T23:00:08
G0045130030013100101052020051323000001,豫U73990_1,2020-05-13T23:00:05
G1812130020011100101032020051323000001,鲁HE5596_1,2020-05-13T23:00:07
G0045130040034200102032020051323000001,冀D17U2挂_1,2020-05-13T23:00:02
S0010130010031100101032020051323000001,鲁EF7050_5,2020-05-13T23:00:17
S0010130010031100101022020051323000001,默A00000_9,2020-05-13T23:00:17
S0010130010031100101012020051323000001,默A00000_9,2020-05-13T23:00:17
G0045130040025100101022020051323000001,豫PUK321_0,2020-05-13T23:00:09
G1812130010002200101012020051323000001,津ADY036_0,2020-05-13T23:00:18
G1812130010002200101032020051323000001,豫R609QH_0,2020-05-13T23:00:15
G1812130010002200102012020051323000001,津ADY036_0,2020-05-13T23:00:19
G1812130010002200102022020051323000001,豫R609QH_0,2020-05-13T23:00:19
G0025130050008200102012020051323000001,冀B53Y75_0,2020-05-13T23:00:15
G0004130020038200101022020051323000001,冀F689HV_0,2020-05-13T23:00:14
G0004130020038200102012020051323000001,冀F689HV_0,2020-05-13T23:00:16
G0095130070005100101042020051323000001,渝D60502_1,2020-05-13T23:00:20
G0095130070005100102022020051323000001,新FTR20挂_1,2020-05-13T23:00:11
S0075130050004200102022020051323000002,默A00000_9,2020-05-13T23:00:17
S0075130050004200101032020051323000002,晋L1508X_1,2020-05-13T23:00:20
S0075130050004200101042020051323000002,浙L1508X_1,2020-05-13T23:00:20
S0072130020007200101032020051323000001,冀D2E186_1,2020-05-13T23:00:14
S0072130020007200102022020051323000001,默A00000_9,2020-05-13T23:00:18
G0001130010037100101042020051323000002,默A00000_9,2020-05-13T23:00:20
G0001130010037100101032020051323000002,默A00000_9,2020-05-13T23:00:20
G0001130010037100101022020051323000003,京HBS003_0,2020-05-13T23:00:20
G0001130010009100102032020051323000003,辽AK4811_1,2020-05-13T23:00:16
G0001130010009100101062020051323000003,默A00000_9,2020-05-13T23:00:13
G0001130010009100101022020051323000002,冀CXH888_0,2020-05-13T23:00:18
G0001130010009100101052020051323000003,冀AK4811_1,2020-05-13T23:00:14
S0052130010003100102012020051323000001,冀H5556U_0,2020-05-13T23:00:14
S0052130010003100101012020051323000001,冀H5556U_0,2020-05-13T23:00:11
S0052130020002200102022020051323000001,冀B03LL挂_1,2020-05-13T23:00:11
G0004130020033100102012020051323000001,冀D56H98_0,2020-05-13T23:00:11
G0020130010029100101032020051323000003,冀ED7623_1,2020-05-13T23:00:15
G0020130010029100101032020051323000002,晋C6E033_0,2020-05-13T23:00:11
G0020130010029100102022020051323000003,冀ED7623_1,2020-05-13T23:00:18
G0020130010029100102022020051323000001,冀A36QN挂_1,2020-05-13T23:00:13
G0020130010029100102022020051323000002,晋C6E033_0,2020-05-13T23:00:14
G0001130010005100101022020051323000002,鲁K11W68_0,2020-05-13T23:00:14
G0001130010005100101042020051323000003,冀J3K383_1,2020-05-13T23:00:15
G0001130010005100102012020051323000002,鲁K11W68_0,2020-05-13T23:00:16
G0001130010005100102032020051323071266,辽CBG29挂_1,2020-05-13T23:00:14
G0004130010019100101012020051323000002,冀A9159J_0,2020-05-13T23:00:12
G0004130010019100102022020051323000001,冀FF089V_0,2020-05-13T23:00:13
G0004130010019100101062020051323000001,冀FE5261_1,2020-05-13T23:00:15
G0004130010019100101012020051323000003,冀F066LY_0,2020-05-13T23:00:20
G0004130010019100102012020051323000002,冀A9159J_0,2020-05-13T23:00:14
G0004130010019100102032020051323000001,冀FE5261_1,2020-05-13T23:00:18
G0004130010019100101042020051323000001,冀FF089V_0,2020-05-13T23:00:11
G1812130010021100102022020051323000003,冀FM4934_1,2020-05-13T23:00:13
G1812130010021100101032020051323000002,冀FM4934_1,2020-05-13T23:00:11
G0004130010042200101072020051323000001,冀GL3373_1,2020-05-13T23:00:15
G0004130010042200102012020051323000001,湘EM6479_0,2020-05-13T23:00:11
G2516130010012200102082020051323000002,冀ESD56挂_1,2020-05-13T23:00:11
G0004130010008200102012020051323000001,京Q71L73_0,2020-05-13T23:00:13
G0004130010008200102032020051323000001,豫HN7966_1,2020-05-13T23:00:19
G0004130010008200101012020051323000001,京Q71L73_0,2020-05-13T23:00:10
G0004130010008200101062020051323000001,豫HN7966_1,2020-05-13T23:00:15
G0018130020005100101022020051323000001,冀F56D10_0,2020-05-13T23:00:19
G0018130020005100101012020051323000001,贵F56D10_0,2020-05-13T23:00:19
S9902130010004200102012020051323000003,京P985C9_0,2020-05-13T23:00:14
S9902130010004200102012020051323000004,冀A6649A_0,2020-05-13T23:00:17
G0095130040002200201022020051323000001,辽PA0623_1,2020-05-13T23:00:16
S9902130010004200101032020051322000154,冀F291HR_0,2020-05-13T23:00:19
G0095130040002200102022020051323000001,冀A10WD7_0,2020-05-13T23:00:12
G0095130040002200101012020051323000001,辽F81D17_0,2020-05-13T23:00:16
G0095130040002200201012020051323000001,京MCU530_0,2020-05-13T23:00:15
G0001130010021100101042020051323000006,辽CF3587_1,2020-05-13T23:00:17
G0001130010021100101062020051323000003,吉G4A111_1,2020-05-13T23:00:18
G0001130010021100102022020051323000004,津CT177挂_1,2020-05-13T23:00:18
G0001130010021100101032020051323000005,默A00000_9,2020-05-13T23:00:17
G0001130010021100102022020051323000003,黑MZ092挂_1,2020-05-13T23:00:13
G0001130010021100101042020051323000003,黑ES6661_1,2020-05-13T23:00:10
G0001130010021100101042020051323000005,默A00000_9,2020-05-13T23:00:15
G0001130010021100102022020051323000005,辽CX286挂_1,2020-05-13T23:00:20
G0001130010021100101042020051323000004,冀C18207_1,2020-05-13T23:00:14
G0001130010021100101052020051323000002,冀A96095_1,2020-05-13T23:00:13
G0001130010021100102032020051323000002,冀A1X08挂_1,2020-05-13T23:00:19
G0004130010011100102022020051323000002,冀J1VW75_0,2020-05-13T23:00:13
G0004130010011100101042020051323000002,冀J1VW75_0,2020-05-13T23:00:11
G0004130010011100101012020051323000002,冀A6EJ08_0,2020-05-13T23:00:20
G0020130020007100101012020051323000001,黑A102WV_0,2020-05-13T23:00:15
G0020130020007100102042020051323000001,黑A102WV_0,2020-05-13T23:00:18
G0020130020007100101022020051323000003,鲁EE3589_1,2020-05-13T23:00:11
G0020130020007100102052020051323000003,鲁EBV96挂_1,2020-05-13T23:00:17
G0045130040002200102012020051323000003,冀F83D93_0,2020-05-13T23:00:08
G0045130040002200101012020051323000003,冀F83D93_0,2020-05-13T23:00:07
G0045130040002200101032020051323000001,冀B45167_0,2020-05-13T23:00:05
G0045130040002200102022020051323000001,冀B45167_0,2020-05-13T23:00:07
S0010130010031100102022020051323000002,默A00000_9,2020-05-13T23:00:27
S0010130010031100102032020051323000002,默A00000_9,2020-05-13T23:00:27
G0121130010005100102032020051323000001,默A00000_9,2020-05-13T23:00:22
G0007130010014200101072020051323000010,冀G78717_1,2020-05-13T23:00:23
G0007130010014200102092020051323000003,冀GK531挂_1,2020-05-13T23:00:26
G0025130010005100102022020051323000001,辽NL223挂_1,2020-05-13T23:00:21
G0003130040012200202012020051323000001,鲁AQ77T1_0,2020-05-13T23:00:28
G0003130040012200201012020051323000001,鲁AQ77T1_0,2020-05-13T23:00:26
G0003130040012200202022020051323000001,冀T78W35_0,2020-05-13T23:00:28
G0003130040012200201022020051323000001,冀T78W35_0,2020-05-13T23:00:26
G0001130010019100101062020051323000003,WJ80455_3,2020-05-13T23:00:23
G0001130010019100102032020051323000003,辽D4800挂_1,2020-05-13T23:00:26
G0001130010019100102012020051323000005,辽PX3036_0,2020-05-13T23:00:22
G0001130010019100101052020051323000003,BA80455_3,2020-05-13T23:00:23
G0007130010024200202062020051323000004,冀CS737挂_1,2020-05-13T23:00:27
G0007130010024200102062020051322000051,津DA997挂_1,2020-05-13T23:00:26
G0007130010024200201012020051322000019,鲁Q8759R_1,2020-05-13T23:00:30
G0007130010024200101072020051322000071,津CA5569_1,2020-05-13T23:00:23
G0007130010024200201052020051323000001,冀C15128_1,2020-05-13T23:00:23
S9902130030004200102012020051323000002,冀FA6E08_0,2020-05-13T23:00:29
S9902130030004200101012020051323000002,冀FA6E08_0,2020-05-13T23:00:27
G0045130030025100101052020051323000001,豫HN8635_1,2020-05-13T23:00:28
G0045130030025100102012020051323000001,冀D613BK_0,2020-05-13T23:00:30
G0045130030025100101022020051323000001,冀D613BK_0,2020-05-13T23:00:28
G1811130040004200102082020051323000001,鲁M3N86挂_1,2020-05-13T23:00:25
G1811130040004200101042020051323000001,鲁M3F830_1,2020-05-13T23:00:22
G1812130020023100101022020051323000001,默A00000_9,2020-05-13T23:00:23
S0072130030022100101042020051323000002,冀A0395Y_1,2020-05-13T23:00:27
G0045130010018200102032020051323000001,冀BQ601挂_1,2020-05-13T23:00:22
G0045130040025100102022020051323000002,冀DG2X2挂_1,2020-05-13T23:00:24
G0045130040025100102022020051323000003,豫JHD835_0,2020-05-13T23:00:26
G0045130040025100101042020051323000002,冀D0M557_1,2020-05-13T23:00:20
G0045130040025100101042020051323000003,豫JHD835_0,2020-05-13T23:00:23
G0045130040025100101022020051323000004,黑EQJ323_0,2020-05-13T23:00:27
G0045130040025100102012020051323000004,豫JVJ752_0,2020-05-13T23:00:25
G0045130040025100102032020051323000002,冀A96EV5_0,2020-05-13T23:00:25
G0045130040025100101052020051323000002,冀A96EV5_0,2020-05-13T23:00:22
G0045130040025100101022020051323000003,豫JVJ752_0,2020-05-13T23:00:23
G0045130040025100102012020051323000005,黑EQJ323_0,2020-05-13T23:00:29
G0022130050004200101042020051323000002,鲁DD7906_1,2020-05-13T23:00:37
G0022130050004200102022020051323000002,鲁P7H59挂_1,2020-05-13T23:00:31
G0022130050004200102022020051323000003,鲁DHB11挂_1,2020-05-13T23:00:40
G1811130020015100101042020051323000002,闽J19066_1,2020-05-13T23:00:34
S0064130010012200101052020051323000001,冀C32731_1,2020-05-13T23:00:37
S0064130010012200101062020051323000001,冀C39731_1,2020-05-13T23:00:37
G0018130030007100101032020051323000001,鲁E609EF_0,2020-05-13T23:00:37
G0095130100010200102022020051323000002,湘AC1517_1,2020-05-13T23:00:31
G0095130080005100101042020051323000001,津C22170_1,2020-05-13T23:00:40
G0018130010002200101032020051323000016,鲁HBX233_1,2020-05-13T23:00:32
G0018130010002200102022020051323000017,苏JHM11挂_1,2020-05-13T23:00:31
G1811130030005100101052020051323000001,冀T31286_1,2020-05-13T23:00:36
G1811130030005100102032020051323000001,冀EV572挂_1,2020-05-13T23:00:39
S0003130010014200101012020051323000001,鲁B60H91_0,2020-05-13T23:00:36
S0003130010014200102022020051323000002,晋B60H91_0,2020-05-13T23:00:38
S0003130010014200101042020051323000002,晋B60H91_0,2020-05-13T23:00:36
S0071130020002200101042020051323000004,冀T36539_1,2020-05-13T23:00:45
S0071130020002200102082020051323000009,冀L73B6挂_1,2020-05-13T23:00:47
S0071130020002200102082020051323000008,晋CE998挂_1,2020-05-13T23:00:44
G0045130040034200102032020051323000004,冀P6R89挂_1,2020-05-13T23:00:47
S0052130010005200101032020051323000001,冀B0078W_1,2020-05-13T23:00:53
G0025130010013100102022020051323000001,默A00000_9,2020-05-13T23:00:53
G0020130010023100101032020051323000004,冀F76VP5_0,2020-05-13T23:00:59
G0025130050004200101012020051323000003,冀GE0319_1,2020-05-13T23:00:47
G0020130010023100102012020051323000001,冀EKG021_0,2020-05-13T23:00:53
G0020130010023100101042020051323000002,鲁P18M89_0,2020-05-13T23:00:51
G0020130010023100101012020051323000001,冀EKG021_0,2020-05-13T23:00:51
G0020130010023100102022020051323000004,鲁P18M89_0,2020-05-13T23:00:54
G0002130010002200202022020051323000008,默A00000_9,2020-05-13T23:00:59
G0002130010002200201022020051323000006,冀T83981_1,2020-05-13T23:00:51
G0002130010002200202022020051323000007,冀T83981_1,2020-05-13T23:00:55
G0002130010002200201022020051323000007,冀J9GA61_0,2020-05-13T23:00:54
G0002130010002200201022020051323000008,鲁H22V13_1,2020-05-13T23:00:56
G0121130010010200102032020051323000004,冀DK732挂_1,2020-05-13T23:00:55
G0121130010010200102032020051323000003,冀B23P0挂_1,2020-05-13T23:00:52
G0121130010010200101032020051323000003,蒙D75064_1,2020-05-13T23:00:52
G0020130020005100101042020051323000006,鲁NC9185_1,2020-05-13T23:00:55
G0020130020005100102082020051323000004,默A00000_9,2020-05-13T23:00:50
G0020130020005100102082020051323000005,默A00000_9,2020-05-13T23:00:52
G0095130070003100101042020051405000113,豫FA0836_1,2020-05-13T23:00:42
G0018130020010200101032020051323000020,冀RC8375_1,2020-05-13T23:00:57
G0018130020010200101032020051323000019,蒙J87698_1,2020-05-13T23:00:55
G0018130020010200101042020051323000007,冀BC8375_1,2020-05-13T23:00:57
G0018130020010200102022020051323000028,冀RJ801挂_1,2020-05-13T23:00:59
G0018130020010200101042020051323000006,蒙A87698_1,2020-05-13T23:00:55
G0018130020010200101032020051323000018,豫C9M053_0,2020-05-13T23:00:53
G0018130020010200101042020051323000005,渝C9M053_0,2020-05-13T23:00:53
G0018130020010200102022020051323000026,津C9W053_0,2020-05-13T23:00:55
G0018130020010200102022020051323000027,蒙JZ886挂_1,2020-05-13T23:00:57
G0005130050004200101042020051323000001,辽A98LU1_0,2020-05-13T23:00:42
G0004130020023100101032020051323000005,冀DK0R03_0,2020-05-13T23:00:46
G0095130060001100102022020051323000001,冀J4X35挂_1,2020-05-13T23:00:40
G2516130010017100102082020051323000007,鲁DW578F_0,2020-05-13T23:00:56
G2516130010017100101042020051323000007,鲁DW578F_0,2020-05-13T23:00:54
G2516130010017100101032020051323000007,豫DW578F_0,2020-05-13T23:00:54
G0020130020008200102052020051323000003,冀CD2769_1,2020-05-13T23:00:57
G0020130020008200101022020051323000002,皖CD2769_1,2020-05-13T23:00:53
G1811130030007100101062020051323000002,鲁A6P5J9_0,2020-05-13T23:00:41
G2516130010017100101032020051323000006,蒙JA3770_1,2020-05-13T23:00:46
G0004130010024200102042020051323000002,默A00000_9,2020-05-13T23:00:14
S0003130010013100102012020051323000001,默A00000_9,2020-05-13T23:00:05
S0003130010013100101012020051323000001,默A00000_9,2020-05-13T23:00:01
S0003130010013100101022020051322000022,默A00000_9,2020-05-13T23:00:01
G0004130010028200101082020051323000001,冀A862AE_1,2020-05-13T23:00:47
G0004130010028200101022020051323000001,冀FD195V_0,2020-05-13T23:00:45
G0004130010028200101032020051323000001,冀RR0015_0,2020-05-13T23:00:43
G0004130010028200102012020051323000001,冀FD195V_0,2020-05-13T23:00:46
G0004130010028200102022020051323000001,冀RR0015_0,2020-05-13T23:00:45
G0004130010028200102042020051323000001,陕ATB44挂_1,2020-05-13T23:00:50
G0004130010046200102032020051323000001,辽PY586挂_1,2020-05-13T23:00:10
G0004130010046200101052020051323000001,辽PC4996_1,2020-05-13T23:00:07
G0007130010014200101072020051323000009,冀GM7738_1,2020-05-13T23:00:02
G0020130010018200101012020051323000001,冀AX53M5_0,2020-05-13T23:00:07
G0020130010018200102022020051323000001,晋A2DJ91_0,2020-05-13T23:00:01
G0020130010018200102012020051323000002,冀AX53M5_0,2020-05-13T23:00:09
G0020130010018200102012020051323000001,冀AK1T07_0,2020-05-13T23:00:01
G0020130010018200101032020051323000001,鲁H77G23_1,2020-05-13T23:00:02
G0020130010018200102022020051323000002,鲁H2C73挂_1,2020-05-13T23:00:05
S0075130050006200101032020051323000001,冀ER9570_1,2020-05-13T23:00:07
G0025130040007100101012020051323000001,吉GC5445_1,2020-05-13T23:00:08
G0001130010038200102022020051322000181,默A00000_9,2020-05-13T23:00:02
G1811130010018200101032020051323000001,冀J9A925_1,2020-05-13T23:00:08
G1811130010018200101042020051323000001,冀DY4425_1,2020-05-13T23:00:04
S9902130010006200101042020051323000005,冀A09MG1_0,2020-05-13T23:00:08
G0018130010004100101012020051323000001,豫C022CU_0,2020-05-13T23:00:07
G0018130010004100102012020051323000007,豫C022CU_0,2020-05-13T23:00:08
G0018130010004100101032020051323000032,冀GN0938_1,2020-05-13T23:00:09
G0001130010004200102032020051322000410,默A00000_9,2020-05-13T23:00:01
G0001130010004200101062020051323000002,默A00000_9,2020-05-13T23:00:10
G0001130010004200101052020051323000003,默A00000_9,2020-05-13T23:00:10
G0001130010004200102032020051323000002,默A00000_9,2020-05-13T23:00:07
G0001130010004200101032020051323000002,冀BS2218_1,2020-05-13T23:00:06
G0001130010004200101062020051322000409,辽K4A765_1,2020-05-13T23:00:01
G0005130050006200101052020051323000001,冀A1297M_1,2020-05-13T23:00:04
G0005130050006200102112020051323000002,豫PPY24挂_1,2020-05-13T23:00:07
G0005130050006200101062020051323000001,冀A1297H_1,2020-05-13T23:00:03
G0045130030022200101042020051323000001,鲁PN2126_1,2020-05-13T23:00:05
G1812130010004200102022020051322000183,豫S5289挂_1,2020-05-13T23:00:01
G0001130010005100101062020051322000423,晋J5022A_1,2020-05-13T23:00:01
G0001130010005100102032020051323071264,辽C0550挂_1,2020-05-13T23:00:07
G0001130010005100101042020051323000002,辽CD1970_1,2020-05-13T23:00:06
G0001130010005100102022020051323000002,辽CB111挂_1,2020-05-13T23:00:09
G0001130010005100101052020051322073079,晋J50222_1,2020-05-13T23:00:01
G0001130010005100102032020051323071265,冀A8261挂_1,2020-05-13T23:00:08
G0001130010005100101052020051323072680,默A00000_9,2020-05-13T23:00:08
G0001130010005100102032020051322071595,鲁QQH85挂_1,2020-05-13T23:00:01
G0001130010005100101052020051323072681,辽CC8876_1,2020-05-13T23:00:10
G0004130010019100101012020051323000001,冀ALB238_0,2020-05-13T23:00:03
G0004130010019100102042020051323000001,冀EV3625_1,2020-05-13T23:00:02
G0004130010019100102012020051323000001,冀ALB238_0,2020-05-13T23:00:04
G0025130030002200101012020051323000001,冀H2213N_0,2020-05-13T23:00:04
G0025130030002200102012020051323000001,冀H2213N_0,2020-05-13T23:00:07
G2002130010004100101052020051322000462,冀A0K793_1,2020-05-13T23:00:04
G2002130010004100101082020051323000001,默A00000_9,2020-05-13T23:00:04
G2002130010004100101022020051323000002,冀A2P2Y3_0,2020-05-13T23:00:10
G2002130010004100102032020051323000002,冀APW26挂_1,2020-05-13T23:00:05
G2002130010004100101022020051323000001,冀A404RT_0,2020-05-13T23:00:04
G2002130010004100101062020051323000002,晋H67553_1,2020-05-13T23:00:09
G2002130010004100101062020051323000001,冀AM7416_1,2020-05-13T23:00:04
G2002130010004100102012020051323000004,冀A404RT_0,2020-05-13T23:00:04
G2002130010004100102032020051323000001,冀A85SN挂_1,2020-05-13T23:00:04
S0072130010006100101142020051323000002,鲁N87139_1,2020-05-13T23:00:05
S0072130010006100101132020051323000003,冀TJ3P92_0,2020-05-13T23:00:09
S0072130010006100101142020051323000001,默A00000_9,2020-05-13T23:00:02
S0072130010006100102222020051323000003,冀AMR69挂_1,2020-05-13T23:00:09
S0072130010006100101132020051323000001,默A00000_9,2020-05-13T23:00:02
S0072130010006100102222020051323000001,冀T138T挂_1,2020-05-13T23:00:03
S0072130010006100102222020051323000002,冀JWE82挂_1,2020-05-13T23:00:06
G2002130010007200101012020051323000001,冀F6SB20_0,2020-05-13T23:00:08
G2002130010007200102012020051323000001,冀F6SB20_0,2020-05-13T23:00:09
G0020130010002200101022020051323000001,冀A03JV8_0,2020-05-13T23:00:10
G0004130010022200101052020051323000001,沪EB3571_1,2020-05-13T23:00:10
G0045130040027100101042020051323000001,豫J18S93_0,2020-05-13T23:00:07
G0045130040027100101052020051323000001,京LHY919_0,2020-05-13T23:00:10
G1812130020003100102022020051323000001,默A00000_9,2020-05-13T23:00:31
G2002130020001100102132020051323000002,默A00000_9,2020-05-13T23:00:12
G2002130020001100101062020051323000003,鲁Q263AF_1,2020-05-13T23:00:16
G2002130020001100102132020051323000003,藏C8EX8挂_1,2020-05-13T23:00:19
G0004130010006200101032020051323000001,晋L2156A_0,2020-05-13T23:00:15
G0004130010006200102012020051323000001,黑C3221G_0,2020-05-13T23:00:14
G0004130010006200101022020051323000001,黑C3221G_0,2020-05-13T23:00:11
G0004130010006200102022020051323000001,晋L2156A_0,2020-05-13T23:00:18
G0004130020021100101062020051323000003,冀FM2062_1,2020-05-13T23:00:19
G0004130020021100101032020051323000003,冀AY3X70_0,2020-05-13T23:00:10
G0004130020021100102022020051323000003,冀AY3X70_0,2020-05-13T23:00:12
G0025130040007100102012020051323000001,吉GC5445_1,2020-05-13T23:00:11
G0121130020010200102021970010721000086,鲁BDU99挂_1,2020-05-13T23:00:12
G0001130010035100101052020051323000003,默A00000_9,2020-05-13T23:00:18
G0001130010035100101062020051323072754,默A00000_9,2020-05-13T23:00:18
G1811130020020200102022028062406000715,默A00000_9,2020-05-13T23:00:13
G0006130020014200101012020051323000002,京N0TA93_0,2020-05-13T23:00:11
G0025130010006200101012020051323000001,辽NBN286_0,2020-05-13T23:00:15
G0111130010030203001042020051323000002,默A00000_9,2020-05-13T23:00:18
G0111130010030203001042020051323000001,沪DR0336_1,2020-05-13T23:00:18
G0111130010030203001032020051323000002,默A00000_9,2020-05-13T23:00:19
G0045130030019100101052020051323000002,鲁FAN605_1,2020-05-13T23:00:19
G0045130030019100102012020051323000002,鲁R2M50S_0,2020-05-13T23:00:18
G0045130030019100101022020051323000002,鲁R2M50S_0,2020-05-13T23:00:16
G1811130040006200102082020051323000004,晋A6HG01_0,2020-05-13T23:00:15
G1811130040006200101032020051323000004,冀FN5577_1,2020-05-13T23:00:19
G1811130040006200102082020051323000003,默A00000_9,2020-05-13T23:00:11
G1811130040006200101042020051323000003,晋A6HG01_0,2020-05-13T23:00:13
G2516130010019100102082020051323000002,默A00000_9,2020-05-13T23:00:15
G2516130010019100101042020051323000002,冀ER5881_1,2020-05-13T23:00:16
G0004130010020200102012020051323000001,晋M2R771_0,2020-05-13T23:00:16
G0004130010020200101022020051323000001,晋M2R771_0,2020-05-13T23:00:15
G0045130030035100102012020051323000003,默A00000_9,2020-05-13T23:00:11
G0045130030035100101062020051323000002,鲁A5G28V_0,2020-05-13T23:00:18
G9511130010008200101032020051323000001,冀FT1573_1,2020-05-13T23:00:14
G9511130010008200102022020051323000002,冀FVE22挂_1,2020-05-13T23:00:17
G0022130050014200101052020051323000001,鲁PQ1679_1,2020-05-13T23:00:16
G0022130050014200101072020051323000001,冀D6F901_1,2020-05-13T23:00:11
G0022130050014200102042020051323000002,冀DM0E5挂_1,2020-05-13T23:00:13
S0071130010005100102072020051323000001,冀AX18N7_0,2020-05-13T23:00:13
G0022130050014200101032020051323000001,冀DW5516_1,2020-05-13T23:00:13
G0022130050014200102032020051323000001,冀J03D5挂_1,2020-05-13T23:00:18
S0071130010005100101012020051323000001,冀AX18N7_0,2020-05-13T23:00:11
S0071130010005100102082020051323000001,冀A29KN挂_1,2020-05-13T23:00:12
S0071130010005100101042020051323000002,冀ASL201_1,2020-05-13T23:00:19
S0071130010005100102082020051323000002,冀A65BK挂_1,2020-05-13T23:00:19
G0022130030007100101012020051323000001,冀DDE163_0,2020-05-13T23:00:15
S0071130010005100101032020051323000001,冀AM8092_1,2020-05-13T23:00:14
G0022130030007100101062020051323000010,鲁PP9355_1,2020-05-13T23:00:18
G0022130030007100102012020051323000001,冀DDE163_0,2020-05-13T23:00:17
G0022130030007100101032020051323000001,鲁ND9775_1,2020-05-13T23:00:20
G0002130010003100101042020051323000002,豫FB6322_1,2020-05-13T23:00:19
G0002130010003100101042020051323000001,皖C83745_1,2020-05-13T23:00:11
G0002130010003100102022020051323000001,皖CN507挂_1,2020-05-13T23:00:14
G0004130010004200101072020051323000006,默A00000_9,2020-05-13T23:00:16
G0004130010004200101072020051323000005,默A00000_9,2020-05-13T23:00:15
G0004130010004200101062020051323000003,冀D8H271_1,2020-05-13T23:00:13
G0004130010004200101072020051323000004,默A00000_9,2020-05-13T23:00:10
G0004130010004200102022020051323000001,冀F21HK9_0,2020-05-13T23:00:15
G0095130060004200101012020051323000001,冀F29ZK9_0,2020-05-13T23:00:14
G0095130060004200101042020051323000001,冀FQ2322_1,2020-05-13T23:00:12
G0095130060004200101042020051323000002,冀F262D9_0,2020-05-13T23:00:14
G0095130060004200102022020051323000001,冀FQ2322_1,2020-05-13T23:00:14
G0095130060004200101042020051323000003,津C78210_1,2020-05-13T23:00:18
G0004130010010200102022020051323000002,冀F130CV_0,2020-05-13T23:00:17
G0004130010010200101032020051323000002,冀F130CV_0,2020-05-13T23:00:15
G1013130010001100201032020051323000001,辽PM166挂_1,2020-05-13T23:00:22
G0121130020010200101042020051323000002,冀C8H987_0,2020-05-13T23:00:23
G0121130020010200102021970010722000001,冀C8H987_0,2020-05-13T23:00:26
S0071130020003100102082020051323000001,冀AW283挂_1,2020-05-13T23:00:22
G0018130030001100101042020051323000001,晋HR4674_1,2020-05-13T23:00:27
G0002130010003100101012020051323000001,鲁G069RD_0,2020-05-13T23:00:24
G0002130010003100102022020051323000002,豫FB6322_1,2020-05-13T23:00:22
G0002130010003100102012020051323000001,鲁G069RD_0,2020-05-13T23:00:26
G0003130020002200102022020051323000003,京Q71MD1_0,2020-05-13T23:00:25
G0003130020002200101042020051323000003,京Q71MD1_0,2020-05-13T23:00:23
G0004130020042200102042020051323000002,默A00000_9,2020-05-13T23:00:26
G0004130020042200101072020051323000002,默A00000_9,2020-05-13T23:00:22
G0004130020042200101082020051323000002,默A00000_9,2020-05-13T23:00:22
S0071130010005100102072020051323000002,冀A35X35_0,2020-05-13T23:00:23
S0071130010005100102082020051323000003,冀AQ326挂_1,2020-05-13T23:00:21
S0071130010005100101012020051323000002,冀A35X35_0,2020-05-13T23:00:21
G0020130010003100101042020051323000003,冀EE0533_1,2020-05-13T23:00:23
G0020130010003100102022020051323000003,冀BE0533_1,2020-05-13T23:00:26
G0003130020016200101062020051323000002,鲁GZ5586_1,2020-05-13T23:00:24
G0003130020016200102032020051323000002,鲁GZ5586_1,2020-05-13T23:00:27
G0004130020025100102032020051323000003,赣C9673X_1,2020-05-13T23:00:23
G0004130020025100101062020051323000003,辽J33678_1,2020-05-13T23:00:30
G0004130020025100102042020051323000001,冀AZZ68挂_1,2020-05-13T23:00:23
G0004130020025100101052020051323000003,辽J33618_1,2020-05-13T23:00:30
G0004130020025100101052020051323000002,赣C9673X_1,2020-05-13T23:00:20
G1812130010014200102032020051323000002,默A00000_9,2020-05-13T23:00:27
G1812130010014200101032020051323000006,晋BB9807_1,2020-05-13T23:00:26
G1812130010014200102022020051323000005,豫BUP50挂_1,2020-05-13T23:00:21
G1812130010014200102032020051323000001,默A00000_9,2020-05-13T23:00:22
G1812130010014200101032020051323000007,晋BW9494_1,2020-05-13T23:00:30
G0018130050001100202022020051323000004,晋A720KV_0,2020-05-13T23:00:22
G0018130050001100201022020051323000004,蒙JAM654_0,2020-05-13T23:00:24
G0018130050001100202022020051323000005,蒙JAM654_0,2020-05-13T23:00:29
G0018130050001100202022020051323000003,默A00000_9,2020-05-13T23:00:21
G0025130050005100102012020051323000002,冀CW920挂_1,2020-05-13T23:00:03
G0025130050005100102012020051323000003,默A00000_9,2020-05-13T23:00:04
G0025130050005100102012020051323000006,辽C6505V_0,2020-05-13T23:00:10
G0025130050005100102012020051323000004,默A00000_9,2020-05-13T23:00:06
G0025130050005100102012020051323000001,默A00000_9,2020-05-13T23:00:03
G0025130050005100101022020051323000004,冀JJ5811_1,2020-05-13T23:00:25
G0025130050005100102012020051323000005,辽NV8220_1,2020-05-13T23:00:09
G0025130050005100102012020051323000007,桂CC309挂_1,2020-05-13T23:00:30
G0025130050005100101022020051323000001,冀B8901J_1,2020-05-13T23:00:01
G0025130050005100101022020051323000002,辽NV8220_1,2020-05-13T23:00:04
G0025130050005100101022020051323000003,辽C6505V_0,2020-05-13T23:00:06
G1811130040006200101042020051323000005,冀AX9076_1,2020-05-13T23:00:23
G1811130040006200102082020051323000006,冀AX864挂_1,2020-05-13T23:00:27
G1811130040006200102082020051323000005,冀ALN95挂_1,2020-05-13T23:00:22
G2002130010009200102032020051323000001,蒙B75Y65_0,2020-05-13T23:00:23
S0072130030002100102012020051323000002,冀E8792X_0,2020-05-13T23:00:28
S0072130030002100101022020051323000002,冀E8792X_0,2020-05-13T23:00:26
G9511130010012200101032020051323000001,辽HL8288_1,2020-05-13T23:00:21
G0018130020009100102022020051323000004,闽H5232挂_1,2020-05-13T23:00:26
G0018130020009100101042020051323000014,默A00000_9,2020-05-13T23:00:21
G0018130020009100101032020051323000004,皖KR7005_1,2020-05-13T23:00:23
G0018130020009100101042020051323000013,默A00000_9,2020-05-13T23:00:21
G0018130020009100102022020051323000003,津DN529挂_1,2020-05-13T23:00:22
G0018130020009100102012020051323000001,京NF6605_0,2020-05-13T23:00:30
G0018130020009100101022020051323000006,京NF6605_0,2020-05-13T23:00:28
S0075130040009100101042020051323000003,冀F9SS72_0,2020-05-13T23:00:26
G0004130020006200101052020051323000002,冀GS3963_0,2020-05-13T23:00:28
G0004130020006200102012020051323000001,冀T6872A_1,2020-05-13T23:00:29
G0004130020006200101072020051323000003,浙A6V395_1,2020-05-13T23:00:25
G0004130020006200101012020051323000001,冀T6872A_0,2020-05-13T23:00:27
G0004130020006200102042020051323000003,湘AC842挂_1,2020-05-13T23:00:28
G0045130030029100102032020051323000004,冀A57DN3_0,2020-05-13T23:00:21
G0045130030029100101042020051323000002,辽ABW806_1,2020-05-13T23:00:20
G0045130030029100101052020051323000004,冀FM9361_1,2020-05-13T23:00:27
G0045130030029100102022020051323000001,辽ABW806_1,2020-05-13T23:00:24
G0045130030001100101022020051323000002,京AHF821_1,2020-05-13T23:00:27
G0045130030001100201012020051323000001,冀F59QG7_0,2020-05-13T23:00:24
G0045130030001100202012020051323000001,冀F59QG7_0,2020-05-13T23:00:26
G0020130020007100201022020051323000001,鲁MBT998_1,2020-05-13T23:00:21
G0020130020007100102052020051323000004,青K67V6挂_1,2020-05-13T23:00:28
G0020130020007100201022020051323000002,鲁PB0557_1,2020-05-13T23:00:25
G0020130020007100101022020051323000005,晋KZ2192_1,2020-05-13T23:00:25
G0020130020007100101022020051323000004,晋KV4307_1,2020-05-13T23:00:22
G0045130040027100101062020051323000003,浙A8S229_1,2020-05-13T23:00:20
G0045130040027100102032020051323000002,豫JVW121_0,2020-05-13T23:00:21
G0045130040027100102032020051323000003,浙AU269挂_1,2020-05-13T23:00:24
G0045130040027100101012020051323000001,冀D758NZ_0,2020-05-13T23:00:29
G0045130040002200102032020051323000001,冀J6C800_1,2020-05-13T23:00:13
G0045130040002200101072020051323000001,豫PYQ105_0,2020-05-13T23:00:11
G0045130040002200102042020051323000001,豫PYQ105_0,2020-05-13T23:00:14
G0045130040002200101062020051323000001,冀J6C800_1,2020-05-13T23:00:11
G1013130010014200102022020051323000001,鄂A1JG26_0,2020-05-13T23:00:52
G0045130040015100101052020051323000003,黑D86433_1,2020-05-13T23:00:27
G0045130040015100102012020051323000001,冀DU358Y_0,2020-05-13T23:00:25
G0045130040015100102032020051323000001,冀J5F651_1,2020-05-13T23:00:22
G0045130040015100101012020051323000001,冀DU358Y_0,2020-05-13T23:00:23
G0022130030001100102012020051323000003,苏DFM83挂_1,2020-05-13T23:00:35
G0022130030001100102022020051323000005,鲁DD6508_1,2020-05-13T23:00:34
G0022130030001100101032020051323000006,冀D6A557_1,2020-05-13T23:00:34
G0022130030001100101032020051323000005,冀DD6508_1,2020-05-13T23:00:31
G0022130030001100102022020051323000004,苏CEM83挂_1,2020-05-13T23:00:32
G0022130050002200102022020051323000001,晋LH0773_1,2020-05-13T23:00:35
G0095130040002200202022020051323000002,冀A10WD7_0,2020-05-13T23:00:34
G0095130040002200102032020051400002612,浙M312L挂_1,2020-05-13T23:00:33
G0095130040002200201022020051323000002,冀A10WD7_0,2020-05-13T23:00:30
G0095130040002200102032020051400002611,默A00000_9,2020-05-13T23:00:31
G0025130040011100102012020051323000001,鄂S117B2_1,2020-05-13T23:00:05
G0025130040011100101012020051323000001,鄂S817B2_1,2020-05-13T23:00:02
G0095130100013100102022031031100002317,冀GVY575_0,2020-05-13T23:00:31
S9902130030005100102022020051323000002,冀A861JX_0,2020-05-13T23:00:36
S9902130030005100101032020051323000002,冀A861JX_0,2020-05-13T23:00:34
G0003130020005100102022020051323000002,京AJG038_1,2020-05-13T23:00:40
G0003130020005100101012020051323000003,冀RD9M61_0,2020-05-13T23:00:31
G0003130020005100101042020051323000002,京AJG038_1,2020-05-13T23:00:35
G0004130020037100102042020051323000002,冀E253J挂_1,2020-05-13T23:00:30
G0004130020037100102032020051323000002,冀AX8A92_0,2020-05-13T23:00:32
G0004130020025100101072020051323000002,晋L35822_1,2020-05-13T23:00:33
G0004130020025100102032020051323000004,辽J7666挂_1,2020-05-13T23:00:32
G0004130020025100102042020051323000002,晋LA177挂_1,2020-05-13T23:00:37
G1811130040005100101032020051323000005,冀ATK051_1,2020-05-13T23:00:32
G1811130040005100102082020051323000004,默A00000_9,2020-05-13T23:00:35
G1811130040005100102082020051323000005,冀A99GX挂_1,2020-05-13T23:00:37
G1811130040005100102082020051323000003,冀AK199挂_1,2020-05-13T23:00:30
G0006130010003100101042020051323000001,津RLK716_0,2020-05-13T23:00:38
S0072130030004100102022020051323000003,冀EDZ16挂_1,2020-05-13T23:00:35
S0072130030004100102022020051323000004,晋LGU18挂_1,2020-05-13T23:00:37
G0005130020023100102032020051323000002,粤CM572挂_1,2020-05-13T23:00:31
G0005130020023100101062020051323000003,晋AP2585_1,2020-05-13T23:00:36
G1812130010005100101032020051323000001,鲁A3H57A_0,2020-05-13T23:00:32
G1812130010005100102022020051323000001,鲁A3H57A_0,2020-05-13T23:00:32
G9511130010013100101042020051323000001,辽P77180_1,2020-05-13T23:00:35
G9511130010013100102022020051323000001,辽PS169挂_1,2020-05-13T23:00:38
S0072130010003200102222020051323000001,默A00000_9,2020-05-13T23:00:32
G0018130020006200101042020051323000001,藏C72831_1,2020-05-13T23:00:33
G0018130020006200101032020051323000001,浙C74831_1,2020-05-13T23:00:33
G0018130020006200102022020051323000001,辽CM419挂_1,2020-05-13T23:00:38
G0005130060003100102112020051323000019,冀A0E26挂_1,2020-05-13T23:00:02
G0005130060003100101072020051322000242,冀A55G53_1,2020-05-13T23:00:08
G2516130020007100102022020051323000006,冀E106L挂_1,2020-05-13T23:00:40
G2516130020007100102022020051323000005,冀A94HF挂_1,2020-05-13T23:00:32
G2516130020007100101042020051323000004,冀EU9419_1,2020-05-13T23:00:37
G2516130020007100102022020051323000004,冀DG0G0挂_1,2020-05-13T23:00:30
G0025130050007100102012020051323000002,默A00000_9,2020-05-13T23:00:45
S0075130040018200102012020051323000001,冀AN680D_0,2020-05-13T23:00:46
S0075130040018200101022020051323000001,冀AN680D_0,2020-05-13T23:00:44
G2002130020002200102142020051323000004,鲁PUP23挂_1,2020-05-13T23:00:49
G0022130050004200101022020051323000002,冀D356YU_0,2020-05-13T23:00:41
G0025130050003100101022020051323000002,京KKQ221_0,2020-05-13T23:00:51
G0025130050003100102012020051323000002,京KKQ221_0,2020-05-13T23:00:54
G0001130010008200101052020051323000006,默A00000_9,2020-05-13T23:00:58
G0001130010008200101062020051323000005,默A00000_9,2020-05-13T23:00:50
G0001130010008200101052020051323000007,默A00000_9,2020-05-13T23:00:59
G0001130010008200101062020051323000006,默A00000_9,2020-05-13T23:00:58
G0001130010008200102032020051323000005,鲁LD822挂_1,2020-05-13T23:00:54
G0025130010010200102032020051323000002,冀TBR759_0,2020-05-13T23:00:51
G0004130020039100101062020051323000005,沪ER1561_1,2020-05-13T23:00:58
G0004130020039100101052020051323000004,冀EV3818_1,2020-05-13T23:00:51
G0004130020039100101052020051323000005,冀FE6167_1,2020-05-13T23:00:54