G0004130010021100102020051323100002,冀A79DT9_0,2020-05-13T23:00:14
G0004130010021100102020051323100001,冀FJG627_0,2020-05-13T23:00:07
S0072130010001200102020051323100001,鲁NC9030_1,2020-05-13T23:00:38
S0072130010002100102020051323300001,冀FA8861_0,2020-05-13T23:00:14
G0001130010040200202020051323300009,辽PB7743_1,2020-05-13T23:00:55
G0018130010005100102020051323300014,鲁MT222M_0,2020-05-13T23:00:49
G0018130010005100102020051323300022,鲁MW8999_1,2020-05-13T23:00:58
G0018130010005100102020051323300018,冀J5Y618_1,2020-05-13T23:00:56
G0095130060003100102020051323100003,晋BX5684_9,2020-05-13T23:00:33
G0018130010005100102020051323300010,冀F6EB56_0,2020-05-13T23:00:43
G0018130010005100202020051323300013,黑LE9672_1,2020-05-13T23:00:48
G2516130010020200102020051323300004,鲁H31D71_1,2020-05-13T23:00:41
G0001130020041100102020051323100005,津CU9188_0,2020-05-13T23:00:57
G0003130020003100102020051323300001,冀R2W1P2_0,2020-05-13T23:00:50
G0045130010002200202020051323100003,蒙D9732K_0,2020-05-13T23:00:35
G0045130030030200102020051323300009,冀DS2017_1,2020-05-13T23:00:44
G0003130010006200102020051323100004,津C09979_1,2020-05-13T23:01:35
G0045130010001100102020051323300001,蒙DPL328_0,2020-05-13T23:00:48
G0045130030020200102020051323300007,辽GJ8772_1,2020-05-13T23:00:48
G0005130030004200102020051323300003,京AGZ993_1,2020-05-13T23:00:45
G0045130030017100102020051323100007,冀JG6193_0,2020-05-13T23:00:52
G0020130010015100102020051323300004,冀EGL544_0,2020-05-13T23:00:36
G0045130030020200102020051323100002,冀R5L8N8_0,2020-05-13T23:00:30
G0018130010001100102020051323100007,京M87599_0,2020-05-13T23:00:44
G0045130030017100102020051323100004,冀B8F23P_0,2020-05-13T23:00:35
S0072130030011200102020051323300004,冀EK0180_1,2020-05-13T23:00:33
G0045130030017100102020051323300007,冀TY6K58_0,2020-05-13T23:00:44
G0045130030017100102020051323300006,京AFK719_1,2020-05-13T23:00:40
G0004130020006200102020051323300007,冀EZV999_0,2020-05-13T23:00:48
G0001130010008200102020051323300007,辽P74580_1,2020-05-13T23:00:54
G0001130010008200102020051323300006,辽GB7681_1,2020-05-13T23:00:52
G0045130030018200102020051323300006,冀F9ZUH6_0,2020-05-13T23:00:43
G0005130030003100102020051323300005,冀ER6770_1,2020-05-13T23:00:55
G1812130020007100102020051323300002,冀FH8392_1,2020-05-13T23:00:54
G0018130010001200102020051323300006,京AW8078_1,2020-05-13T23:00:45
G0045130030005100102020051323100004,冀A00NG3_0,2020-05-13T23:00:53
G0045130030017100102020051323100005,京MJX793_0,2020-05-13T23:00:44
G0111130010005100502020051323300004,冀EV3357_1,2020-05-13T23:00:43
G1812130020008200102020051323100002,晋JL5228_9,2020-05-13T23:00:46
S0071130020005100102020051323300002,冀DY191B_0,2020-05-13T23:00:45
G0001130010008200102020051323100008,辽CD2082_1,2020-05-13T23:00:37
G0018130010001200202020051323300007,冀J8B069_1,2020-05-13T23:00:37
G0001130010008200102020051323300008,辽GN1885_1,2020-05-13T23:00:56
G0020130010007100102020051323300004,鲁JB2778_1,2020-05-13T23:00:28
G0004130020002200102020051323300002,津C73309_1,2020-05-13T23:00:35
G0005130030001100102020051323300002,晋M82880_1,2020-05-13T23:00:33
G0020130010015100102020051323300003,晋A788WM_0,2020-05-13T23:00:31
G0045130030032200102020051323300009,冀R66PJ1_0,2020-05-13T23:00:43
G0045130030005100102020051323300008,苏EFW420_0,2020-05-13T23:00:53
G0018130010001200202020051323100006,鲁M527B9_0,2020-05-13T23:00:52
G0005130030001100102020051323300003,晋JE3232_1,2020-05-13T23:00:42
G0045130030004200102020051323300005,鲁R7T13H_0,2020-05-13T23:00:42
G0005130030003100102020051323100003,冀A21244_0,2020-05-13T23:00:50
G0111130010004200402020051323300002,辽N11091_1,2020-05-13T23:00:54
G0045130030004200102020051323100004,辽C858R3_0,2020-05-13T23:00:48
G0045130030004200102020051323100002,鲁R7T13H_0,2020-05-13T23:00:42
G0001130010008200102020051323300004,辽J3936B_0,2020-05-13T23:00:37
G0001130010039100202020051323300003,冀A205AW_1,2020-05-13T23:01:35
G0045130030030200102020051323100004,冀AV7G29_0,2020-05-13T23:00:54
G0045130030031100102020051323300005,冀F352T5_0,2020-05-13T23:00:36
G1811130040008200102020051323300001,冀A573JZ_0,2020-05-13T23:00:16
G0045130030003100102020051323100001,鲁R7T13H_0,2020-05-13T23:00:33
S0071130020005100102020051323300001,冀AKU936_1,2020-05-13T23:00:11
G0001130010008200102020051323100007,辽CB2622_1,2020-05-13T23:00:33
G0095130080001100102020051323100004,晋B92823_9,2020-05-13T23:00:44
G0095130040003100102020051323300003,黑AR1871_1,2020-05-13T23:00:41
G0111130010034203402020051323100005,默A00000_9,2020-05-13T23:00:43
G0095130080003100102020051323100002,晋BM3256_9,2020-05-13T23:00:57
G0022130050016200102020051323100001,冀DD5871_1,2020-05-13T23:00:53
G0004130010036200102020051323300017,冀AKW385_1,2020-05-13T23:01:19
S0075130050002200102020051323100003,宁DDK722_0,2020-05-13T23:00:54
G1811130020014200102020051323300002,冀JY8137_1,2020-05-13T23:00:38
G0022130030015100102020051323300003,鲁PT5969_1,2020-05-13T23:00:40
S0071130010005100102020051323100007,冀C10679_1,2020-05-13T23:00:47
G0022130050013100102020051323100003,豫JA7568_1,2020-05-13T23:00:49
G0022130050013100102020051323100001,冀ER7225_1,2020-05-13T23:00:34
G0004130010035100102020051323300013,冀A8488W_1,2020-05-13T23:01:11
G0111130010006200602020051323100002,冀DW1010_1,2020-05-13T23:00:44
G0022130050014200102020051323300003,豫JA0058_1,2020-05-13T23:00:33
G0004130010035100102020051323300012,冀AEH502_1,2020-05-13T23:01:03
S0075130050001100102020051323200001,冀D6J585_1,2020-05-13T23:00:53
G0022130030014200102020051323100003,晋LG5833_9,2020-05-13T23:00:46
G0111130010033103302020051323100001,冀J5D832_1,2020-05-13T23:00:41
S0071130010004200102020051323100005,冀A1M5A6_0,2020-05-13T23:00:50
G0095130080004200102020051323100001,皖CB5829_1,2020-05-13T23:00:52
G0022130050016200102020051323100002,默A00000_9,2020-05-13T23:00:54
G0045130040005100102020051323100005,津C50360_1,2020-05-13T23:00:31
G0004130010033100102020051323300015,鲁UQJ150_0,2020-05-13T23:01:12
G0004130010035100102020051323300007,豫A36Z78_0,2020-05-13T23:00:47
G0004130010035100102020051323300005,冀FJ2747_1,2020-05-13T23:00:40
G0004130010036200102020051323300010,冀C37237_1,2020-05-13T23:00:30
G0045130040005100102020051323300011,苏KSD321_1,2020-05-13T23:00:56
G0004130010033100102020051323300011,冀ABE675_1,2020-05-13T23:00:42
G0004130010036200102020051323100010,豫A36Z78_0,2020-05-13T23:00:43
G0004130010035100102020051323100012,冀A61057_0,2020-05-13T23:01:19
G0095130040002200202020051323300001,冀A10WD7_0,2020-05-13T23:00:30
G0001130010002200102020051323300007,辽A59YM9_0,2020-05-13T23:00:32
G0004130020009100102020051323300009,冀AU7458_1,2020-05-13T23:00:42
G1812130010016200102020051323300003,冀E1288Z_0,2020-05-13T23:00:32
G0045130040021100102020051323300007,冀B7B732_1,2020-05-13T23:00:50
G0095130040001100202020051323300002,冀H5018L_0,2020-05-13T23:00:47
G0020130020007100102020051323300005,晋A622CL_0,2020-05-13T23:00:46
G1812130010018200102020051323300005,冀D5D688_1,2020-05-13T23:00:58
G0022130030007100102020051323300003,冀D8M063_1,2020-05-13T23:00:30
G0004130020009100102020051323300008,冀ATV003_1,2020-05-13T23:00:41
G1812130010017100102020051323100003,冀F20X67_0,2020-05-13T23:00:50
G0004130010036200102020051323100009,冀DF622U_0,2020-05-13T23:00:42
G1013130010003100102020051323300002,陕AZ5970_1,2020-05-13T23:00:40
G0004130020009100102020051323300011,冀DJ8Y29_0,2020-05-13T23:00:55
G0022130030007100102020051323300005,冀D5E172_1,2020-05-13T23:00:55
G1812130010018200102020051323300004,冀F7VV70_0,2020-05-13T23:00:32
G0004130020009100102020051323300010,粤GE0132_1,2020-05-13T23:00:43
G2002130020004200102020051323300009,鲁PT6586_1,2020-05-13T23:00:49
G0020130020008200102020051323300005,冀JY7732_1,2020-05-13T23:00:40
G0020130020008200202020051323300002,鲁GY9139_1,2020-05-13T23:00:29
G0002130030007100102020051323300002,鲁AP29B6_0,2020-05-13T23:00:44
G0004130020009100102020051323300006,京Q08GQ2_0,2020-05-13T23:00:36
G0005130030007100102020051323100002,冀A9B2C3_0,2020-05-13T23:00:37
G0001130010039100202020051323300002,辽A53RK6_0,2020-05-13T23:01:32
G0001130010039100102020051323300007,吉C3C313_1,2020-05-13T23:01:31
S0003130010006200102020051323300001,晋F32932_0,2020-05-13T23:00:50
G0001130010002200102020051323100018,黑AL9180_1,2020-05-13T23:00:37
G2002130020001100102020051323100004,鲁GC7628_1,2020-05-13T23:00:58
G1811130020022200102020051323300002,京ADV633_1,2020-05-13T23:00:27
G0025130040011100102020051323300002,贵JFU058_0,2020-05-13T23:00:31
G2002130020004200102020051323100001,冀A07114_1,2020-05-13T23:00:34
S9902130010007100102020051323400002,冀A32LH6_0,2020-05-13T23:00:25
G0095130040002200102020051323100004,辽GA6819_1,2020-05-13T23:00:28