G0004130010021100102020051323100002,冀A79DT9_0,2020-05-13T23:00:14
G0004130010021100102020051323100001,冀FJG627_0,2020-05-13T23:00:07
S0072130010001200102020051323100001,鲁NC9030_1,2020-05-13T23:00:38
S0072130010002100102020051323300001,冀FA8861_0,2020-05-13T23:00:14
G0001130010040200202020051323300009,辽PB7743_1,2020-05-13T23:00:55
G0018130010005100102020051323300014,鲁MT222M_0,2020-05-13T23:00:49
G0018130010005100102020051323300022,鲁MW8999_1,2020-05-13T23:00:58
G0018130010005100102020051323300018,冀J5Y618_1,2020-05-13T23:00:56
G0095130060003100102020051323100003,晋BX5684_9,2020-05-13T23:00:33
G0018130010005100102020051323300010,冀F6EB56_0,2020-05-13T23:00:43
G0018130010005100202020051323300013,黑LE9672_1,2020-05-13T23:00:48
G2516130010020200102020051323300004,鲁H31D71_1,2020-05-13T23:00:41
G0001130020041100102020051323100005,津CU9188_0,2020-05-13T23:00:57
G0003130020003100102020051323300001,冀R2W1P2_0,2020-05-13T23:00:50
G0045130010002200202020051323100003,蒙D9732K_0,2020-05-13T23:00:35
G0045130030030200102020051323300009,冀DS2017_1,2020-05-13T23:00:44
G0003130010006200102020051323100004,津C09979_1,2020-05-13T23:01:35
G0045130010001100102020051323300001,蒙DPL328_0,2020-05-13T23:00:48
G0045130030020200102020051323300007,辽GJ8772_1,2020-05-13T23:00:48
G0005130030004200102020051323300003,京AGZ993_1,2020-05-13T23:00:45
G0045130030017100102020051323100007,冀JG6193_0,2020-05-13T23:00:52
G0020130010015100102020051323300004,冀EGL544_0,2020-05-13T23:00:36
G0045130030020200102020051323100002,冀R5L8N8_0,2020-05-13T23:00:30
G0018130010001100102020051323100007,京M87599_0,2020-05-13T23:00:44
G0045130030017100102020051323100004,冀B8F23P_0,2020-05-13T23:00:35
S0072130030011200102020051323300004,冀EK0180_1,2020-05-13T23:00:33
G0045130030017100102020051323300007,冀TY6K58_0,2020-05-13T23:00:44
G0045130030017100102020051323300006,京AFK719_1,2020-05-13T23:00:40
G0004130020006200102020051323300007,冀EZV999_0,2020-05-13T23:00:48
G0001130010008200102020051323300007,辽P74580_1,2020-05-13T23:00:54
G0001130010008200102020051323300006,辽GB7681_1,2020-05-13T23:00:52
G0045130030018200102020051323300006,冀F9ZUH6_0,2020-05-13T23:00:43
G0005130030003100102020051323300005,冀ER6770_1,2020-05-13T23:00:55
G1812130020007100102020051323300002,冀FH8392_1,2020-05-13T23:00:54
G0018130010001200102020051323300006,京AW8078_1,2020-05-13T23:00:45
G0045130030005100102020051323100004,冀A00NG3_0,2020-05-13T23:00:53
G0045130030017100102020051323100005,京MJX793_0,2020-05-13T23:00:44
G0111130010005100502020051323300004,冀EV3357_1,2020-05-13T23:00:43
G1812130020008200102020051323100002,晋JL5228_9,2020-05-13T23:00:46
S0071130020005100102020051323300002,冀DY191B_0,2020-05-13T23:00:45
G0001130010008200102020051323100008,辽CD2082_1,2020-05-13T23:00:37
G0018130010001200202020051323300007,冀J8B069_1,2020-05-13T23:00:37
G0001130010008200102020051323300008,辽GN1885_1,2020-05-13T23:00:56
G0020130010007100102020051323300004,鲁JB2778_1,2020-05-13T23:00:28
G0004130020002200102020051323300002,津C73309_1,2020-05-13T23:00:35
G0005130030001100102020051323300002,晋M82880_1,2020-05-13T23:00:33
G0020130010015100102020051323300003,晋A788WM_0,2020-05-13T23:00:31
G0045130030032200102020051323300009,冀R66PJ1_0,2020-05-13T23:00:43
G0045130030005100102020051323300008,苏EFW420_0,2020-05-13T23:00:53
G0018130010001200202020051323100006,鲁M527B9_0,2020-05-13T23:00:52
G0005130030001100102020051323300003,晋JE3232_1,2020-05-13T23:00:42
G0045130030004200102020051323300005,鲁R7T13H_0,2020-05-13T23:00:42
G0005130030003100102020051323100003,冀A21244_0,2020-05-13T23:00:50
G0111130010004200402020051323300002,辽N11091_1,2020-05-13T23:00:54
G0045130030004200102020051323100004,辽C858R3_0,2020-05-13T23:00:48
G0045130030004200102020051323100002,鲁R7T13H_0,2020-05-13T23:00:42
G0001130010008200102020051323300004,辽J3936B_0,2020-05-13T23:00:37
G0001130010039100202020051323300003,冀A205AW_1,2020-05-13T23:01:35
G0045130030030200102020051323100004,冀AV7G29_0,2020-05-13T23:00:54
G0045130030031100102020051323300005,冀F352T5_0,2020-05-13T23:00:36
G1811130040008200102020051323300001,冀A573JZ_0,2020-05-13T23:00:16
G0045130030003100102020051323100001,鲁R7T13H_0,2020-05-13T23:00:33
S0071130020005100102020051323300001,冀AKU936_1,2020-05-13T23:00:11
G0001130010008200102020051323100007,辽CB2622_1,2020-05-13T23:00:33
G0095130080001100102020051323100004,晋B92823_9,2020-05-13T23:00:44
G0095130040003100102020051323300003,黑AR1871_1,2020-05-13T23:00:41
G0111130010034203402020051323100005,默A00000_9,2020-05-13T23:00:43
G0095130080003100102020051323100002,晋BM3256_9,2020-05-13T23:00:57
G0022130050016200102020051323100001,冀DD5871_1,2020-05-13T23:00:53
G0004130010036200102020051323300017,冀AKW385_1,2020-05-13T23:01:19
S0075130050002200102020051323100003,宁DDK722_0,2020-05-13T23:00:54
G1811130020014200102020051323300002,冀JY8137_1,2020-05-13T23:00:38
G0022130030015100102020051323300003,鲁PT5969_1,2020-05-13T23:00:40
S0071130010005100102020051323100007,冀C10679_1,2020-05-13T23:00:47
G0022130050013100102020051323100003,豫JA7568_1,2020-05-13T23:00:49
G0022130050013100102020051323100001,冀ER7225_1,2020-05-13T23:00:34
G0004130010035100102020051323300013,冀A8488W_1,2020-05-13T23:01:11
G0111130010006200602020051323100002,冀DW1010_1,2020-05-13T23:00:44
G0022130050014200102020051323300003,豫JA0058_1,2020-05-13T23:00:33
G0004130010035100102020051323300012,冀AEH502_1,2020-05-13T23:01:03
S0075130050001100102020051323200001,冀D6J585_1,2020-05-13T23:00:53
G0022130030014200102020051323100003,晋LG5833_9,2020-05-13T23:00:46
G0111130010033103302020051323100001,冀J5D832_1,2020-05-13T23:00:41
S0071130010004200102020051323100005,冀A1M5A6_0,2020-05-13T23:00:50
G0095130080004200102020051323100001,皖CB5829_1,2020-05-13T23:00:52
G0022130050016200102020051323100002,默A00000_9,2020-05-13T23:00:54
G0045130040005100102020051323100005,津C50360_1,2020-05-13T23:00:31
G0004130010033100102020051323300015,鲁UQJ150_0,2020-05-13T23:01:12
G0004130010035100102020051323300007,豫A36Z78_0,2020-05-13T23:00:47
G0004130010035100102020051323300005,冀FJ2747_1,2020-05-13T23:00:40
G0004130010036200102020051323300010,冀C37237_1,2020-05-13T23:00:30
G0045130040005100102020051323300011,苏KSD321_1,2020-05-13T23:00:56
G0004130010033100102020051323300011,冀ABE675_1,2020-05-13T23:00:42
G0004130010036200102020051323100010,豫A36Z78_0,2020-05-13T23:00:43
G0004130010035100102020051323100012,冀A61057_0,2020-05-13T23:01:19
G0095130040002200202020051323300001,冀A10WD7_0,2020-05-13T23:00:30
G0001130010002200102020051323300007,辽A59YM9_0,2020-05-13T23:00:32
G0004130020009100102020051323300009,冀AU7458_1,2020-05-13T23:00:42
G1812130010016200102020051323300003,冀E1288Z_0,2020-05-13T23:00:32
G0045130040021100102020051323300007,冀B7B732_1,2020-05-13T23:00:50
G0095130040001100202020051323300002,冀H5018L_0,2020-05-13T23:00:47
G0020130020007100102020051323300005,晋A622CL_0,2020-05-13T23:00:46
G1812130010018200102020051323300005,冀D5D688_1,2020-05-13T23:00:58
G0022130030007100102020051323300003,冀D8M063_1,2020-05-13T23:00:30
G0004130020009100102020051323300008,冀ATV003_1,2020-05-13T23:00:41
G1812130010017100102020051323100003,冀F20X67_0,2020-05-13T23:00:50
G0004130010036200102020051323100009,冀DF622U_0,2020-05-13T23:00:42
G1013130010003100102020051323300002,陕AZ5970_1,2020-05-13T23:00:40
G0004130020009100102020051323300011,冀DJ8Y29_0,2020-05-13T23:00:55
G0022130030007100102020051323300005,冀D5E172_1,2020-05-13T23:00:55
G1812130010018200102020051323300004,冀F7VV70_0,2020-05-13T23:00:32
G0004130020009100102020051323300010,粤GE0132_1,2020-05-13T23:00:43
G2002130020004200102020051323300009,鲁PT6586_1,2020-05-13T23:00:49
G0020130020008200102020051323300005,冀JY7732_1,2020-05-13T23:00:40
G0020130020008200202020051323300002,鲁GY9139_1,2020-05-13T23:00:29
G0002130030007100102020051323300002,鲁AP29B6_0,2020-05-13T23:00:44
G0004130020009100102020051323300006,京Q08GQ2_0,2020-05-13T23:00:36
G0005130030007100102020051323100002,冀A9B2C3_0,2020-05-13T23:00:37
G0001130010039100202020051323300002,辽A53RK6_0,2020-05-13T23:01:32
G0001130010039100102020051323300007,吉C3C313_1,2020-05-13T23:01:31
S0003130010006200102020051323300001,晋F32932_0,2020-05-13T23:00:50
G0001130010002200102020051323100018,黑AL9180_1,2020-05-13T23:00:37
G2002130020001100102020051323100004,鲁GC7628_1,2020-05-13T23:00:58
G1811130020022200102020051323300002,京ADV633_1,2020-05-13T23:00:27
G0025130040011100102020051323300002,贵JFU058_0,2020-05-13T23:00:31
G2002130020004200102020051323100001,冀A07114_1,2020-05-13T23:00:34
S9902130010007100102020051323400002,冀A32LH6_0,2020-05-13T23:00:25
G0095130040002200102020051323100004,辽GA6819_1,2020-05-13T23:00:28
G1811130010018200102020051323100003,冀J153N8_0,2020-05-13T23:00:46
G0020130020001100102020051323100002,冀JUY317_0,2020-05-13T23:00:55
G1811130010016200102020051323100002,冀A686AE_9,2020-05-13T23:00:49
S0031130010013100102020051323300005,冀EL6651_1,2020-05-13T23:00:46
G0022130050018200102020051323300002,冀J7P103_1,2020-05-13T23:00:24
G0022130050018200102020051323100001,晋LH0856_9,2020-05-13T23:00:30
G0022130050017100102020051323100004,鲁PT0570_1,2020-05-13T23:00:49
G0022130050017100102020051323100002,冀DT6300_1,2020-05-13T23:00:39
G0095130070007100102020051323300003,黑MR2201_1,2020-05-13T23:00:48
G1811130020022200102020051323300006,晋K5428X_1,2020-05-13T23:00:56
S0003130010001100102020051323300002,辽33333333_1,2020-05-13T23:00:29
G0004130020020200102020051323300004,冀AKE990_1,2020-05-13T23:00:34
G2002130020001100102020051323100001,冀ES6694_1,2020-05-13T23:00:27
G0020130010027100102020051323300001,冀EAN010_0,2020-05-13T23:00:36
S0031130010014200102020051323300001,晋B99019_1,2020-05-13T23:00:31
G0095130070007100102020051323100002,冀G91998_1,2020-05-13T23:00:51
G0022130030006200102020051323100005,晋D14768_9,2020-05-13T23:00:55
G0022130030006200102020051323100004,冀DE6332_1,2020-05-13T23:00:36
G0095130050006200102020051323100002,冀ANG782_1,2020-05-13T23:00:25
G2002130020004200102020051323300004,津C31620_1,2020-05-13T23:00:31
G2002130020004200102020051323300003,鲁PT9791_1,2020-05-13T23:00:29
G0005130040003100102020051323300002,晋M47299_1,2020-05-13T23:00:26
G0001130010002200102020051323100021,辽HF9566_1,2020-05-13T23:00:42
G0005130040001100102020051323100002,冀RK1N16_0,2020-05-13T23:00:55
G0020130010003100102020051323300006,鲁HB9E12_0,2020-05-13T23:00:09
G0020130010004200102020051323300005,晋C53260_1,2020-05-13T23:00:41
S9902130010007100102020051323400004,冀A5R6P7_0,2020-05-13T23:00:25
G0020130020001100102020051323300005,冀A330RU_1,2020-05-13T23:00:33
G2002130020003100102020051323300009,冀A27P85_1,2020-05-13T23:00:39
G0095130040002200102020051323100007,蒙A1067V_0,2020-05-13T23:00:51
G0095130040002200102020051323100006,冀RR9M17_0,2020-05-13T23:00:47
G0111130010020202002020051323100005,冀T32242_1,2020-05-13T23:00:43
G0095130040001100102020051323100001,辽CD9780_1,2020-05-13T23:00:40
G1811130020016200102020051323100001,冀DE9937_1,2020-05-13T23:00:27
G0004130020018200102020051323100008,辽CF7600_1,2020-05-13T23:00:51
G0025130010016200102020051323100002,冀HPY359_0,2020-05-13T23:00:20
G0020130010003100102020051323100002,默A00000_9,2020-05-13T23:00:31
G0025130010010200102020051323100002,默A00000_9,2020-05-13T23:00:43
G0018130020015100102020051323300002,冀FN3370_1,2020-05-13T23:00:30
G0018130020016200102020051323100002,冀A92731_1,2020-05-13T23:00:25
G0022130030008200102020051323100002,默A00000_9,2020-05-13T23:00:40
G0004130020019100102020051323300008,冀A3959Z_1,2020-05-13T23:00:42
G0095130080002200102020051323300001,冀GB4974_1,2020-05-13T23:00:06
G0020130010012200102020051323300006,晋AP8158_1,2020-05-13T23:00:50
S0052130010001200102020051323100001,冀H58H21_0,2020-05-13T23:00:22
G0005130040001100102020051323100001,冀C56208_1,2020-05-13T23:00:34
G1811130010016200102020051323300003,冀FF6755_1,2020-05-13T23:00:41
G0095130080004200102020051323300001,冀RD3577_1,2020-05-13T23:00:26
G0004130020010200102020051323300009,冀A859B2_1,2020-05-13T23:00:58
S9902130010006200102020051323300003,冀A6Y0F6_0,2020-05-13T23:00:24
G2002130020004200102020051323100002,冀A4H153_9,2020-05-13T23:00:37
G1812130010002200102020051323300003,冀FM3877_1,2020-05-13T23:00:29
G0020130010012200102020051323100006,晋AP8158_9,2020-05-13T23:00:49
G1811130010016200102020051323100001,鲁GU0239_1,2020-05-13T23:00:28
G0020130010028200102020051323100003,鲁AX2631_1,2020-05-13T23:00:32
G2002130020001100102020051323100002,冀H95267_0,2020-05-13T23:00:48
G0095130040002200202020051323100002,冀AT587L_0,2020-05-13T23:00:29
G0020130010028200102020051323100004,冀EP3175_1,2020-05-13T23:00:49
G0025130010014200102020051323300002,冀HT6505_0,2020-05-13T23:00:39
G0001130020043100102020051323100004,辽AB08T9_0,2020-05-13T23:00:42
G0022130050003100102020051323300001,冀D8A012_1,2020-05-13T23:00:28
G1812130010017100102020051323100002,冀FVZ576_0,2020-05-13T23:00:46
G0020130020008200102020051323100001,冀CD2769_1,2020-05-13T23:00:37
G0095130080002200102020051323300002,冀GJ0381_1,2020-05-13T23:00:08
G0022130030005100102020051323300003,冀A201D1_1,2020-05-13T23:00:51
G0005130040003100102020051323300003,冀A299AY_1,2020-05-13T23:00:48
G0002130030006200102020051323300006,鲁NC4066_1,2020-05-13T23:00:45
G0095130040002200102020051323300004,冀HD8192_1,2020-05-13T23:00:42
G0095130080002200102020051323100003,默A00000_9,2020-05-13T23:00:15
G0001130020044200102020051323300004,京HJK105_0,2020-05-13T23:00:35
S9902130010008200102020051323400005,京Q1E6K2_0,2020-05-13T23:00:51
G0004130020020200102020051323300006,冀DP210P_0,2020-05-13T23:00:57
G0004130020018200102020051323300005,冀FD62Z9_0,2020-05-13T23:00:53
G1811130020022200102020051323300005,吉A68WP8_0,2020-05-13T23:00:55
G2002130020002200102020051323300003,冀A226GK_1,2020-05-13T23:00:37
G0001130010001100102020051323100007,辽K3236D_1,2020-05-13T23:00:47
S0072130030013200102020051323300002,冀T38711_1,2020-05-13T23:00:24
G1812130010002200102020051323300006,冀A9227J_1,2020-05-13T23:00:47
G2002130020002200102020051323300002,鲁PL3817_1,2020-05-13T23:00:32
G0020130010004200102020051323300004,豫PP9226_1,2020-05-13T23:00:29
G0020130010029100102020051323300009,冀A2233C_1,2020-05-13T23:00:45
S9902130010008200102020051323200004,京Q1E6K2_0,2020-05-13T23:00:48
G1811130010017100102020051323300003,豫EB4686_0,2020-05-13T23:00:58
G0020130010027100102020051323100004,冀E8W099_0,2020-05-13T23:00:49
G0004130020017100102020051323300003,冀AKY159_1,2020-05-13T23:00:27
S0031130010013100102020051323100002,冀ATJ625_9,2020-05-13T23:00:29
G0001130020043100102020051323300004,冀R88EM7_0,2020-05-13T23:00:29
G0022130050018200102020051323300003,晋LH0856_1,2020-05-13T23:00:35
G0095130070009100102020051323100004,辽CB2941_1,2020-05-13T23:00:41
G1013130010009100102020051323300004,冀A99455_1,2020-05-13T23:00:28
G0045130040025100102020051323300006,豫JVJ752_0,2020-05-13T23:00:27
G0003130010008200102020051323300010,鲁AG0571_1,2020-05-13T23:01:30
G0111130010013101302020051323100004,黑MB0783_1,2020-05-13T23:00:53
G0045130040023100102020051323300005,冀EL2009_1,2020-05-13T23:00:33
G0003130010008200102020051323300009,鲁AG0571_1,2020-05-13T23:01:29
G0111130010013101302020051323100002,冀B7A8H8_0,2020-05-13T23:00:45
G0045130040024200102020051323300007,冀DJ8X96_0,2020-05-13T23:01:07
G0025130050010200102020051323100001,冀B1NQ57_0,2020-05-13T23:00:35
G0111130010013101302020051323100005,默A00000_9,2020-05-13T23:00:57
G0045130040023100102020051323300007,豫L388B8_0,2020-05-13T23:01:00
G0045130040024200102020051323300006,豫L388B8_0,2020-05-13T23:00:54
G0045130040024200102020051323100003,宁CJJ015_0,2020-05-13T23:01:00
G0025130050007100102020051323300003,冀B0959T_1,2020-05-13T23:00:28
G0111130010011101102020051323300003,晋KQ6071_1,2020-05-13T23:00:47
G0004130010011100102020051323300008,冀F1US69_0,2020-05-13T23:00:42
G0004130010011100102020051323300007,津CB2001_1,2020-05-13T23:00:08
G0004130010011100102020051323300005,京PHM102_0,2020-05-13T23:00:26
G0003130010016200102020051323300003,MR0781_2,2020-05-13T23:01:26
G0004130010011100102020051323300004,冀FK396G_0,2020-05-13T23:00:23
G0005130020012200102020051323100001,冀FP4457_1,2020-05-13T23:00:07
G0045130040019100102020051323300012,冀R5T0M7_0,2020-05-13T23:00:59
G0045130040019100102020051323300010,津AF6101_1,2020-05-13T23:00:34
G0045130040019100102020051323300008,豫JA7891_1,2020-05-13T23:00:36
G0045130040019100102020051323300007,渝A835DL_0,2020-05-13T23:00:32
G0004130010014200102020051323300008,冀F825KY_0,2020-05-13T23:00:25
G0004130010011100102020051323100007,冀FQ369D_0,2020-05-13T23:00:42
G0045130040019100102020051323100013,津AF6101_1,2020-05-13T23:00:57
G0045130040019100102020051323100011,粤A553UP_0,2020-05-13T23:00:53
G0045130030012200102020051323100006,京N5YQ53_0,2020-05-13T23:00:12
G0045130040019100102020051323100009,豫P1J257_0,2020-05-13T23:00:47
G0045130030011100102020051323100003,冀E0905T_0,2020-05-13T23:00:26
G0001130010027100102020051323100003,辽HN8088_1,2020-05-13T23:00:36
G0045130040019100102020051323100008,冀E68168_0,2020-05-13T23:00:41
G0045130030014200102020051323100002,皖K8X175_0,2020-05-13T23:00:50
G0045130040019100102020051323100005,晋HP0724_9,2020-05-13T23:00:22
G0004130010014200102020051323100007,冀ES0931_1,2020-05-13T23:00:53
G0004130010011100102020051323100005,冀F27RH9_0,2020-05-13T23:00:35
G1812130010018200102020051323300003,冀FL7059_1,2020-05-13T23:00:25
G0004130010014200102020051323100006,默A00000_9,2020-05-13T23:00:34
G1811130030005100102020051323100002,冀ANB320_0,2020-05-13T23:00:39
G1812130010002200102020051323300001,冀F77FM8_0,2020-05-13T23:00:20
G1811130030005100102020051323100001,晋HT8566_9,2020-05-13T23:00:38
G1812130010019100102020051323100003,鲁CL2339_1,2020-05-13T23:00:28
G1811130030007100102020051323100001,冀ER0719_1,2020-05-13T23:00:38
G1812130010004200102020051323300001,冀FL7238_1,2020-05-13T23:00:47
G0025130040009100102020051323300001,冀G877C2_0,2020-05-13T23:00:24
G0025130040009100102020051323100002,冀GSN239_0,2020-05-13T23:00:28
G0111130010025102502020051323100001,辽HE3286_1,2020-05-13T23:00:24
G0002130030004200102020051323100001,冀JCJ362_0,2020-05-13T23:00:27
S0072130020003200102020051323100001,冀A916NF_9,2020-05-13T23:00:33
G0025130050005100102020051323100003,辽BL97B7_0,2020-05-13T23:00:52
S0072130020004100102020051323300002,冀A35CG5_0,2020-05-13T23:00:58
G2516130020003100102020051323300009,鲁NE6350_1,2020-05-13T23:01:26
G0002130010001100102020051323300004,皖KR5161_1,2020-05-13T23:00:41
G1812130020017100102020051323100003,冀JL6966_1,2020-05-13T23:00:32
G0004130020022200102020051323300005,贵M84708_1,2020-05-13T23:00:31
G0002130020003100102020051323100003,鲁NC3M99_0,2020-05-13T23:00:26
G0004130020022200102020051323100003,冀J753VY_0,2020-05-13T23:00:27
G0045130040010200102020051323300003,冀CA5729_1,2020-05-13T23:01:00
G0045130040010200102020051323300001,豫FA3076_1,2020-05-13T23:00:56
G0045130040009100102020051323100005,冀CA5729_1,2020-05-13T23:00:46
G0045130040011100102020051323100007,辽PA8169_1,2020-05-13T23:00:48
G0045130040009100102020051323100003,冀T79S91_0,2020-05-13T23:00:33
G0095130010014200102020051323100002,冀HLV696_0,2020-05-13T23:01:24
G0045130040009100102020051323300004,苏AN2517_1,2020-05-13T23:00:53
G0045130040009100102020051323100006,苏AN2517_1,2020-05-13T23:00:56
G0045130040027100102020051323300008,冀FJ6116_1,2020-05-13T23:00:45
G0045130040027100102020051323300005,冀D758NZ_0,2020-05-13T23:00:30
G0045130040028200102020051323100001,吉AV1583_1,2020-05-13T23:00:40
G0018130020002200102020051323300007,豫GG0367_1,2020-05-13T23:00:55
G0018130020002200102020051323300005,津A0T802_0,2020-05-13T23:00:45
G0018130020002200102020051323300003,津AVZ901_0,2020-05-13T23:00:23
G0018130020002200102020051323300002,吉BE9572_1,2020-05-13T23:00:19
G0018130020001100102020051323300005,辽A75A3W_0,2020-05-13T23:00:21
G0001130010009100102020051323300010,黑EJ2600_1,2020-05-13T23:00:29
G0001130010011100102020051323300011,冀FR3811_1,2020-05-13T23:00:55
G0001130010009100102020051323300008,冀C99W11_0,2020-05-13T23:00:18
G0018130040004200102020051323300004,冀FU8044_1,2020-05-13T23:00:29
G0004130020047100102020051323100003,冀A7354A_1,2020-05-13T23:00:21
G0001130010011100102020051323300007,吉C3E748_1,2020-05-13T23:00:39
G0018130040003100102020051323300005,鲁MG025K_0,2020-05-13T23:00:42
G0001130010011100102020051323300004,黑DA0219_1,2020-05-13T23:00:34
G0001130010011100102020051323300003,吉AV8098_1,2020-05-13T23:00:28
G0004130020048200102020051323300004,豫Q8N399_0,2020-05-13T23:00:38
G0018130020001100102020051323100006,冀FM8481_1,2020-05-13T23:00:54
G0001130010010200102020051323300008,冀B9715B_1,2020-05-13T23:00:47
S0072130010004100102020051323100004,辽GA0137_1,2020-05-13T23:00:46
G0006130010001100202020051323100003,豫A6L3Z7_0,2020-05-13T23:00:48
G0004130020048200102020051323100002,冀J3WJ87_0,2020-05-13T23:00:28
G0004130020047100202020051323300001,冀D968P7_0,2020-05-13T23:00:08
G0018130040003100102020051323100009,冀FP4883_9,2020-05-13T23:00:33
G0001130010011100102020051323100012,辽CH3389_1,2020-05-13T23:00:50
G0018130020002200102020051323100002,津AVZ901_0,2020-05-13T23:00:23
G0001130010010200102020051323300003,冀A599S6_0,2020-05-13T23:00:16
G0001130010010200102020051323300002,京YP8064_3,2020-05-13T23:00:09
G0018130020002200102020051323100001,吉BE9572_1,2020-05-13T23:00:22
G0001130010011100102020051323100008,辽AM9009_1,2020-05-13T23:00:30
G0018130010004100102020051323300008,鲁K97235_1,2020-05-13T23:00:52
G0121130020006200102020051323300007,冀GN6755_1,2020-05-13T23:00:46
G0018130010003200102020051323300001,苏G3560E_1,2020-05-13T23:00:25
G0004130010041100102020051323300002,吉AV9019_1,2020-05-13T23:00:19
G0001130010010200102020051323100006,鲁NY3792_1,2020-05-13T23:00:56
G0018130010004100102020051323300006,鲁K99972_1,2020-05-13T23:00:48
G0018130040003100102020051323100006,冀GE7072_9,2020-05-13T23:00:23
G0018130010003200102020051323100009,苏C5032U_0,2020-05-13T23:00:49
G0001130010011100102020051323100002,辽GB2217_1,2020-05-13T23:00:17
G0001130010011100102020051323100001,辽CD9365_1,2020-05-13T23:00:13
G2516130020003100102020051323300008,冀ES3647_1,2020-05-13T23:01:21
G1811130020018200102020051323300001,冀AY92Z1_0,2020-05-13T23:00:41
G0020130010020200102020051323300004,冀JS6380_1,2020-05-13T23:00:32
G0001130010029100102020051323300004,皖CB0131_1,2020-05-13T23:00:21
G1811130030003100102020051323100004,冀AV3X10_0,2020-05-13T23:00:50
G0018130010003100102020051323100004,鲁Q679AF_1,2020-05-13T23:00:23
G0018130010003100102020051323100003,辽BP2259_1,2020-05-13T23:00:19
G1811130030003100102020051323100002,冀A114AX_9,2020-05-13T23:00:42
G1811130020020200102020051323100002,默A00000_9,2020-05-13T23:00:46
G0004130020042200102020051323300003,豫A7166V_1,2020-05-13T23:00:20
G1811130020017100102020051323100002,冀JXZ130_0,2020-05-13T23:00:32
G0018130010004100102020051323100005,京HL0676_0,2020-05-13T23:00:41
G0020130010019100102020051323100001,冀A8U693_1,2020-05-13T23:00:52
G1811130020017100102020051323100001,冀A4473W_1,2020-05-13T23:00:25
G0006130010001100202020051323300005,冀GZX283_0,2020-05-13T23:00:56
G0004130020047100202020051323300006,冀D8L135_1,2020-05-13T23:00:42
S0072130010005200102020051323100001,冀J7R339_1,2020-05-13T23:00:20
G0004130020041100102020051323300006,鲁A67281_1,2020-05-13T23:00:55
G0004130020039100102020051323300008,冀FE6167_1,2020-05-13T23:00:37
G0002130010001100102020051323300002,豫N54852_1,2020-05-13T23:00:24
G1811130020020200102020051323100001,冀TYH365_0,2020-05-13T23:00:31
G0121130020007100102020051323300007,京P6HR88_0,2020-05-13T23:00:34
G0006130010001100202020051323300006,冀G66344_1,2020-05-13T23:00:59
G0004130020048200102020051323300003,冀D968P7_0,2020-05-13T23:00:14
G0004130020047100102020051323300011,冀DN6767_1,2020-05-13T23:00:41
G0121130020006200102020051323300008,晋B96791_1,2020-05-13T23:00:50
G1811130030002200102020051323300003,鲁Q4416J_1,2020-05-13T23:00:01
G0004130020039100102020051323300006,冀EV3818_1,2020-05-13T23:00:29
G0121130020007100102020051323300006,京AX6062_1,2020-05-13T23:00:29
G0004130020042200102020051323300005,冀ER6157_1,2020-05-13T23:00:29
G0004130020039100102020051323300004,冀ET0397_1,2020-05-13T23:00:11
G0018130010004200102020051323300004,黑AS2860_1,2020-05-13T23:00:18
G0045130040014200102020051323100005,津NJH429_0,2020-05-13T23:00:50
G0045130040031100102020051323100002,豫P520D3_0,2020-05-13T23:00:32
G0045130040032200102020051323300002,豫PC286P_0,2020-05-13T23:00:05
G2516130010003100102020051323300003,晋K78008_1,2020-05-13T23:00:57
G1812130010006200102020051323300002,冀FH2131_1,2020-05-13T23:00:49
S0064130010011100102020051323100001,冀B6611S_1,2020-05-13T23:00:48
G9511130010007100102020051323100005,京AFU370_1,2020-05-13T23:00:58
G0121130010004200102020051323300001,冀B8978B_1,2020-05-13T23:00:53
S0031130010010200102020051323300002,冀T24625_1,2020-05-13T23:00:48
G1811130020026200102020051323300003,冀AM921F_0,2020-05-13T23:00:56
G0022130030009100102020051323300009,冀DU0178_1,2020-05-13T23:00:55
G0004130020046200102020051323300011,冀EKL868_0,2020-05-13T23:00:55
G0045130030028200102020051323300005,鲁Q8445J_1,2020-05-13T23:00:45
G1812130020014200102020051323100005,晋HC9664_9,2020-05-13T23:00:58
G0020130010017100102020051323100003,鲁AX5971_1,2020-05-13T23:00:46
G0005130060001100102020051323100005,鲁PT7976_1,2020-05-13T23:00:43
G0004130010029100102020051323300002,豫EDK778_1,2020-05-13T23:00:12
G0004130010019100102020051323300007,冀FQ781L_0,2020-05-13T23:00:41
G0004130010020200102020051323300007,冀A6W7F0_0,2020-05-13T23:00:43
G0045130010019100102020051323300001,冀H87195_1,2020-05-13T23:00:42
G0045130010015100102020051323300002,渝B98963_3,2020-05-13T23:00:42
G0004130010026200102020051323300011,冀J2T753_1,2020-05-13T23:00:44
S0072130030004100102020051323100005,辽CH4231_9,2020-05-13T23:00:41
G0004130010038200102020051323100003,冀F388PE_0,2020-05-13T23:00:40
G0004130010002200102020051323300004,京AJD007_1,2020-05-13T23:00:41
G0004130020013100102020051323100005,冀EK0044_0,2020-05-13T23:00:42
G0121130020010200102020051323300006,冀B8578M_1,2020-05-13T23:00:42
G0025130030005100102020051323100001,辽ND1868_1,2020-05-13T23:00:40
G0020130010009100102020051323300008,冀EU4177_1,2020-05-13T23:00:13
S9902130010003100102020051323400008,京CGF559_0,2020-05-13T23:00:44
G0018130010002200102020051323300006,沪EB5322_1,2020-05-13T23:00:41
G0022130050007100102020051323300003,鲁PT7561_1,2020-05-13T23:00:41
S0075130040020200102020051323300004,皖E36090_1,2020-05-13T23:00:39
G0003130040001100102020051323300007,鲁PG8028_1,2020-05-13T23:00:37
G0004130010004200102020051323100005,京N03Q90_0,2020-05-13T23:00:37
G0005130020001100102020051323300008,辽PB7843_1,2020-05-13T23:00:37
G0045130030036200102020051323100004,京Q55SQ9_0,2020-05-13T23:00:35
G1811130020023100102020051323300002,鲁FM3627_1,2020-05-13T23:00:37
G0025130040006200102020051323300004,粤HB1506_1,2020-05-13T23:00:39
G0003130040007100102020051323300003,鲁RN6687_1,2020-05-13T23:00:38
G0004130020025100102020051323300006,豫HL8159_1,2020-05-13T23:00:37
G0121130020014200102020051323300006,京KKD606_0,2020-05-13T23:00:35
G0025130020002200102020051323300002,津AX3789_1,2020-05-13T23:00:35
G0022130050010200102020051323300004,冀D5M728_1,2020-05-13T23:00:37
G0004130010025100102020051323300008,京N70L10_0,2020-05-13T23:00:30
G0045130030029100102020051323300009,黑LC9711_1,2020-05-13T23:00:27
S0072130030004100102020051323100004,冀EBZ786_0,2020-05-13T23:00:31
G0018130010005100102020051323300006,鲁UM9836_1,2020-05-13T23:00:34
G0095130080003100102020051323300001,冀JX0885_1,2020-05-13T23:00:02
G0095130030004200102020051323100001,津RNU852_0,2020-05-13T23:00:32
G0121130010008200102020051323300001,冀FE3762_1,2020-05-13T23:00:31
G0095130070005100102020051323100003,晋BG7877_9,2020-05-13T23:00:31
G1812130010007100102020051323300002,冀FT3285_1,2020-05-13T23:00:25
G0045130030030200102020051323300006,吉AU9816_1,2020-05-13T23:00:28
G0018130020018200102020051323300007,冀J7Z002_1,2020-05-13T23:00:24
G0045130030031100102020051323100001,豫LM7239_1,2020-05-13T23:00:27
G2002130010009200102020051323300004,冀A23V43_1,2020-05-13T23:00:29
G1812130020012200102020051323300003,冀FL6543_1,2020-05-13T23:00:26
G1811130020023100102020051323100002,冀AYJ449_0,2020-05-13T23:00:24
G0020130010013100102020051323300001,冀AY521Z_0,2020-05-13T23:00:24
G0111130010005100502020051323300002,鲁UJ3739_1,2020-05-13T23:00:26
G0004130010036200102020051323300006,冀A016KE_1,2020-05-13T23:00:11
G0005130030005100102020051323300001,晋AS0058_1,2020-05-13T23:00:21
G0005130020021100102020051323300001,冀A0Q6B4_0,2020-05-13T23:00:16
G0004130020001100102020051323300002,鲁NE6083_1,2020-05-13T23:00:21
G0045130030029100102020051323300008,冀EB775Z_0,2020-05-13T23:00:24
G0045130030034200102020051323300006,冀F20ZX1_0,2020-05-13T23:00:21
G0045130030017100102020051323300004,冀F9ZUH6_0,2020-05-13T23:00:22
G0001130010003100102020051323300005,冀JQ3806_1,2020-05-13T23:00:20
G0095130030007100102020051323300002,沪FC9656_1,2020-05-13T23:00:20
G0018130010001100202020051323100004,京M87599_0,2020-05-13T23:00:21
S0067130010001100102020051323300001,冀GCF359_0,2020-05-13T23:00:23
G0018130010002200102020051323300004,苏JN7691_1,2020-05-13T23:00:23
G0001130010002200102020051323100010,辽G53B20_0,2020-05-13T23:00:22
S0071130010006200102020051323100001,冀A2858W_0,2020-05-13T23:00:21
G0001130020046200102020051323300001,冀C16907_1,2020-05-13T23:00:22
G0004130010006200102020051323300001,京AFW602_1,2020-05-13T23:00:20
G0001130010002200102020051323100009,黑MD2672_1,2020-05-13T23:00:21
G0121130020009100102020051323300002,冀B1S31Z_0,2020-05-13T23:00:19
G0020130010027100102020051323100001,冀A37JQ0_0,2020-05-13T23:00:24
G0025130050015100102020051323300001,浙A7Z355_1,2020-05-13T23:00:21
G0022130030011100102020051323100003,冀ES0263_1,2020-05-13T23:00:20
G1811130020018200102020051323100002,冀TYN100_0,2020-05-13T23:00:12
G0003130020015100102020051323300003,渝AK0616_0,2020-05-13T23:00:19
G0018130010005100202020051323300003,鲁JJQ251_0,2020-05-13T23:00:14
G1811130020020200102020051323300001,冀A922AS_1,2020-05-13T23:00:03
G0004130010014200102020051323300006,冀F69N67_0,2020-05-13T23:00:17
G0045130030007100102020051323300001,京Q93RJ9_0,2020-05-13T23:00:17
G0045130030032200102020051323300004,冀J0N8C5_0,2020-05-13T23:00:15
G1811130020019100102020051323100001,冀A21MG6_0,2020-05-13T23:00:14
G0005130020004200102020051323300002,冀FF66N9_0,2020-05-13T23:00:17
G0005130040002200102020051323300002,冀AVJ986_1,2020-05-13T23:00:17
G0020130010026200102020051323300007,冀EL6668_1,2020-05-13T23:00:18
G0020130020006200102020051323300001,晋KF6405_1,2020-05-13T23:00:18
G1811130030007100102020051323300005,冀A5Q8Y9_0,2020-05-13T23:00:18
S0072130030005200102020051323300001,冀EU0735_1,2020-05-13T23:00:15
G0001130020041100102020051323100001,京HHK729_0,2020-05-13T23:00:18
G1812130010001100102020051323300002,豫R609QH_0,2020-05-13T23:00:19
G0004130020033100102020051323100002,冀D6J787_0,2020-05-13T23:00:19
S0030130010001100102020051323100001,冀T68D31_0,2020-05-13T23:00:14
S0111130010004200102020051323300002,冀DE7935_1,2020-05-13T23:00:16
G0007130010013100102020051323100002,辽CD6821_1,2020-05-13T23:00:19
G0018130030008200102020051323300001,冀FT8882_1,2020-05-13T23:00:15
G0004130010018200102020051323100003,冀A618BL_0,2020-05-13T23:00:18
G0045130040020200102020051323300001,冀B9T66H_0,2020-05-13T23:00:12
G0005130020004200102020051323300001,冀A86449_1,2020-05-13T23:00:09
S0064130010008200102020051323100001,冀A04S78_0,2020-05-13T23:00:12
G0005130020002200102020051323300001,冀F711T6_0,2020-05-13T23:00:13
G0003130040011100202020051323100001,鲁Q137AJ_1,2020-05-13T23:00:11
S0003130010008200102020051323300001,渝QQ0696_1,2020-05-13T23:00:11
G0001130010025100102020051323300003,吉JH5078_1,2020-05-13T23:00:11
G1811130020004200102020051323300001,冀JM6597_1,2020-05-13T23:00:11
G0002130020007100102020051323100001,鲁DD2565_1,2020-05-13T23:00:10
G0121130020008200102020051323300003,冀B1083J_1,2020-05-13T23:00:11
G0003130020012200102020051323300002,京KFF638_0,2020-05-13T23:00:10
G0045130030019100102020051323300002,冀A89AV7_0,2020-05-13T23:00:12
G1811130020010200102020051323100001,冀A283AU_9,2020-05-13T23:00:12
G0121130020001100202020051323100002,冀BP6938_0,2020-05-13T23:00:12
G0095130080007100102020051323300001,3333333_0,2020-05-13T23:00:09
G0004130020025100102020051323100002,冀C9673X_1,2020-05-13T23:00:10
S0052130020002200102020051323300001,冀B3599S_1,2020-05-13T23:00:11
S0030130010003100102020051323300001,鲁PR5116_1,2020-05-13T23:00:11
G0111130010009100902020051323300001,冀EF1082_1,2020-05-13T23:00:10
G0111130010004200402020051323300001,鲁NB6202_1,2020-05-13T23:00:10
G0022130030007100102020051323300001,鲁ND9775_1,2020-05-13T23:00:10
S0051130020003100102020051323300001,鲁M9S611_0,2020-05-13T23:00:09
G0045130040025100102020051323300001,冀D0R060_0,2020-05-13T23:00:10
G0025130050009100102020051323300001,蒙FL9956_0,2020-05-13T23:00:11
G0111130010013101302020051323100001,辽G3332A_1,2020-05-13T23:00:11
G0045130040035100202020051323300004,豫JXJ912_0,2020-05-13T23:00:09
G0004130020035100102020051323300001,冀DK801J_0,2020-05-13T23:00:01
G0004130020014200102020051323300003,冀A1F6Y1_0,2020-05-13T23:00:05
G0004130010032200102020051323300003,京ADP265_1,2020-05-13T23:00:07
G0045130030005100102020051323300002,浙A2Z327_1,2020-05-13T23:00:09
S0071130010005100102020051323300003,冀ASL201_1,2020-05-13T23:00:08
G0111130010024202402020051323300002,冀A6130W_1,2020-05-13T23:00:07
G0111130010024202402020051323300001,吉AL08T7_0,2020-05-13T23:00:04
G0005130050004200102020051323300001,冀J5W857_1,2020-05-13T23:00:06
G0025130020001100102020051323300001,冀HZP382_0,2020-05-13T23:00:06
S0072130020006100102020051323100001,晋K0646X_9,2020-05-13T23:00:05
G0018130030014200102020051323300001,鲁G69652_1,2020-05-13T23:00:08
G0045130020001100102020051323300001,冀A146YC_1,2020-05-13T23:00:05
G1811130010003100102020051323100001,冀J6WN97_0,2020-05-13T23:00:04
G0022130050008200102020051323100001,鲁RS4285_0,2020-05-13T23:00:05
G1812130010013100102020051323300002,鲁PP6852_1,2020-05-13T23:00:07
G0004130010032200102020051323100002,冀A08L56_1,2020-05-13T23:00:02
S0067130010006200102020051323300001,冀A2393Y_1,2020-05-13T23:00:04
G0018130010005200102020051323100003,鲁Q750AB_1,2020-05-13T23:00:04
G1811130040006200102020051323300001,冀FF7519_1,2020-05-13T23:00:01
G0001130010003100102020051323300001,黑EJ2801_1,2020-05-13T23:00:02
G0095130080012200102020051323300001,冀G9339B_0,2020-05-13T23:00:03
S0071130020002200102020051323100007,晋C91597_9,2020-05-13T23:01:15
G0020130010001100102020051323100001,鲁A7S1X9_0,2020-05-13T23:00:01
S9902130010001100102020051323400001,冀RKE623_0,2020-05-13T23:00:00
G0004130010018200102020051323300002,晋D70057_1,2020-05-13T23:00:00
S9902130010004200102020051323300001,冀A6649A_0,2020-05-13T23:00:00
G0025130040008200102020051323300001,冀H88693_1,2020-05-13T23:00:00
G0025130060001100102020051323300001,冀J6TR05_0,2020-05-13T23:00:00
G2002130010004100102020051323300005,鲁RQ3305_1,2020-05-13T23:00:20
S0010130010023100102020051323100001,豫CA908F_0,2020-05-13T23:01:10
G0022130030002200102020051323300003,豫JA9673_1,2020-05-13T23:00:44
G0022130030004200102020051323300002,566666666_1,2020-05-13T23:00:12
G0022130030002200102020051323300002,冀DD6508_1,2020-05-13T23:00:31
G0022130030004200102020051323100002,鲁PR5795_9,2020-05-13T23:00:37
G0022130030004200102020051323100001,鲁PP0252_9,2020-05-13T23:00:34
G2516130010015100102020051323100001,冀A6J990_9,2020-05-13T23:00:00
G0045130040014200102020051323100004,冀DX807J_0,2020-05-13T23:00:47
G0045130040031100102020051323300003,豫G3648L_0,2020-05-13T23:00:48
G0004130010044200102020051323300007,豫EN5A07_0,2020-05-13T23:00:56
G0018130020017100102020051323300006,豫F7R573_0,2020-05-13T23:00:50
S0067130010004200102020051323100002,冀T85160_1,2020-05-13T23:00:51
S0003130010008200102020051323100002,蒙A81379_1,2020-05-13T23:00:46
G0003130040009100102020051323300006,京FFU765_0,2020-05-13T23:00:58
G0121130020003100102020051323300003,京AEC699_1,2020-05-13T23:00:48
G0111130010008200802020051323300007,辽MC7018_1,2020-05-13T23:00:58
G0004130020043100102020051323300009,冀T36648_1,2020-05-13T23:00:58
G0095130070006200102020051323100006,鲁Q390DN_1,2020-05-13T23:00:57
G1812130020014200102020051323100004,晋HV1271_9,2020-05-13T23:00:44
G0025130060002200102020051323100005,黑MD7601_1,2020-05-13T23:00:41
G0005130030009100102020051323300004,冀F088VM_0,2020-05-13T23:00:40
G1812130010007100102020051323100002,冀FD2C34_0,2020-05-13T23:00:43
G2516130010001100102020051323300003,冀EL8088_1,2020-05-13T23:00:43
G0004130020013100102020051323300005,京CJS883_0,2020-05-13T23:00:42
G1812130020012200102020051323300005,冀JZ1817_1,2020-05-13T23:00:43
G0020130010001100102020051323300005,冀A96GB8_0,2020-05-13T23:00:41
G0004130010016200102020051323300001,豫NTT000_0,2020-05-13T23:00:42
G0001130010017100102020051323300004,冀B3U85G_0,2020-05-13T23:00:41
S0031130010010200102020051323100002,皖C93589_1,2020-05-13T23:00:44
G0025130040008200102020051323300003,蒙GTY302_0,2020-05-13T23:00:41
G0095130070003100102020051323300005,晋HE5579_1,2020-05-13T23:00:43
G0045130040035100102020051323300003,豫GH9368_1,2020-05-13T23:00:33
G0004130010026200102020051323300009,粤B67KF9_0,2020-05-13T23:00:35
G0004130010025100102020051323100003,京N70L10_0,2020-05-13T23:00:34
G2516130010018200102020051323100003,冀E789L9_0,2020-05-13T23:00:35
G0003130030002200102020051323300005,000000_1,2020-05-13T23:00:39
G0003130040004200102020051323100002,鲁B6F1T9_0,2020-05-13T23:00:07
G0004130010044200102020051323300005,冀AH5346_1,2020-05-13T23:00:36
G0004130010038200102020051323300006,冀T91857_1,2020-05-13T23:00:37
G0004130010032200102020051323300005,冀AG566X_0,2020-05-13T23:00:38
G0045130040018200102020051323300003,冀ES1502_1,2020-05-13T23:00:37
G0045130030025100102020051323100003,冀DAS600_0,2020-05-13T23:00:39
G0006130020016200102020051323300001,冀G4Y851_0,2020-05-13T23:00:39
G0001130010032200102020051323100003,辽BX92M7_0,2020-05-13T23:00:35
G0018130030002200102020051323300001,冀FG7722_1,2020-05-13T23:00:34
G0095130020002200102020051323100001,冀B0H808_1,2020-05-13T23:00:38
G0018130030012200102020051323100001,晋B97130_9,2020-05-13T23:00:35
G0018130010005100102020051323100001,鲁A5BL55_0,2020-05-13T23:00:35
G0025130050004200102020051323300002,冀B9JQ77_0,2020-05-13T23:00:37
G0045130010010200102020051323100001,豫EA8F12_0,2020-05-13T23:00:31
G0005130030006200102020051323300001,冀FP6980_1,2020-05-13T23:00:30
G0018130020009100102020051323300006,冀G95266_1,2020-05-13T23:00:32
G0045130030034200102020051323100003,辽PB9287_1,2020-05-13T23:00:34
S0072130020005200102020051323300006,蒙B82953_1,2020-05-13T23:00:33
G0045130030035100102020051323100003,冀FP5568_1,2020-05-13T23:00:33
G0020130010002200202020051323300005,苏AM3078_1,2020-05-13T23:00:31
G0045130030026200102020051323100001,吉D22447_1,2020-05-13T23:00:32
G0025130040006200102020051323300003,冀B6888F_1,2020-05-13T23:00:33
G0006130010012200102020051323100002,晋B1169P_0,2020-05-13T23:00:32
G0001130010006200102020051323100010,辽KEV830_0,2020-05-13T23:00:33
G0111130010005100502020051323100002,辽PB8287_1,2020-05-13T23:00:33
S9902130010002200102020051323100001,冀F2862W_0,2020-05-13T23:00:31
S9902130010003100102020051323400006,京NKG521_1,2020-05-13T23:00:30
G0095130030010200102020051323100001,冀E68990_0,2020-05-13T23:00:30
G0095130030005100102020051323100001,冀RW2D21_0,2020-05-13T23:00:32
S0003130010018200102020051323300001,冀QD5Q51_0,2020-05-13T23:00:23
S0072130030004100102020051323300003,冀EM5127_1,2020-05-13T23:00:11
G0018130020007100102020051323300005,冀R0A9H6_0,2020-05-13T23:00:26
G0045130030033100102020051323300002,京N2AL13_0,2020-05-13T23:00:26
G0018130020009100102020051323100003,冀RD9519_1,2020-05-13T23:00:28
G0004130020011100102020051323100006,黑BW1771_0,2020-05-13T23:00:27
G0004130010001100202020051323300003,京AJD007_1,2020-05-13T23:00:20
G0004130010025100102020051323300006,冀J2T753_1,2020-05-13T23:00:28
S0072130030005200102020051323300003,冀EU2802_1,2020-05-13T23:00:25
G0002130030005100102020051323300005,苏CGA038_1,2020-05-13T23:00:26
S0076130010011100102020051323100001,默A00000_9,2020-05-13T23:00:26
G1811130020012200102020051323300003,冀B3K37J_0,2020-05-13T23:00:24
G0007130010004200102020051323300001,云B0763N_1,2020-05-13T23:00:29
G0111130010036203702020051323100001,冀ER6969_1,2020-05-13T23:00:26
G1811130020014200102020051323100002,冀A191E9_9,2020-05-13T23:00:25
S0052130020005100102020051323300001,冀C73706_1,2020-05-13T23:00:25
G0004130020043100102020051323300004,冀A36HZ1_0,2020-05-13T23:00:27
G0020130010016200102020051323100002,冀AJZ943_1,2020-05-13T23:00:28
S0075130040019100102020051323400002,冀JV1101_1,2020-05-13T23:00:24
G0005130020009100102020051323100001,冀GZ0885_0,2020-05-13T23:00:00
G0045130030013100102020051323300007,冀J3R160_1,2020-05-13T23:00:23
G0004130020011100102020051323300001,冀AHZ904_1,2020-05-13T23:00:21
G0004130020009100102020051323100002,冀EM959N_0,2020-05-13T23:00:23
G0005130020001100102020051323300006,京ADR782_1,2020-05-13T23:00:22
G0004130020043100102020051323300003,冀D6K832_1,2020-05-13T23:00:18
G9511130010012200102020051323300004,蒙KD0659_1,2020-05-13T23:00:23
G0111130010017101702020051323100002,豫K382L1_0,2020-05-13T23:00:23
G0018130010001200202020051323300004,黑MB5281_1,2020-05-13T23:00:23
G1811130020005100102020051323300001,冀E522S6_0,2020-05-13T23:00:20
G0020130010025100102020051323300007,鲁NE1917_1,2020-05-13T23:00:24
G0025130050004200102020051323300001,鲁FAT208_1,2020-05-13T23:00:20
G0004130020020200102020051323300003,鲁JSR537_0,2020-05-13T23:00:22
S0051130010007100102020051323300002,冀B9996U_1,2020-05-13T23:00:20
G0001130010040200102020051323300003,辽PC6198_1,2020-05-13T23:00:20
G0002130030006200102020051323300004,京JJZ061_0,2020-05-13T23:00:22
S9902130010004200102020051323100003,冀A152UV_0,2020-05-13T23:00:20
G0111130010034203402020051323100002,冀ET3769_1,2020-05-13T23:00:24
G0003130020017100102020051323300001,冀J3R317_1,2020-05-13T23:00:22
G0022130040003100202020051323300002,晋J63850_1,2020-05-13T23:00:21
G1812130020013100102020051323300002,冀FR6962_1,2020-05-13T23:00:24
G0095130050005100102020051323300003,冀R66AD1_0,2020-05-13T23:00:23
G0045130040026200102020051323100001,豫PUK321_0,2020-05-13T23:00:19
G0045130040024200102020051323300003,冀FR4044_1,2020-05-13T23:00:21
S0003130010012200102020051323100001,吉JG8917_1,2020-05-13T23:00:12
G0018130010005200202020051323300010,辽PA2525_1,2020-05-13T23:00:18
G0020130020007100202020051323300001,冀JY7732_1,2020-05-13T23:00:19
G0045130040019100102020051323300003,吉CB1228_1,2020-05-13T23:00:19
G0004130020008200102020051323100002,冀AY7484_9,2020-05-13T23:00:19
G0018130010005200102020051323300007,鲁GW9560_1,2020-05-13T23:00:18
G0045130030021100102020051323300004,冀FR6083_1,2020-05-13T23:00:18
G0004130010037100102020051323300005,鲁FBG620_1,2020-05-13T23:00:18
G0004130010010200102020051323300004,冀FQ4483_1,2020-05-13T23:00:15
G0045130030030200102020051323300004,冀A57DN3_0,2020-05-13T23:00:19
G0004130020041100102020051323100002,豫A5889K_1,2020-05-13T23:00:16
G0018130010001100202020051323100003,吉JG2886_1,2020-05-13T23:00:19
S0051130010007100102020051323300001,冀B0292N_1,2020-05-13T23:00:16
G0045130030018200102020051323300003,冀TX7C68_0,2020-05-13T23:00:15
G0045130030017100102020051323300003,冀J2J6T1_0,2020-05-13T23:00:18
G1811130030007100102020051323300004,晋C58328_1,2020-05-13T23:00:17
G0001130010004200102020051323100003,冀D0B982_1,2020-05-13T23:00:17
G0020130010016200102020051323300003,冀EGL544_0,2020-05-13T23:00:14
G0020130010024200102020051323100002,冀A95693_1,2020-05-13T23:00:18
G1811130020006200102020051323100002,辽C0626X_0,2020-05-13T23:00:14
G0004130020025100102020051323300005,冀AJ2R00_0,2020-05-13T23:00:15
G0001130010008200102020051323100003,辽D68629_1,2020-05-13T23:00:17
G0020130010003100102020051323300004,皖M29629_1,2020-05-13T23:00:16
G0111130010033103302020051323300003,辽BE3T92_0,2020-05-13T23:00:17
G0025130060002200102020051323300004,晋K16870_1,2020-05-13T23:00:18
S0075130040019100102020051323400001,冀A2771X_1,2020-05-13T23:00:06
S0072130020007200102020051323100001,冀D2E186_1,2020-05-13T23:00:10
G1812130010017100102020051323300002,鲁C75762_1,2020-05-13T23:00:13
G0004130010032200102020051323100006,冀F327R9_0,2020-05-13T23:00:11
G0004130010032200102020051323100005,冀F67WQ5_0,2020-05-13T23:00:10
G0001130010027100102020051323300004,冀R7Z5X8_0,2020-05-13T23:00:10
G0045130030018200102020051323300002,蒙J99252_1,2020-05-13T23:00:13
G0001130010026200102020051323300003,黑EK6250_1,2020-05-13T23:00:11
G0001130010027100102020051323100001,冀BFP617_0,2020-05-13T23:00:10
G0111130010008200802020051323300002,辽HP8195_1,2020-05-13T23:00:11
G2516130010020200102020051323300001,鲁PH6358_1,2020-05-13T23:00:10
G0001130010001100102020051323300004,黑AL9180_1,2020-05-13T23:00:10
G0002130010001100102020051323300001,鲁NE5027_1,2020-05-13T23:00:14
G0045130030018200102020051323300001,豫J75177_1,2020-05-13T23:00:10
G0095130070001100102020051323100001,默A00000_9,2020-05-13T23:00:10
G0004130010037100102020051323100003,冀DU9619_1,2020-05-13T23:00:10
S0071130010005100102020051323100002,冀AAB408_1,2020-05-13T23:00:13
G0002130010002200102020051323300003,鲁DZ9559_1,2020-05-13T23:00:10
S0071130020002200102020051323100008,晋C03488_9,2020-05-13T23:01:25
S0075130050001100102020051323400001,冀AV9062_1,2020-05-13T23:00:09
G0003130020018200102020051323300001,鲁ND3238_1,2020-05-13T23:00:12
G1811130010014200102020051323100002,冀J478P0_0,2020-05-13T23:00:09
G0045130020003100102020051323300001,冀HR9289_1,2020-05-13T23:00:12
G0095130030005100102020051323300001,鲁FX921R_0,2020-05-13T23:00:10
G0002130030005100102020051323300002,冀B6V76H_0,2020-05-13T23:00:09
G0022130050014200102020051323300002,冀DW5516_1,2020-05-13T23:00:09
G0045130030028200102020051323300001,京EA8293_1,2020-05-13T23:00:11
G0025130060001100102020051323100001,浙A30A79_1,2020-05-13T23:00:11
G0018130020016200102020051323300001,津AU0700_1,2020-05-13T23:00:11
G0045130040023100102020051323300003,冀TH9D36_0,2020-05-13T23:00:04
G0045130040035100202020051323300003,鲁JMP960_0,2020-05-13T23:00:08
G0045130040027100102020051323300003,豫A5G91N_0,2020-05-13T23:00:09
G2516130020007100102020051323300002,晋KK8987_1,2020-05-13T23:00:11
G0004130020021100102020051323100003,冀DS0652_1,2020-05-13T23:00:06
G0005130020019100102020051323300003,冀A943NF_1,2020-05-13T23:00:09
G0004130010042200102020051323300002,湘EM6479_0,2020-05-13T23:00:06
G0001130010033100102020051323300001,苏A1X9Q1_0,2020-05-13T23:00:08
G0045130030038200102020051323300001,冀T24707_1,2020-05-13T23:00:05
G0004130010003100102020051323300001,冀T39461_1,2020-05-13T23:00:07
G1812130020023100102020051323300001,冀RD8331_1,2020-05-13T23:00:05
G2516130010010200102020051323300001,鲁GY8568_1,2020-05-13T23:00:06
G0001130010030200102020051323100002,冀J2W980_1,2020-05-13T23:00:05
G0003130040008200102020051323300001,京AFW037_1,2020-05-13T23:00:06
G0020130010003100102020051323300002,冀EE0533_1,2020-05-13T23:00:05
S0051130020002200102020051323100001,默A00000_9,2020-05-13T23:00:05
G0004130020034200102020051323100002,京ADH967_1,2020-05-13T23:00:06
G0007130010011100102020051323300002,冀GYE227_0,2020-05-13T23:00:08
G0025130020001100102020051323100002,冀A591X3_1,2020-05-13T23:00:09
G0095130100001100102020051323100001,鄂Q9TL81_0,2020-05-13T23:00:08
G0022130040004200102020051323100001,冀D8D301_1,2020-05-13T23:00:05
G0045130040036200102020051323100001,冀A080JP_0,2020-05-13T23:00:05
G0045130040030200102020051323100001,辽P21460_1,2020-05-13T23:00:04
G0045130030022200102020051323300002,辽K33382_1,2020-05-13T23:00:03
G0005130020006200102020051323100001,辽N60345_1,2020-05-13T23:00:03
G0005130030003100102020051323300001,晋KL7138_1,2020-05-13T23:00:01
G0018130020011100102020051323100001,陕A71Z3P_0,2020-05-13T23:00:03
G0018130020018200102020051323300001,津C31012_1,2020-05-13T23:00:02
G0020130010025100102020051323300002,冀A7X0Q6_0,2020-05-13T23:00:02
G0045130030033100102020051323100002,京ABP759_1,2020-05-13T23:00:01
G0001130010006200102020051323100005,冀FD3570_1,2020-05-13T23:00:04
G0002130020006200102020051323300001,鲁EU2752_0,2020-05-13T23:00:00
G0001130010029100102020051323100002,辽CC6297_1,2020-05-13T23:00:00
G0095130070005100102020051323300002,辽F41319_0,2020-05-13T23:00:04
G1811130020003100102020051323100002,默A00000_9,2020-05-13T23:00:03
G0018130010005100102020051323300002,冀JW6973_1,2020-05-13T23:00:03
S3500130010002200202020051323300001,冀GC370U_1,2020-05-13T23:00:04
G0004130020007100102020051323100001,京ADU397_1,2020-05-13T23:00:01
G0001130020046200202020051323100001,辽ABQ835_1,2020-05-13T23:00:00
G1811130010014200102020051323300001,冀J3UN96_0,2020-05-13T23:00:01
G0022130030012200102020051323300002,冀DE7938_1,2020-05-13T23:00:03
G0007130010012200102020051323300001,冀GC7733_1,2020-05-13T23:00:01
G0022130030004200102020051323300001,冀DK8X35_0,2020-05-13T23:00:00
G1013130010004200102020051323300001,冀H7A013_0,2020-05-13T23:00:00
G0018130020002200102020051323300001,津CAW398_0,2020-05-13T23:00:19
G0005130010006200102020051323300001,冀FN6440_1,2020-05-13T23:00:05
G2516130020009100102020051323300002,晋K8674X_1,2020-05-13T23:00:20
G0045130040014200102020051323300004,冀A4537S_0,2020-05-13T23:00:48
G0045130040016200102020051323100005,皖B35252_1,2020-05-13T23:00:53
G0045130040032200102020051323300003,蒙D46434_1,2020-05-13T23:00:06
G0045130040031100102020051323100001,冀DW1076_1,2020-05-13T23:00:25
G0045130010010200102020051323100002,辽NN1409_1,2020-05-13T23:00:57
G0004130010043100102020051323300006,冀FG7810_1,2020-05-13T23:00:56
G9511130010007100102020051323100004,晋B89007_9,2020-05-13T23:00:54
G0006130010006200102020051323300001,冀A295DG_1,2020-05-13T23:00:14
G0005130020002200102020051323300003,京KEL213_0,2020-05-13T23:00:56
G2516130010010200102020051323300007,冀D8D809_1,2020-05-13T23:00:57
G0025130030008200102020051323300003,鲁H0W823_0,2020-05-13T23:00:56
G0006130010008200102020051323100001,京Q1S1V2_0,2020-05-13T23:00:33
G0045130020006200102020051323300003,冀H18986_1,2020-05-13T23:00:52
G0020130010017100102020051323100005,默A00000_9,2020-05-13T23:00:56
G0005130020008200102020051323300006,冀C91815_1,2020-05-13T23:00:52
S0072130030021200102020051323300006,苏D00632_1,2020-05-13T23:00:47
G0004130010031100102020051323300012,冀RQ3X88_0,2020-05-13T23:00:42
G1812130010010200102020051323100002,冀FH2811_1,2020-05-13T23:00:41
G0001130020046200202020051323300005,冀C16907_1,2020-05-13T23:00:43
G0020130010001100202020051323300004,冀EA787S_0,2020-05-13T23:00:44
G9511130010005100102020051323300003,冀AZZ554_1,2020-05-13T23:00:41
G0001130010018200102020051323100003,吉GC4666_1,2020-05-13T23:00:44
G0004130020037100102020051323300004,冀E859T2_0,2020-05-13T23:00:44
G0001130020042200202020051323300002,冀B3352T_1,2020-05-13T23:00:09
G0018130010002100102020051323100008,默A00000_9,2020-05-13T23:00:43
G0004130020044200102020051323300008,冀AA5323_1,2020-05-13T23:00:41
S9902130010004200102020051323100004,冀A591DH_0,2020-05-13T23:00:42
G0003130040001100102020051323300008,津E30068_0,2020-05-13T23:00:39
G0003130040004200102020051323100005,皖K9E731_1,2020-05-13T23:00:20
G0020130010005100102020051323300002,鲁Q831CK_1,2020-05-13T23:00:24
G0003130040001100102020051323300004,吉BE7378_1,2020-05-13T23:00:10
G0020130010006200102020051323100002,鲁H7872Z_0,2020-05-13T23:00:08
G0020130010007100102020051323100001,冀AE9V79_0,2020-05-13T23:00:18
G0003130040004200102020051323100001,辽HP5592_9,2020-05-13T23:00:02
G0004130010037100102020051323100008,京MAA155_0,2020-05-13T23:00:36
G0003130040003100102020051323100001,鲁NJV235_0,2020-05-13T23:00:09
G0121130020004200102020051323300002,冀A754DQ_1,2020-05-13T23:00:37
G0025130040003100102020051323300002,吉CH9795_1,2020-05-13T23:00:38
S0075130050004200102020051323300003,晋K68118_1,2020-05-13T23:00:04
G0111130010029102902020051323100003,辽HA2510_1,2020-05-13T23:00:35
G1811130020027100102020051323100003,冀ABC318_0,2020-05-13T23:00:35
G0022130040004200102020051323100004,晋KC110X_9,2020-05-13T23:00:36
G0025130060001100102020051323100005,津KWY820_0,2020-05-13T23:00:34
G0045130010008200102020051323100001,蒙B91669_0,2020-05-13T23:00:34
G0004130010003100102020051323300005,冀ABA935_1,2020-05-13T23:00:03
G0005130060007100102020051323300001,冀ASV045_1,2020-05-13T23:00:33
G0004130010037100102020051323300008,京MAA155_0,2020-05-13T23:00:31
S0072130030022100102020051323100002,冀T19108_1,2020-05-13T23:00:32
G0003130030004200102020051323100001,冀RTK750_0,2020-05-13T23:00:30
G1812130010013100102020051323100001,冀EM963Y_0,2020-05-13T23:00:32
G0006130010011100102020051323100002,晋B1169P_0,2020-05-13T23:00:29
G0004130020043100102020051323100005,豫ECB755_0,2020-05-13T23:00:33
G0003130040010200102020051323300001,京AEQ517_1,2020-05-13T23:00:33
G0004130020033100102020051323100004,冀DCK196_0,2020-05-13T23:00:29
G0018130010001200102020051323300004,沪EF5105_0,2020-05-13T23:00:34
G0022130030014200102020051323100001,冀D6H315_1,2020-05-13T23:00:29
G0004130010037100102020051323300007,冀D935L2_0,2020-05-13T23:00:28
G0018130020007100102020051323100003,辽J34869_1,2020-05-13T23:00:26
G0003130020007100102020051323100002,冀R0707V_0,2020-05-13T23:00:26
G0004130010031100102020051323100002,鲁A8G6Y9_0,2020-05-13T23:00:28
G0111130010022202202020051323300003,辽B86AU7_0,2020-05-13T23:00:28
G0111130010018201802020051323300004,鲁V30823_1,2020-05-13T23:00:27
G0004130020017100102020051323100003,辽PB9893_1,2020-05-13T23:00:26
G0003130020018200102020051323100001,京P8DC21_0,2020-05-13T23:00:25
S0031130010013100102020051323100001,冀FL8575_9,2020-05-13T23:00:29
G0018130030002200102020051323100002,冀R38R05_0,2020-05-13T23:00:26
G0003130020002200102020051323300002,鲁AN03G7_0,2020-05-13T23:00:26
G0004130020009100102020051323300005,冀DS0083_1,2020-05-13T23:00:23
G0004130020006200102020051323300003,冀DN392D_0,2020-05-13T23:00:21
G0005130020022200102020051323300002,冀H93708_1,2020-05-13T23:00:23
G0018130050002200202020051323300001,冀FU8793_1,2020-05-13T23:00:04
G0045130030005100102020051323100002,京AFY576_1,2020-05-13T23:00:22
G0045130030036200102020051323100002,冀AR15U5_0,2020-05-13T23:00:19
G0001130010002200102020051323300005,辽HC2978_1,2020-05-13T23:00:19
G0002130010002200202020051323300005,冀A02138_1,2020-05-13T23:00:22
S0071130010004200102020051323100003,冀A639BP_0,2020-05-13T23:00:23
S0075130040009100102020051323300002,冀APB320_0,2020-05-13T23:00:20
S0071130010004200102020051323100002,冀AP5179_9,2020-05-13T23:00:19
G0095130080008200102020051323300002,冀G66694_1,2020-05-13T23:00:24
G0095130070010200102020051323300002,冀J57X69_0,2020-05-13T23:00:21
S0071130010003100102020051323300004,冀AY25F2_0,2020-05-13T23:00:23
G1811130020013100102020051323300004,冀A58S70_0,2020-05-13T23:00:19
G0025130050005100102020051323300002,冀CD0328_0,2020-05-13T23:00:20
G0004130020045100102020051323300001,冀DE021R_0,2020-05-13T23:00:10
G0020130010025100102020051323300006,冀AYD808_1,2020-05-13T23:00:20
G1811130010006200102020051323300001,冀A5915V_0,2020-05-13T23:00:20
S0064130010012200102020051323100001,冀B6611S_1,2020-05-13T23:00:21
G1811130010004200102020051323300001,渝AG808W_0,2020-05-13T23:00:20
G0018130010001200202020051323100003,苏F1Q6K2_0,2020-05-13T23:00:21
G0022130030016200102020051323100001,苏NUP186_0,2020-05-13T23:00:20
S0057130010010200102020051323100001,津J06500_0,2020-05-13T23:00:20
G0022130050007100102020051323100001,默A00000_9,2020-05-13T23:00:23
G0045130040011100102020051323100005,冀E73403_0,2020-05-13T23:00:10
G0045130040036200102020051323300001,豫JXJ912_0,2020-05-13T23:00:20
G0018130010005200202020051323300008,辽PB3793_1,2020-05-13T23:00:15
G1811130010003100102020051323300001,鲁M42961_1,2020-05-13T23:00:16
G0018130010005100202020051323100001,鲁A5BL55_0,2020-05-13T23:00:17
G0001130010021100102020051323100005,辽HH1248_1,2020-05-13T23:00:14
G0025130010001100202020051323100001,辽A0UJ07_0,2020-05-13T23:00:11
G0004130020026200102020051323100003,豫HL8159_1,2020-05-13T23:00:18
G0005130020002200102020051323300002,辽PB7843_1,2020-05-13T23:00:15
S0076130010005100102020051323300001,蒙Q35867_1,2020-05-13T23:00:17
G0045130030010200102020051323300002,冀J3SF35_0,2020-05-13T23:00:15
G0006130010004200102020051323300003,冀G60235_1,2020-05-13T23:00:14
G0045130030023100102020051323300002,冀DG5L29_0,2020-05-13T23:00:16
G0045130030021100102020051323100001,冀FR6083_1,2020-05-13T23:00:16
G0003130020015100102020051323100003,冀J002C7_0,2020-05-13T23:00:16
G0045130030034200102020051323100001,鲁NC6167_1,2020-05-13T23:00:15
G0111130010034203402020051323300003,冀J9A713_1,2020-05-13T23:00:17
G0018130010001100102020051323300004,鲁A71E72_1,2020-05-13T23:00:19
G0111130010026202602020051323100004,闽AA369C_0,2020-05-13T23:00:17
G1811130020009100102020051323100002,辽CD2242_1,2020-05-13T23:00:18
G0003130040008200102020051323300002,鲁RN6687_1,2020-05-13T23:00:15
G1811130010007100102020051323300002,冀B6089P_1,2020-05-13T23:00:17
G0095130080007100102020051323100001,冀RP7G77_0,2020-05-13T23:00:15
G0025130010007100102020051323300001,冀H1A706_0,2020-05-13T23:00:18
G0025130050015100102020051323100002,浙A7Z355_1,2020-05-13T23:00:19
G0002130030003100102020051323100003,默A00000_9,2020-05-13T23:00:14
G0045130030012200102020051323100004,冀R9J5V9_0,2020-05-13T23:00:08
G0045130030012200102020051323100003,豫B11616_1,2020-05-13T23:00:01
G0045130030013100102020051323300004,辽HG3769_1,2020-05-13T23:00:09
G0005130030007100102020051323100001,冀AB257Q_0,2020-05-13T23:00:13
G0004130010026200102020051323300004,冀ACM138_1,2020-05-13T23:00:14
G0045130040019100102020051323100004,鲁AC7S81_0,2020-05-13T23:00:12
G0005130020001100102020051323300003,辽AM8175_1,2020-05-13T23:00:13
G0045130030008200102020051323300001,豫F80833_1,2020-05-13T23:00:14
G1812130020010200102020051323300001,冀A177R8_1,2020-05-13T23:00:10
G0018130020018200102020051323100002,晋A2978X_9,2020-05-13T23:00:12
G0004130010019100102020051323100003,冀FM5935_9,2020-05-13T23:00:09
G0003130020001100102020051323300001,京PB8F51_0,2020-05-13T23:00:14
S0072130030011200102020051323300003,冀T73996_1,2020-05-13T23:00:13
G0001130010001100102020051323300005,冀B5849P_1,2020-05-13T23:00:12
G0003130020010200102020051323300002,鲁UF3632_1,2020-05-13T23:00:11
G0045130030035100102020051323300004,冀FT4694_1,2020-05-13T23:00:09
G0004130010002200102020051323300001,鄂K8K301_0,2020-05-13T23:00:12
G0002130020005100102020051323100001,京PZ2F53_0,2020-05-13T23:00:09
S9902130030009100102020051323300001,99989898_1,2020-05-13T23:00:11
G0003130020015100102020051323300002,冀J6M215_1,2020-05-13T23:00:10
G0001130010017100102020051323100004,辽PB7450_1,2020-05-13T23:00:13
G0001130010001100102020051323100001,黑C49167_1,2020-05-13T23:00:11
G0020130010021100102020051323100001,冀AJ07P5_0,2020-05-13T23:00:09
G0002130010003100102020051323300001,豫FB6322_1,2020-05-13T23:00:10
G1811130010012200102020051323300002,冀R96276_1,2020-05-13T23:00:10
G0020130010017100102020051323300003,冀A86956_1,2020-05-13T23:00:12
G0002130030006200102020051323300001,京JJZ061_0,2020-05-13T23:00:12
G0111130010008200802020051323100002,辽AK4509_1,2020-05-13T23:00:10
G1013130010003100102020051323300001,陕AR0890_1,2020-05-13T23:00:13
G0004130020036200102020051323300002,豫J88073_1,2020-05-13T23:00:09
G0020130010031100102020051323300002,鲁PP2038_1,2020-05-13T23:00:05
G0095130060002200102020051323100001,冀GN6996_1,2020-05-13T23:00:04
G2516130010010200102020051323300002,鲁GY8568_1,2020-05-13T23:00:08
G0022130050015100102020051323300004,冀DU8484_1,2020-05-13T23:00:07
G0018130010005200102020051323300004,冀F6EB56_0,2020-05-13T23:00:07
G1811130020006200102020051323100001,冀JBP362_0,2020-05-13T23:00:06
G0004130020024200102020051323300003,豫A61L8Y_0,2020-05-13T23:00:09
G0004130010020200102020051323100001,鲁Q498BW_1,2020-05-13T23:00:06
G0001130020046200202020051323300001,京AGG055_1,2020-05-13T23:00:07
G1811130040005100102020051323300002,晋C68498_1,2020-05-13T23:00:06
G0045130010014200102020051323100001,蒙J88921_1,2020-05-13T23:00:08
G0020130010015100102020051323100001,冀A041R1_0,2020-05-13T23:00:04
G1811130030003100102020051323300002,冀J8N116_1,2020-05-13T23:00:06
G0095130080006200102020051323300001,冀FR6560_1,2020-05-13T23:00:09
G1811130030002200102020051323300001,冀APK702_1,2020-05-13T23:00:06
G0003130040009100102020051323300001,冀FU753V_0,2020-05-13T23:00:06
G0111130010017101702020051323300001,冀C58139_1,2020-05-13T23:00:08
G0018130010002100102020051323100003,苏A357MS_0,2020-05-13T23:00:05
G0007130010005100102020051323300001,晋BB2353_1,2020-05-13T23:00:07
G2002130020003100102020051323300001,冀BX3600_1,2020-05-13T23:00:06
G0004130010046200102020051323300001,冀A7680G_1,2020-05-13T23:00:00
G0004130010043100102020051323300002,豫GG2299_1,2020-05-13T23:00:03
G0005130030003100102020051323300002,冀A0P9D7_0,2020-05-13T23:00:02
G2516130010008200102020051323300001,甘A05K86_0,2020-05-13T23:00:02
G0005130030009100102020051323300001,晋KQ6902_1,2020-05-13T23:00:01
G0005130020017100102020051323100001,晋AP2879_9,2020-05-13T23:00:00
G0045130030005100102020051323300001,京N22GR2_0,2020-05-13T23:00:04
G0001130010026200102020051323300002,冀C65265_1,2020-05-13T23:00:04
S0072130020005200102020051323300001,冀JY9986_1,2020-05-13T23:00:02
G0004130020015100102020051323300001,吉A6L212_1,2020-05-13T23:00:01
G0004130020018200102020051323100002,豫RBG135_0,2020-05-13T23:00:04
G0003130020015100102020051323100001,冀JV0687_1,2020-05-13T23:00:00
G0020130010026200102020051323100001,鲁PS2082_1,2020-05-13T23:00:04
G0007130010013100102020051323300001,冀R6U0W0_0,2020-05-13T23:00:01
G0020130010020200102020051323300001,鲁H73U33_1,2020-05-13T23:00:00
G0004130020026200102020051323300001,冀AJ2R00_0,2020-05-13T23:00:03
G0111130010005100502020051323300001,辽AK9153_1,2020-05-13T23:00:04
G1812130010014200102020051323300001,晋BW9494_1,2020-05-13T23:00:03
G0121130020007100102020051323300003,冀BK49E2_1,2020-05-13T23:00:18
G2516130020011100102020051323300006,鲁JB9638_1,2020-05-13T23:00:17
G0022130030001100102020051323100001,鲁PR8362_1,2020-05-13T23:00:01
G0045130040013100102020051323300001,冀EA686Q_0,2020-05-13T23:00:14
G0045130040031100102020051323300004,京N7VR26_0,2020-05-13T23:00:58
G0045130040032200102020051323300004,渝D48255_1,2020-05-13T23:00:36
G0045130040034200102020051323100001,冀A836LG_0,2020-05-13T23:00:12
G0004130010026200102020051323300013,冀JL1132_1,2020-05-13T23:00:48
G0004130010010200102020051323300009,冀RG1Y72_0,2020-05-13T23:00:52
G2516130010009100102020051323100001,黑MB3533_1,2020-05-13T23:00:51
G0018130020008200102020051323300008,冀R60517_0,2020-05-13T23:00:58
G0018130020007100102020051323300011,吉C4K566_1,2020-05-13T23:00:55
G2002130010012100102020051323100001,冀B29C29_0,2020-05-13T23:00:56
G0002130020007100102020051323300005,鲁Q235ET_1,2020-05-13T23:00:55
G1811130010008200102020051323300003,冀FP1247_1,2020-05-13T23:00:55
G0001130010033100102020051323300008,津C82883_1,2020-05-13T23:00:57
G0018130050002200202020051323300003,冀FT3646_1,2020-05-13T23:00:58
G0002130010004200102020051323100001,默A00000_9,2020-05-13T23:00:53
G0003130040009100102020051323300005,冀T51152_1,2020-05-13T23:00:56
G0121130010010200202020051323300004,冀B2K151_1,2020-05-13T23:00:56
G0001130010031100102020051323300002,冀BY395G_0,2020-05-13T23:00:58
G0111130010010201002020051323100004,辽PA6238_1,2020-05-13T23:00:55
G0004130010006200102020051323100005,冀F86RN3_0,2020-05-13T23:00:40
G0045130010008200102020051323300001,京AFC522_0,2020-05-13T23:00:42
G0020130010023100102020051323300007,鲁P18M89_0,2020-05-13T23:00:40
G0003130020017100102020051323100001,蒙A80205_1,2020-05-13T23:00:39
G0004130010026200102020051323300010,冀AQ6487_1,2020-05-13T23:00:40
G0045130030035100102020051323100005,京NN1T12_0,2020-05-13T23:00:40
G0001130010005100102020051323100006,冀CGA721_0,2020-05-13T23:00:41
G1811130020011100102020051323100001,冀A3570W_9,2020-05-13T23:00:42
G0121130010010200202020051323100001,蒙D75064_1,2020-05-13T23:00:41
G0018130030006200102020051323300001,蒙LA1001_0,2020-05-13T23:00:40
G0111130010008200802020051323100004,辽H85980_1,2020-05-13T23:00:40
G0005130060005100102020051323300004,鲁PT2175_1,2020-05-13T23:00:42
G0004130010026200102020051323100006,京JT7619_0,2020-05-13T23:00:36
G0003130030003100102020051323300001,冀J1750T_0,2020-05-13T23:00:37
G2002130010010100102020051323300001,冀F87UV6_0,2020-05-13T23:00:35
G0020130010002200202020051323300006,鲁Q361DK_1,2020-05-13T23:00:35
G0003130020014200102020051323300006,冀A2758W_1,2020-05-13T23:00:38
G0002130020008200102020051323300002,鲁Q235ET_1,2020-05-13T23:00:35
G0003130020004200102020051323300002,冀R12985_0,2020-05-13T23:00:37
G0002130020007100102020051323100002,鲁Q292KZ_0,2020-05-13T23:00:34
G0018130030010200102020051323100001,晋B63464_9,2020-05-13T23:00:35
G0111130010007100702020051323100005,辽HQ3411_1,2020-05-13T23:00:38
G0025130040001100102020051323300001,冀HWH662_0,2020-05-13T23:00:05
G0121130020010200102020051323100002,冀B7CP37_0,2020-05-13T23:00:35
G0004130020044200102020051323300007,冀AKZ689_1,2020-05-13T23:00:38
G0020130010009100102020051323300005,鲁Q905CB_1,2020-05-13T23:00:37
G0001130020045100202020051323100002,冀GE8509_9,2020-05-13T23:00:38
G0095130070006200102020051323100002,冀FY190Z_0,2020-05-13T23:00:34
G0005130030001100102020051323100001,晋M82880_9,2020-05-13T23:00:32
G0111130010036203802020051323300003,甘G1Q179_0,2020-05-13T23:00:31
S0072130030022100102020051323100001,冀D0D632_1,2020-05-13T23:00:30
S9902130020003100102020051323100006,京FE8799_0,2020-05-13T23:00:32
G0020130010025100102020051323300009,鲁PT6735_1,2020-05-13T23:00:32
G0020130010025100102020051323300008,冀AMF370_1,2020-05-13T23:00:30
G0022130040004200102020051323300002,晋KC110X_1,2020-05-13T23:00:32
S9902130010004200102020051323300005,冀A3R9R2_0,2020-05-13T23:00:32
G0022130050009100102020051323100003,浙A5W688_1,2020-05-13T23:00:30
G0005130060006200102020051323300001,冀A688BC_1,2020-05-13T23:00:30
G2516130020008200102020051323300003,晋KK8987_1,2020-05-13T23:00:29
S0072130030002100102020051323300002,豫C615WT_0,2020-05-13T23:00:00
G0045130030032200102020051323300008,冀F352T5_0,2020-05-13T23:00:27
G0005130020020200102020051323300003,冀AG8Z80_0,2020-05-13T23:00:27
G0045130030018200102020051323100001,冀J6Q202_1,2020-05-13T23:00:25
G0004130010008200102020051323300001,豫HK3465_1,2020-05-13T23:00:24
G0111130010034203402020051323300007,辽CH2712_1,2020-05-13T23:00:29
G0018130010001100202020051323300006,鲁CN9357_1,2020-05-13T23:00:28
G0022130030015100102020051323100002,晋D62162_9,2020-05-13T23:00:26
G0004130020033100102020051323100003,冀AJ386K_0,2020-05-13T23:00:28
G0022130040003100102020051323100003,京AP1076_1,2020-05-13T23:00:29
G0020130010009100102020051323100003,冀F00EZ6_0,2020-05-13T23:00:25
G0045130010002200102020051323100001,蒙G80153_1,2020-05-13T23:00:24
G0045130030032200102020051323300005,京Q70KV5_0,2020-05-13T23:00:19
G0018130020017100102020051323100004,吉CH9010_1,2020-05-13T23:00:22
G0005130020024200102020051323300002,冀F57RA1_0,2020-05-13T23:00:21
G0111130010036203802020051323100004,冀CA9390_1,2020-05-13T23:00:21
G0001130020046200202020051323300002,冀B2BW52_0,2020-05-13T23:00:21
G0001130010040200102020051323300005,辽PB7743_1,2020-05-13T23:00:23
G0005130050004200102020051323300005,冀A5606Y_1,2020-05-13T23:00:20
G0001130010040200102020051323300004,冀B1E839_1,2020-05-13T23:00:22
G0018130010002100102020051323300004,冀B9075H_1,2020-05-13T23:00:20
G0001130010027100102020051323300007,冀B5D390_0,2020-05-13T23:00:23
G0003130020010200102020051323300003,鲁H28K63_1,2020-05-13T23:00:21
G0018130010001100102020051323300005,鲁V41938_1,2020-05-13T23:00:21
G0003130040011100102020051323100001,冀R3L9Q0_0,2020-05-13T23:00:21
G0022130040003100202020051323300003,冀DT8221_1,2020-05-13T23:00:22
G0018130030004200102020051323300001,豫J98337_1,2020-05-13T23:00:22
G0018130010005100102020051323300004,辽A6K99E_0,2020-05-13T23:00:21