G0111130020006200102022020051322000047,辽J6008挂_1,2020-05-13T23:00:21
G0025130060004200202032020051322000261,黑A9172挂_1,2020-05-13T23:00:06
G0025130060004200101012020051322000172,冀B7BU79_0,2020-05-13T23:00:34
G0025130060004200202022020051322000167,黑M756G挂_1,2020-05-13T23:00:02
G0025130060004200101022020051322000141,鲁Q0P2U9_0,2020-05-13T23:00:32
G0025130060004200201032020051322000175,黑MP2611_1,2020-05-13T23:00:03
G0025130060004200102012020051322000179,冀B7BU79_0,2020-05-13T23:00:37
G0025130060004200102022020051322000173,鲁Q0P2U9_0,2020-05-13T23:00:35
G0111130020003100102022020051322000157,津CM898挂_1,2020-05-13T23:00:02
S0105130010004200101022020051322000101,黑A3N7S5_0,2020-05-13T23:00:10
S0105130010004200102022020051322000218,湘A8681挂_1,2020-05-13T23:00:05
S0105130010004200101042020051322000206,湘AG6345_1,2020-05-13T23:00:02
S0105130010004200101032020051322000161,冀AG6345_1,2020-05-13T23:00:02
S0105130010004200102012020051322000094,黑A3N7S5_0,2020-05-13T23:00:12
S0105130010004200101022020051322000099,冀BCV009_0,2020-05-13T23:00:02
S0105130010004200102012020051322000093,辽DDU868_0,2020-05-13T23:00:10
S0105130010004200102022020051322000220,冀G2258挂_1,2020-05-13T23:00:18
S0105130010004200101012020051322000102,冀C20V60_0,2020-05-13T23:00:13
S0105130010004200102022020051322000219,浙AV203挂_1,2020-05-13T23:00:11
S0105130010004200101042020051322000207,浙A5U399_1,2020-05-13T23:00:08
S0105130010004200102012020051322000092,冀BCV009_0,2020-05-13T23:00:04
S0105130010004200101022020051322000100,辽DDU868_0,2020-05-13T23:00:08
S0105130010004200102012020051322000095,冀C20V60_0,2020-05-13T23:00:15
S0105130010002200101042020051322000285,冀DT0738_1,2020-05-13T23:00:10
S0105130010002200102022020051322000269,辽AB07A挂_1,2020-05-13T23:00:11
S0105130010002200102012020051322000101,豫K5281A_0,2020-05-13T23:00:13
S0105130010002200102022020051322000268,冀JMY49挂_1,2020-05-13T23:00:09
S0105130010002200101042020051322000282,鲁AL9603_1,2020-05-13T23:00:02
S0105130010002200101042020051322000286,冀B0801N_1,2020-05-13T23:00:13
S0105130010002200102022020051322000265,浙AZ403挂_1,2020-05-13T23:00:01
S0105130010002200102022020051322000270,冀D946R挂_1,2020-05-13T23:00:13
S0105130010002200102012020051322000099,冀C48055_0,2020-05-13T23:00:03
S0105130010002200101012020051322000102,豫K5281A_0,2020-05-13T23:00:11
S0105130010002200101042020051322000283,冀JF8663_1,2020-05-13T23:00:04
S0105130010002200102022020051322000266,默A00000_9,2020-05-13T23:00:03
S0105130010002200102022020051322000267,鲁AB386挂_1,2020-05-13T23:00:06
S0105130010002200102012020051322000100,吉A187FQ_0,2020-05-13T23:00:08
S0105130010002200101022020051322000096,吉A187FQ_0,2020-05-13T23:00:06
S0105130010002200101042020051322000284,辽AJ4197_1,2020-05-13T23:00:07
G0095130050012200101032020051322000414,鲁B35025_1,2020-05-13T23:00:35
G0095130050012200101042020051322000413,TB35025_3,2020-05-13T23:00:35
G0095130050012200102022020051322000342,鲁BLU41挂_1,2020-05-13T23:00:44
G0095130050012200101042020051322000410,晋BX8674_1,2020-05-13T23:00:09
G0095130050012200101032020051322000412,京LBA282_0,2020-05-13T23:00:20
G0095130050012200102022020051322000337,京AW2299_1,2020-05-13T23:00:02
G0095130050012200101042020051322000412,豫NC4089_1,2020-05-13T23:00:25
G0095130050012200102012020051322000134,晋A876Q0_0,2020-05-13T23:00:10
G0095130050012200102022020051322000340,京LBA282_0,2020-05-13T23:00:23
G0095130050012200102022020051322000338,辽PV215挂_1,2020-05-13T23:00:07
G0095130050012200101042020051322000414,晋B32613_1,2020-05-13T23:00:38
G0095130050012200101012020051322000146,晋A876QD_0,2020-05-13T23:00:07
G0095130050012200101032020051322000410,辽PA2153_1,2020-05-13T23:00:03
G0095130050012200102022020051322000339,默A00000_9,2020-05-13T23:00:11
G0095130050012200102012020051322000133,冀F966FX_0,2020-05-13T23:00:02
G0095130050012200102022020051322000341,豫NUA28挂_1,2020-05-13T23:00:30
G0095130050012200101042020051322000415,晋BF0222_1,2020-05-13T23:00:41
G0095130050012200101032020051322000417,晋BQ6407_1,2020-05-13T23:00:55
G0111130020003100101032020051322000192,鲁Q012FF_1,2020-05-13T23:00:36
G0111130020003100102022020051322000158,默A00000_9,2020-05-13T23:00:39
G0025130030004200101042020051322000049,冀C3138M_0,2020-05-13T23:00:06
G0025130030004200101042020051322000050,粤A5Y00B_0,2020-05-13T23:00:10
G0025130030004200102022020051322000050,冀C3138M_0,2020-05-13T23:00:09
G0025130030003100101052020051322000106,苏CKZ113_1,2020-05-13T23:00:07
G0025130030010200101052020051322000080,冀H52218_1,2020-05-13T23:00:14
G0025130030010200102032020051322000084,冀HV285挂_1,2020-05-13T23:00:17
G0025130030010200101052020051322000081,冀H91529_1,2020-05-13T23:00:17
S0105130010003100101012020051322000105,辽LPC187_0,2020-05-13T23:00:32
S0105130010003100102022020051322000198,辽CW566挂_1,2020-05-13T23:00:40
S0105130010003100102012020051322000105,辽LPC187_0,2020-05-13T23:00:34
S0105130010003100102022020051322000197,浙AW345挂_1,2020-05-13T23:00:35
S0105130010003100101032020051322000202,晋K5268X_1,2020-05-13T23:00:31
G0004130010028200102012020051322000196,冀F36123_0,2020-05-13T23:00:10
G0004130010028200101022020051322000204,冀F36123_0,2020-05-13T23:00:08
G0004130010028200101032020051322000107,京JAY025_0,2020-05-13T23:00:10
G0004130010028200101032020051322000106,冀F598D2_0,2020-05-13T23:00:09
G0004130010028200101072020051322000283,湘DHR822_1,2020-05-13T23:00:09
G0005130060009100201032020051322000303,冀AR8883_1,2020-05-13T23:00:56
G0025130030003100101052020051322000107,冀HC2968_1,2020-05-13T23:00:29
G0025130030010200101052020051322000082,冀H86237_1,2020-05-13T23:00:38
S0010130010033100102022020051322000121,冀GC6115_1,2020-05-13T23:00:06
S0010130010035100101022020051322000136,默A00000_9,2020-05-13T23:00:08
S0010130010035100101032020051322000128,晋BT0438_1,2020-05-13T23:00:07
G0004130010028200102022020051322000105,冀FJ1959_0,2020-05-13T23:00:32
G0004130010028200102032020051322000206,冀F8M86挂_1,2020-05-13T23:00:22
G0004130010028200101032020051322000109,冀FJ1959_0,2020-05-13T23:00:30
G0004130010028200101082020051322000283,冀A9Z2U5_0,2020-05-13T23:00:32
G0004130010028200101012020051322000206,冀A8M9J6_0,2020-05-13T23:00:28
G0004130010028200102012020051322000198,冀A8M9J6_0,2020-05-13T23:00:32
G1013130010017100101032020051322000073,冀G73033_1,2020-05-13T23:00:16
G1013130010017100102022020051322000089,冀GF891挂_1,2020-05-13T23:00:19
G1013130010014200102022020051322000069,川WVQ092_0,2020-05-13T23:00:16
G1013130010014200101022020051322000088,默A00000_9,2020-05-13T23:00:13
G1013130010014200101022020051322000081,川WVQ092_0,2020-05-13T23:00:12
G0004130010028200101062020051322000215,冀AU8883_1,2020-05-13T23:00:33
G0004130010028200102032020051322000207,冀AU8883_1,2020-05-13T23:00:35
G0004130010028200102042020051322000278,冀A9Z2U5_0,2020-05-13T23:00:33
G0025130050004200102012020051323000001,川AX8T99_0,2020-05-13T23:00:04
G0025130050004200101022020051323000001,川AX8T99_0,2020-05-13T23:00:02
G0121130020005100101032020051323000001,默A00000_9,2020-05-13T23:00:05
G0121130020005100102022020051323000001,默A00000_9,2020-05-13T23:00:02
G0025130050008200101022020051323000001,冀B2J77N_0,2020-05-13T23:00:06
G0025130050009100101012020051323000003,冀B3D219_1,2020-05-13T23:00:10
G0025130050009100101012020051323000002,冀B0953T_1,2020-05-13T23:00:04
S0072130020008100102022020051323000001,晋ME1122_1,2020-05-13T23:00:02
G0003130040001100101022020051323000001,皖EAK630_0,2020-05-13T23:00:09
G0004130020002200101052020051323000001,陕AV2109_1,2020-05-13T23:00:09
G0004130020026200101072020051323000001,冀DT4305_1,2020-05-13T23:00:01
G0004130020026200102012020051323000001,冀A900DW_0,2020-05-13T23:00:08
G0004130020026200101072020051323000002,冀AV8836_1,2020-05-13T23:00:09
G0004130020026200101012020051323000001,冀A900DW_0,2020-05-13T23:00:07
G0004130020026200102042020051323000001,冀DP3D9挂_1,2020-05-13T23:00:05
G0004130020026200102032020051323000001,冀DS229K_0,2020-05-13T23:00:09
G0004130010001100201032020051323000001,浙FD675J_0,2020-05-13T23:00:06
G0004130010001100202012020051323000001,京PHE868_0,2020-05-13T23:00:05
G0004130010001100202022020051323000001,冀FD675J_0,2020-05-13T23:00:09
G0004130010001100201032020051323000002,贵AD3R73_0,2020-05-13T23:00:08
G0004130010001100201052020051323000001,鄂K0Q035_0,2020-05-13T23:00:09
G0004130010001100201022020051323000001,京PHE868_0,2020-05-13T23:00:02
G0004130010001100201042020051323000002,浙AD3R73_0,2020-05-13T23:00:09
G0004130010001100201042020051323000001,川FD675J_0,2020-05-13T23:00:07
G0045130030008200102032020051323000001,鲁NB2593_1,2020-05-13T23:00:01
G0005130020018200101062020051323000001,冀G95188_1,2020-05-13T23:00:01
G0005130020018200102032020051323000001,皖G95139_1,2020-05-13T23:00:04
G0005130020018200101052020051323000001,冀C95188_1,2020-05-13T23:00:01
G0004130010011100102022020051323000001,冀FRL767_0,2020-05-13T23:00:09
G0004130010011100101042020051323000001,冀FRL767_0,2020-05-13T23:00:07
G0004130010011100102012020051323000001,冀A27569_0,2020-05-13T23:00:07
G0004130010011100101012020051323000001,冀A27569_0,2020-05-13T23:00:06
G0004130010024200102022020051323000001,京Q688Y3_0,2020-05-13T23:00:09
G0004130010024200101082020051323000001,京FAE312_0,2020-05-13T23:00:06
G0004130010024200102042020051323000001,冀AW3762_1,2020-05-13T23:00:02
G0004130010024200102032020051323000001,默A00000_9,2020-05-13T23:00:04
G0004130010024200101042020051323000001,京Q688Y3_0,2020-05-13T23:00:07
G0045130030013100102032020051323000001,豫UA961挂_1,2020-05-13T23:00:08
G0045130030013100101052020051323000001,豫U73990_1,2020-05-13T23:00:05
G1812130020011100101032020051323000001,鲁HE5596_1,2020-05-13T23:00:07
G0045130040034200102032020051323000001,冀D17U2挂_1,2020-05-13T23:00:02
S0010130010031100101032020051323000001,鲁EF7050_5,2020-05-13T23:00:17
S0010130010031100101022020051323000001,默A00000_9,2020-05-13T23:00:17
S0010130010031100101012020051323000001,默A00000_9,2020-05-13T23:00:17
G0045130040025100101022020051323000001,豫PUK321_0,2020-05-13T23:00:09
G1812130010002200101012020051323000001,津ADY036_0,2020-05-13T23:00:18
G1812130010002200101032020051323000001,豫R609QH_0,2020-05-13T23:00:15
G1812130010002200102012020051323000001,津ADY036_0,2020-05-13T23:00:19
G1812130010002200102022020051323000001,豫R609QH_0,2020-05-13T23:00:19
G0025130050008200102012020051323000001,冀B53Y75_0,2020-05-13T23:00:15
G0004130020038200101022020051323000001,冀F689HV_0,2020-05-13T23:00:14
G0004130020038200102012020051323000001,冀F689HV_0,2020-05-13T23:00:16
G0095130070005100101042020051323000001,渝D60502_1,2020-05-13T23:00:20
G0095130070005100102022020051323000001,新FTR20挂_1,2020-05-13T23:00:11
S0075130050004200102022020051323000002,默A00000_9,2020-05-13T23:00:17
S0075130050004200101032020051323000002,晋L1508X_1,2020-05-13T23:00:20
S0075130050004200101042020051323000002,浙L1508X_1,2020-05-13T23:00:20
S0072130020007200101032020051323000001,冀D2E186_1,2020-05-13T23:00:14
S0072130020007200102022020051323000001,默A00000_9,2020-05-13T23:00:18
G0001130010037100101042020051323000002,默A00000_9,2020-05-13T23:00:20
G0001130010037100101032020051323000002,默A00000_9,2020-05-13T23:00:20
G0001130010037100101022020051323000003,京HBS003_0,2020-05-13T23:00:20
G0001130010009100102032020051323000003,辽AK4811_1,2020-05-13T23:00:16
G0001130010009100101062020051323000003,默A00000_9,2020-05-13T23:00:13
G0001130010009100101022020051323000002,冀CXH888_0,2020-05-13T23:00:18
G0001130010009100101052020051323000003,冀AK4811_1,2020-05-13T23:00:14
S0052130010003100102012020051323000001,冀H5556U_0,2020-05-13T23:00:14
S0052130010003100101012020051323000001,冀H5556U_0,2020-05-13T23:00:11
S0052130020002200102022020051323000001,冀B03LL挂_1,2020-05-13T23:00:11
G0004130020033100102012020051323000001,冀D56H98_0,2020-05-13T23:00:11
G0020130010029100101032020051323000003,冀ED7623_1,2020-05-13T23:00:15
G0020130010029100101032020051323000002,晋C6E033_0,2020-05-13T23:00:11
G0020130010029100102022020051323000003,冀ED7623_1,2020-05-13T23:00:18
G0020130010029100102022020051323000001,冀A36QN挂_1,2020-05-13T23:00:13
G0020130010029100102022020051323000002,晋C6E033_0,2020-05-13T23:00:14
G0001130010005100101022020051323000002,鲁K11W68_0,2020-05-13T23:00:14
G0001130010005100101042020051323000003,冀J3K383_1,2020-05-13T23:00:15
G0001130010005100102012020051323000002,鲁K11W68_0,2020-05-13T23:00:16
G0001130010005100102032020051323071266,辽CBG29挂_1,2020-05-13T23:00:14
G0004130010019100101012020051323000002,冀A9159J_0,2020-05-13T23:00:12
G0004130010019100102022020051323000001,冀FF089V_0,2020-05-13T23:00:13
G0004130010019100101062020051323000001,冀FE5261_1,2020-05-13T23:00:15
G0004130010019100101012020051323000003,冀F066LY_0,2020-05-13T23:00:20
G0004130010019100102012020051323000002,冀A9159J_0,2020-05-13T23:00:14
G0004130010019100102032020051323000001,冀FE5261_1,2020-05-13T23:00:18
G0004130010019100101042020051323000001,冀FF089V_0,2020-05-13T23:00:11
G1812130010021100102022020051323000003,冀FM4934_1,2020-05-13T23:00:13
G1812130010021100101032020051323000002,冀FM4934_1,2020-05-13T23:00:11
G0004130010042200101072020051323000001,冀GL3373_1,2020-05-13T23:00:15
G0004130010042200102012020051323000001,湘EM6479_0,2020-05-13T23:00:11
G2516130010012200102082020051323000002,冀ESD56挂_1,2020-05-13T23:00:11
G0004130010008200102012020051323000001,京Q71L73_0,2020-05-13T23:00:13
G0004130010008200102032020051323000001,豫HN7966_1,2020-05-13T23:00:19
G0004130010008200101012020051323000001,京Q71L73_0,2020-05-13T23:00:10
G0004130010008200101062020051323000001,豫HN7966_1,2020-05-13T23:00:15
G0018130020005100101022020051323000001,冀F56D10_0,2020-05-13T23:00:19
G0018130020005100101012020051323000001,贵F56D10_0,2020-05-13T23:00:19
S9902130010004200102012020051323000003,京P985C9_0,2020-05-13T23:00:14
S9902130010004200102012020051323000004,冀A6649A_0,2020-05-13T23:00:17
G0095130040002200201022020051323000001,辽PA0623_1,2020-05-13T23:00:16
S9902130010004200101032020051322000154,冀F291HR_0,2020-05-13T23:00:19
G0095130040002200102022020051323000001,冀A10WD7_0,2020-05-13T23:00:12
G0095130040002200101012020051323000001,辽F81D17_0,2020-05-13T23:00:16
G0095130040002200201012020051323000001,京MCU530_0,2020-05-13T23:00:15
G0001130010021100101042020051323000006,辽CF3587_1,2020-05-13T23:00:17
G0001130010021100101062020051323000003,吉G4A111_1,2020-05-13T23:00:18
G0001130010021100102022020051323000004,津CT177挂_1,2020-05-13T23:00:18
G0001130010021100101032020051323000005,默A00000_9,2020-05-13T23:00:17
G0001130010021100102022020051323000003,黑MZ092挂_1,2020-05-13T23:00:13
G0001130010021100101042020051323000003,黑ES6661_1,2020-05-13T23:00:10
G0001130010021100101042020051323000005,默A00000_9,2020-05-13T23:00:15
G0001130010021100102022020051323000005,辽CX286挂_1,2020-05-13T23:00:20
G0001130010021100101042020051323000004,冀C18207_1,2020-05-13T23:00:14
G0001130010021100101052020051323000002,冀A96095_1,2020-05-13T23:00:13
G0001130010021100102032020051323000002,冀A1X08挂_1,2020-05-13T23:00:19
G0004130010011100102022020051323000002,冀J1VW75_0,2020-05-13T23:00:13
G0004130010011100101042020051323000002,冀J1VW75_0,2020-05-13T23:00:11
G0004130010011100101012020051323000002,冀A6EJ08_0,2020-05-13T23:00:20
G0020130020007100101012020051323000001,黑A102WV_0,2020-05-13T23:00:15
G0020130020007100102042020051323000001,黑A102WV_0,2020-05-13T23:00:18
G0020130020007100101022020051323000003,鲁EE3589_1,2020-05-13T23:00:11
G0020130020007100102052020051323000003,鲁EBV96挂_1,2020-05-13T23:00:17
G0045130040002200102012020051323000003,冀F83D93_0,2020-05-13T23:00:08
G0045130040002200101012020051323000003,冀F83D93_0,2020-05-13T23:00:07
G0045130040002200101032020051323000001,冀B45167_0,2020-05-13T23:00:05
G0045130040002200102022020051323000001,冀B45167_0,2020-05-13T23:00:07
S0010130010031100102022020051323000002,默A00000_9,2020-05-13T23:00:27
S0010130010031100102032020051323000002,默A00000_9,2020-05-13T23:00:27
G0121130010005100102032020051323000001,默A00000_9,2020-05-13T23:00:22
G0007130010014200101072020051323000010,冀G78717_1,2020-05-13T23:00:23
G0007130010014200102092020051323000003,冀GK531挂_1,2020-05-13T23:00:26
G0025130010005100102022020051323000001,辽NL223挂_1,2020-05-13T23:00:21
G0003130040012200202012020051323000001,鲁AQ77T1_0,2020-05-13T23:00:28
G0003130040012200201012020051323000001,鲁AQ77T1_0,2020-05-13T23:00:26
G0003130040012200202022020051323000001,冀T78W35_0,2020-05-13T23:00:28
G0003130040012200201022020051323000001,冀T78W35_0,2020-05-13T23:00:26
G0001130010019100101062020051323000003,WJ80455_3,2020-05-13T23:00:23
G0001130010019100102032020051323000003,辽D4800挂_1,2020-05-13T23:00:26
G0001130010019100102012020051323000005,辽PX3036_0,2020-05-13T23:00:22
G0001130010019100101052020051323000003,BA80455_3,2020-05-13T23:00:23
G0007130010024200202062020051323000004,冀CS737挂_1,2020-05-13T23:00:27
G0007130010024200102062020051322000051,津DA997挂_1,2020-05-13T23:00:26
G0007130010024200201012020051322000019,鲁Q8759R_1,2020-05-13T23:00:30
G0007130010024200101072020051322000071,津CA5569_1,2020-05-13T23:00:23
G0007130010024200201052020051323000001,冀C15128_1,2020-05-13T23:00:23
S9902130030004200102012020051323000002,冀FA6E08_0,2020-05-13T23:00:29
S9902130030004200101012020051323000002,冀FA6E08_0,2020-05-13T23:00:27
G0045130030025100101052020051323000001,豫HN8635_1,2020-05-13T23:00:28
G0045130030025100102012020051323000001,冀D613BK_0,2020-05-13T23:00:30
G0045130030025100101022020051323000001,冀D613BK_0,2020-05-13T23:00:28
G1811130040004200102082020051323000001,鲁M3N86挂_1,2020-05-13T23:00:25
G1811130040004200101042020051323000001,鲁M3F830_1,2020-05-13T23:00:22
G1812130020023100101022020051323000001,默A00000_9,2020-05-13T23:00:23
S0072130030022100101042020051323000002,冀A0395Y_1,2020-05-13T23:00:27
G0045130010018200102032020051323000001,冀BQ601挂_1,2020-05-13T23:00:22
G0045130040025100102022020051323000002,冀DG2X2挂_1,2020-05-13T23:00:24
G0045130040025100102022020051323000003,豫JHD835_0,2020-05-13T23:00:26
G0045130040025100101042020051323000002,冀D0M557_1,2020-05-13T23:00:20
G0045130040025100101042020051323000003,豫JHD835_0,2020-05-13T23:00:23
G0045130040025100101022020051323000004,黑EQJ323_0,2020-05-13T23:00:27
G0045130040025100102012020051323000004,豫JVJ752_0,2020-05-13T23:00:25
G0045130040025100102032020051323000002,冀A96EV5_0,2020-05-13T23:00:25
G0045130040025100101052020051323000002,冀A96EV5_0,2020-05-13T23:00:22
G0045130040025100101022020051323000003,豫JVJ752_0,2020-05-13T23:00:23
G0045130040025100102012020051323000005,黑EQJ323_0,2020-05-13T23:00:29
G0022130050004200101042020051323000002,鲁DD7906_1,2020-05-13T23:00:37
G0022130050004200102022020051323000002,鲁P7H59挂_1,2020-05-13T23:00:31
G0022130050004200102022020051323000003,鲁DHB11挂_1,2020-05-13T23:00:40
G1811130020015100101042020051323000002,闽J19066_1,2020-05-13T23:00:34
S0064130010012200101052020051323000001,冀C32731_1,2020-05-13T23:00:37
S0064130010012200101062020051323000001,冀C39731_1,2020-05-13T23:00:37
G0018130030007100101032020051323000001,鲁E609EF_0,2020-05-13T23:00:37
G0095130100010200102022020051323000002,湘AC1517_1,2020-05-13T23:00:31
G0095130080005100101042020051323000001,津C22170_1,2020-05-13T23:00:40
G0018130010002200101032020051323000016,鲁HBX233_1,2020-05-13T23:00:32
G0018130010002200102022020051323000017,苏JHM11挂_1,2020-05-13T23:00:31
G1811130030005100101052020051323000001,冀T31286_1,2020-05-13T23:00:36
G1811130030005100102032020051323000001,冀EV572挂_1,2020-05-13T23:00:39
S0003130010014200101012020051323000001,鲁B60H91_0,2020-05-13T23:00:36
S0003130010014200102022020051323000002,晋B60H91_0,2020-05-13T23:00:38
S0003130010014200101042020051323000002,晋B60H91_0,2020-05-13T23:00:36
S0071130020002200101042020051323000004,冀T36539_1,2020-05-13T23:00:45
S0071130020002200102082020051323000009,冀L73B6挂_1,2020-05-13T23:00:47
S0071130020002200102082020051323000008,晋CE998挂_1,2020-05-13T23:00:44
G0045130040034200102032020051323000004,冀P6R89挂_1,2020-05-13T23:00:47
S0052130010005200101032020051323000001,冀B0078W_1,2020-05-13T23:00:53
G0025130010013100102022020051323000001,默A00000_9,2020-05-13T23:00:53
G0020130010023100101032020051323000004,冀F76VP5_0,2020-05-13T23:00:59
G0025130050004200101012020051323000003,冀GE0319_1,2020-05-13T23:00:47
G0020130010023100102012020051323000001,冀EKG021_0,2020-05-13T23:00:53
G0020130010023100101042020051323000002,鲁P18M89_0,2020-05-13T23:00:51
G0020130010023100101012020051323000001,冀EKG021_0,2020-05-13T23:00:51
G0020130010023100102022020051323000004,鲁P18M89_0,2020-05-13T23:00:54
G0002130010002200202022020051323000008,默A00000_9,2020-05-13T23:00:59
G0002130010002200201022020051323000006,冀T83981_1,2020-05-13T23:00:51
G0002130010002200202022020051323000007,冀T83981_1,2020-05-13T23:00:55
G0002130010002200201022020051323000007,冀J9GA61_0,2020-05-13T23:00:54
G0002130010002200201022020051323000008,鲁H22V13_1,2020-05-13T23:00:56
G0121130010010200102032020051323000004,冀DK732挂_1,2020-05-13T23:00:55
G0121130010010200102032020051323000003,冀B23P0挂_1,2020-05-13T23:00:52
G0121130010010200101032020051323000003,蒙D75064_1,2020-05-13T23:00:52
G0020130020005100101042020051323000006,鲁NC9185_1,2020-05-13T23:00:55
G0020130020005100102082020051323000004,默A00000_9,2020-05-13T23:00:50
G0020130020005100102082020051323000005,默A00000_9,2020-05-13T23:00:52
G0095130070003100101042020051405000113,豫FA0836_1,2020-05-13T23:00:42
G0018130020010200101032020051323000020,冀RC8375_1,2020-05-13T23:00:57
G0018130020010200101032020051323000019,蒙J87698_1,2020-05-13T23:00:55
G0018130020010200101042020051323000007,冀BC8375_1,2020-05-13T23:00:57
G0018130020010200102022020051323000028,冀RJ801挂_1,2020-05-13T23:00:59
G0018130020010200101042020051323000006,蒙A87698_1,2020-05-13T23:00:55
G0018130020010200101032020051323000018,豫C9M053_0,2020-05-13T23:00:53
G0018130020010200101042020051323000005,渝C9M053_0,2020-05-13T23:00:53
G0018130020010200102022020051323000026,津C9W053_0,2020-05-13T23:00:55
G0018130020010200102022020051323000027,蒙JZ886挂_1,2020-05-13T23:00:57
G0005130050004200101042020051323000001,辽A98LU1_0,2020-05-13T23:00:42
G0004130020023100101032020051323000005,冀DK0R03_0,2020-05-13T23:00:46
G0095130060001100102022020051323000001,冀J4X35挂_1,2020-05-13T23:00:40
G2516130010017100102082020051323000007,鲁DW578F_0,2020-05-13T23:00:56
G2516130010017100101042020051323000007,鲁DW578F_0,2020-05-13T23:00:54
G2516130010017100101032020051323000007,豫DW578F_0,2020-05-13T23:00:54
G0020130020008200102052020051323000003,冀CD2769_1,2020-05-13T23:00:57
G0020130020008200101022020051323000002,皖CD2769_1,2020-05-13T23:00:53
G1811130030007100101062020051323000002,鲁A6P5J9_0,2020-05-13T23:00:41
G2516130010017100101032020051323000006,蒙JA3770_1,2020-05-13T23:00:46
G0004130010024200102042020051323000002,默A00000_9,2020-05-13T23:00:14
S0003130010013100102012020051323000001,默A00000_9,2020-05-13T23:00:05
S0003130010013100101012020051323000001,默A00000_9,2020-05-13T23:00:01
S0003130010013100101022020051322000022,默A00000_9,2020-05-13T23:00:01
G0004130010028200101082020051323000001,冀A862AE_1,2020-05-13T23:00:47
G0004130010028200101022020051323000001,冀FD195V_0,2020-05-13T23:00:45
G0004130010028200101032020051323000001,冀RR0015_0,2020-05-13T23:00:43
G0004130010028200102012020051323000001,冀FD195V_0,2020-05-13T23:00:46
G0004130010028200102022020051323000001,冀RR0015_0,2020-05-13T23:00:45
G0004130010028200102042020051323000001,陕ATB44挂_1,2020-05-13T23:00:50
G0004130010046200102032020051323000001,辽PY586挂_1,2020-05-13T23:00:10
G0004130010046200101052020051323000001,辽PC4996_1,2020-05-13T23:00:07
G0007130010014200101072020051323000009,冀GM7738_1,2020-05-13T23:00:02
G0020130010018200101012020051323000001,冀AX53M5_0,2020-05-13T23:00:07
G0020130010018200102022020051323000001,晋A2DJ91_0,2020-05-13T23:00:01
G0020130010018200102012020051323000002,冀AX53M5_0,2020-05-13T23:00:09
G0020130010018200102012020051323000001,冀AK1T07_0,2020-05-13T23:00:01
G0020130010018200101032020051323000001,鲁H77G23_1,2020-05-13T23:00:02
G0020130010018200102022020051323000002,鲁H2C73挂_1,2020-05-13T23:00:05
S0075130050006200101032020051323000001,冀ER9570_1,2020-05-13T23:00:07
G0025130040007100101012020051323000001,吉GC5445_1,2020-05-13T23:00:08
G0001130010038200102022020051322000181,默A00000_9,2020-05-13T23:00:02
G1811130010018200101032020051323000001,冀J9A925_1,2020-05-13T23:00:08
G1811130010018200101042020051323000001,冀DY4425_1,2020-05-13T23:00:04
S9902130010006200101042020051323000005,冀A09MG1_0,2020-05-13T23:00:08
G0018130010004100101012020051323000001,豫C022CU_0,2020-05-13T23:00:07
G0018130010004100102012020051323000007,豫C022CU_0,2020-05-13T23:00:08
G0018130010004100101032020051323000032,冀GN0938_1,2020-05-13T23:00:09
G0001130010004200102032020051322000410,默A00000_9,2020-05-13T23:00:01
G0001130010004200101062020051323000002,默A00000_9,2020-05-13T23:00:10
G0001130010004200101052020051323000003,默A00000_9,2020-05-13T23:00:10
G0001130010004200102032020051323000002,默A00000_9,2020-05-13T23:00:07
G0001130010004200101032020051323000002,冀BS2218_1,2020-05-13T23:00:06
G0001130010004200101062020051322000409,辽K4A765_1,2020-05-13T23:00:01
G0005130050006200101052020051323000001,冀A1297M_1,2020-05-13T23:00:04
G0005130050006200102112020051323000002,豫PPY24挂_1,2020-05-13T23:00:07
G0005130050006200101062020051323000001,冀A1297H_1,2020-05-13T23:00:03
G0045130030022200101042020051323000001,鲁PN2126_1,2020-05-13T23:00:05
G1812130010004200102022020051322000183,豫S5289挂_1,2020-05-13T23:00:01
G0001130010005100101062020051322000423,晋J5022A_1,2020-05-13T23:00:01
G0001130010005100102032020051323071264,辽C0550挂_1,2020-05-13T23:00:07
G0001130010005100101042020051323000002,辽CD1970_1,2020-05-13T23:00:06
G0001130010005100102022020051323000002,辽CB111挂_1,2020-05-13T23:00:09
G0001130010005100101052020051322073079,晋J50222_1,2020-05-13T23:00:01
G0001130010005100102032020051323071265,冀A8261挂_1,2020-05-13T23:00:08
G0001130010005100101052020051323072680,默A00000_9,2020-05-13T23:00:08
G0001130010005100102032020051322071595,鲁QQH85挂_1,2020-05-13T23:00:01
G0001130010005100101052020051323072681,辽CC8876_1,2020-05-13T23:00:10
G0004130010019100101012020051323000001,冀ALB238_0,2020-05-13T23:00:03
G0004130010019100102042020051323000001,冀EV3625_1,2020-05-13T23:00:02
G0004130010019100102012020051323000001,冀ALB238_0,2020-05-13T23:00:04
G0025130030002200101012020051323000001,冀H2213N_0,2020-05-13T23:00:04
G0025130030002200102012020051323000001,冀H2213N_0,2020-05-13T23:00:07
G2002130010004100101052020051322000462,冀A0K793_1,2020-05-13T23:00:04
G2002130010004100101082020051323000001,默A00000_9,2020-05-13T23:00:04
G2002130010004100101022020051323000002,冀A2P2Y3_0,2020-05-13T23:00:10
G2002130010004100102032020051323000002,冀APW26挂_1,2020-05-13T23:00:05
G2002130010004100101022020051323000001,冀A404RT_0,2020-05-13T23:00:04
G2002130010004100101062020051323000002,晋H67553_1,2020-05-13T23:00:09
G2002130010004100101062020051323000001,冀AM7416_1,2020-05-13T23:00:04
G2002130010004100102012020051323000004,冀A404RT_0,2020-05-13T23:00:04
G2002130010004100102032020051323000001,冀A85SN挂_1,2020-05-13T23:00:04
S0072130010006100101142020051323000002,鲁N87139_1,2020-05-13T23:00:05
S0072130010006100101132020051323000003,冀TJ3P92_0,2020-05-13T23:00:09
S0072130010006100101142020051323000001,默A00000_9,2020-05-13T23:00:02
S0072130010006100102222020051323000003,冀AMR69挂_1,2020-05-13T23:00:09
S0072130010006100101132020051323000001,默A00000_9,2020-05-13T23:00:02
S0072130010006100102222020051323000001,冀T138T挂_1,2020-05-13T23:00:03
S0072130010006100102222020051323000002,冀JWE82挂_1,2020-05-13T23:00:06
G2002130010007200101012020051323000001,冀F6SB20_0,2020-05-13T23:00:08
G2002130010007200102012020051323000001,冀F6SB20_0,2020-05-13T23:00:09
G0020130010002200101022020051323000001,冀A03JV8_0,2020-05-13T23:00:10
G0004130010022200101052020051323000001,沪EB3571_1,2020-05-13T23:00:10
G0045130040027100101042020051323000001,豫J18S93_0,2020-05-13T23:00:07
G0045130040027100101052020051323000001,京LHY919_0,2020-05-13T23:00:10
G1812130020003100102022020051323000001,默A00000_9,2020-05-13T23:00:31
G2002130020001100102132020051323000002,默A00000_9,2020-05-13T23:00:12
G2002130020001100101062020051323000003,鲁Q263AF_1,2020-05-13T23:00:16
G2002130020001100102132020051323000003,藏C8EX8挂_1,2020-05-13T23:00:19
G0004130010006200101032020051323000001,晋L2156A_0,2020-05-13T23:00:15
G0004130010006200102012020051323000001,黑C3221G_0,2020-05-13T23:00:14
G0004130010006200101022020051323000001,黑C3221G_0,2020-05-13T23:00:11
G0004130010006200102022020051323000001,晋L2156A_0,2020-05-13T23:00:18
G0004130020021100101062020051323000003,冀FM2062_1,2020-05-13T23:00:19
G0004130020021100101032020051323000003,冀AY3X70_0,2020-05-13T23:00:10
G0004130020021100102022020051323000003,冀AY3X70_0,2020-05-13T23:00:12
G0025130040007100102012020051323000001,吉GC5445_1,2020-05-13T23:00:11
G0121130020010200102021970010721000086,鲁BDU99挂_1,2020-05-13T23:00:12
G0001130010035100101052020051323000003,默A00000_9,2020-05-13T23:00:18
G0001130010035100101062020051323072754,默A00000_9,2020-05-13T23:00:18
G1811130020020200102022028062406000715,默A00000_9,2020-05-13T23:00:13
G0006130020014200101012020051323000002,京N0TA93_0,2020-05-13T23:00:11
G0025130010006200101012020051323000001,辽NBN286_0,2020-05-13T23:00:15
G0111130010030203001042020051323000002,默A00000_9,2020-05-13T23:00:18
G0111130010030203001042020051323000001,沪DR0336_1,2020-05-13T23:00:18
G0111130010030203001032020051323000002,默A00000_9,2020-05-13T23:00:19
G0045130030019100101052020051323000002,鲁FAN605_1,2020-05-13T23:00:19
G0045130030019100102012020051323000002,鲁R2M50S_0,2020-05-13T23:00:18
G0045130030019100101022020051323000002,鲁R2M50S_0,2020-05-13T23:00:16
G1811130040006200102082020051323000004,晋A6HG01_0,2020-05-13T23:00:15
G1811130040006200101032020051323000004,冀FN5577_1,2020-05-13T23:00:19
G1811130040006200102082020051323000003,默A00000_9,2020-05-13T23:00:11
G1811130040006200101042020051323000003,晋A6HG01_0,2020-05-13T23:00:13
G2516130010019100102082020051323000002,默A00000_9,2020-05-13T23:00:15
G2516130010019100101042020051323000002,冀ER5881_1,2020-05-13T23:00:16
G0004130010020200102012020051323000001,晋M2R771_0,2020-05-13T23:00:16
G0004130010020200101022020051323000001,晋M2R771_0,2020-05-13T23:00:15
G0045130030035100102012020051323000003,默A00000_9,2020-05-13T23:00:11
G0045130030035100101062020051323000002,鲁A5G28V_0,2020-05-13T23:00:18
G9511130010008200101032020051323000001,冀FT1573_1,2020-05-13T23:00:14
G9511130010008200102022020051323000002,冀FVE22挂_1,2020-05-13T23:00:17
G0022130050014200101052020051323000001,鲁PQ1679_1,2020-05-13T23:00:16
G0022130050014200101072020051323000001,冀D6F901_1,2020-05-13T23:00:11
G0022130050014200102042020051323000002,冀DM0E5挂_1,2020-05-13T23:00:13
S0071130010005100102072020051323000001,冀AX18N7_0,2020-05-13T23:00:13
G0022130050014200101032020051323000001,冀DW5516_1,2020-05-13T23:00:13
G0022130050014200102032020051323000001,冀J03D5挂_1,2020-05-13T23:00:18
S0071130010005100101012020051323000001,冀AX18N7_0,2020-05-13T23:00:11
S0071130010005100102082020051323000001,冀A29KN挂_1,2020-05-13T23:00:12
S0071130010005100101042020051323000002,冀ASL201_1,2020-05-13T23:00:19
S0071130010005100102082020051323000002,冀A65BK挂_1,2020-05-13T23:00:19
G0022130030007100101012020051323000001,冀DDE163_0,2020-05-13T23:00:15
S0071130010005100101032020051323000001,冀AM8092_1,2020-05-13T23:00:14
G0022130030007100101062020051323000010,鲁PP9355_1,2020-05-13T23:00:18
G0022130030007100102012020051323000001,冀DDE163_0,2020-05-13T23:00:17
G0022130030007100101032020051323000001,鲁ND9775_1,2020-05-13T23:00:20
G0002130010003100101042020051323000002,豫FB6322_1,2020-05-13T23:00:19
G0002130010003100101042020051323000001,皖C83745_1,2020-05-13T23:00:11
G0002130010003100102022020051323000001,皖CN507挂_1,2020-05-13T23:00:14
G0004130010004200101072020051323000006,默A00000_9,2020-05-13T23:00:16
G0004130010004200101072020051323000005,默A00000_9,2020-05-13T23:00:15
G0004130010004200101062020051323000003,冀D8H271_1,2020-05-13T23:00:13
G0004130010004200101072020051323000004,默A00000_9,2020-05-13T23:00:10
G0004130010004200102022020051323000001,冀F21HK9_0,2020-05-13T23:00:15
G0095130060004200101012020051323000001,冀F29ZK9_0,2020-05-13T23:00:14
G0095130060004200101042020051323000001,冀FQ2322_1,2020-05-13T23:00:12
G0095130060004200101042020051323000002,冀F262D9_0,2020-05-13T23:00:14
G0095130060004200102022020051323000001,冀FQ2322_1,2020-05-13T23:00:14
G0095130060004200101042020051323000003,津C78210_1,2020-05-13T23:00:18
G0004130010010200102022020051323000002,冀F130CV_0,2020-05-13T23:00:17
G0004130010010200101032020051323000002,冀F130CV_0,2020-05-13T23:00:15
G1013130010001100201032020051323000001,辽PM166挂_1,2020-05-13T23:00:22
G0121130020010200101042020051323000002,冀C8H987_0,2020-05-13T23:00:23
G0121130020010200102021970010722000001,冀C8H987_0,2020-05-13T23:00:26
S0071130020003100102082020051323000001,冀AW283挂_1,2020-05-13T23:00:22
G0018130030001100101042020051323000001,晋HR4674_1,2020-05-13T23:00:27
G0002130010003100101012020051323000001,鲁G069RD_0,2020-05-13T23:00:24
G0002130010003100102022020051323000002,豫FB6322_1,2020-05-13T23:00:22
G0002130010003100102012020051323000001,鲁G069RD_0,2020-05-13T23:00:26
G0003130020002200102022020051323000003,京Q71MD1_0,2020-05-13T23:00:25
G0003130020002200101042020051323000003,京Q71MD1_0,2020-05-13T23:00:23
G0004130020042200102042020051323000002,默A00000_9,2020-05-13T23:00:26
G0004130020042200101072020051323000002,默A00000_9,2020-05-13T23:00:22
G0004130020042200101082020051323000002,默A00000_9,2020-05-13T23:00:22
S0071130010005100102072020051323000002,冀A35X35_0,2020-05-13T23:00:23
S0071130010005100102082020051323000003,冀AQ326挂_1,2020-05-13T23:00:21
S0071130010005100101012020051323000002,冀A35X35_0,2020-05-13T23:00:21
G0020130010003100101042020051323000003,冀EE0533_1,2020-05-13T23:00:23
G0020130010003100102022020051323000003,冀BE0533_1,2020-05-13T23:00:26
G0003130020016200101062020051323000002,鲁GZ5586_1,2020-05-13T23:00:24
G0003130020016200102032020051323000002,鲁GZ5586_1,2020-05-13T23:00:27
G0004130020025100102032020051323000003,赣C9673X_1,2020-05-13T23:00:23
G0004130020025100101062020051323000003,辽J33678_1,2020-05-13T23:00:30
G0004130020025100102042020051323000001,冀AZZ68挂_1,2020-05-13T23:00:23
G0004130020025100101052020051323000003,辽J33618_1,2020-05-13T23:00:30
G0004130020025100101052020051323000002,赣C9673X_1,2020-05-13T23:00:20
G1812130010014200102032020051323000002,默A00000_9,2020-05-13T23:00:27
G1812130010014200101032020051323000006,晋BB9807_1,2020-05-13T23:00:26
G1812130010014200102022020051323000005,豫BUP50挂_1,2020-05-13T23:00:21
G1812130010014200102032020051323000001,默A00000_9,2020-05-13T23:00:22
G1812130010014200101032020051323000007,晋BW9494_1,2020-05-13T23:00:30
G0018130050001100202022020051323000004,晋A720KV_0,2020-05-13T23:00:22
G0018130050001100201022020051323000004,蒙JAM654_0,2020-05-13T23:00:24
G0018130050001100202022020051323000005,蒙JAM654_0,2020-05-13T23:00:29
G0018130050001100202022020051323000003,默A00000_9,2020-05-13T23:00:21
G0025130050005100102012020051323000002,冀CW920挂_1,2020-05-13T23:00:03
G0025130050005100102012020051323000003,默A00000_9,2020-05-13T23:00:04
G0025130050005100102012020051323000006,辽C6505V_0,2020-05-13T23:00:10
G0025130050005100102012020051323000004,默A00000_9,2020-05-13T23:00:06
G0025130050005100102012020051323000001,默A00000_9,2020-05-13T23:00:03
G0025130050005100101022020051323000004,冀JJ5811_1,2020-05-13T23:00:25
G0025130050005100102012020051323000005,辽NV8220_1,2020-05-13T23:00:09
G0025130050005100102012020051323000007,桂CC309挂_1,2020-05-13T23:00:30
G0025130050005100101022020051323000001,冀B8901J_1,2020-05-13T23:00:01
G0025130050005100101022020051323000002,辽NV8220_1,2020-05-13T23:00:04
G0025130050005100101022020051323000003,辽C6505V_0,2020-05-13T23:00:06
G1811130040006200101042020051323000005,冀AX9076_1,2020-05-13T23:00:23
G1811130040006200102082020051323000006,冀AX864挂_1,2020-05-13T23:00:27
G1811130040006200102082020051323000005,冀ALN95挂_1,2020-05-13T23:00:22
G2002130010009200102032020051323000001,蒙B75Y65_0,2020-05-13T23:00:23
S0072130030002100102012020051323000002,冀E8792X_0,2020-05-13T23:00:28
S0072130030002100101022020051323000002,冀E8792X_0,2020-05-13T23:00:26
G9511130010012200101032020051323000001,辽HL8288_1,2020-05-13T23:00:21
G0018130020009100102022020051323000004,闽H5232挂_1,2020-05-13T23:00:26
G0018130020009100101042020051323000014,默A00000_9,2020-05-13T23:00:21
G0018130020009100101032020051323000004,皖KR7005_1,2020-05-13T23:00:23
G0018130020009100101042020051323000013,默A00000_9,2020-05-13T23:00:21
G0018130020009100102022020051323000003,津DN529挂_1,2020-05-13T23:00:22
G0018130020009100102012020051323000001,京NF6605_0,2020-05-13T23:00:30
G0018130020009100101022020051323000006,京NF6605_0,2020-05-13T23:00:28
S0075130040009100101042020051323000003,冀F9SS72_0,2020-05-13T23:00:26
G0004130020006200101052020051323000002,冀GS3963_0,2020-05-13T23:00:28
G0004130020006200102012020051323000001,冀T6872A_1,2020-05-13T23:00:29
G0004130020006200101072020051323000003,浙A6V395_1,2020-05-13T23:00:25
G0004130020006200101012020051323000001,冀T6872A_0,2020-05-13T23:00:27
G0004130020006200102042020051323000003,湘AC842挂_1,2020-05-13T23:00:28
G0045130030029100102032020051323000004,冀A57DN3_0,2020-05-13T23:00:21
G0045130030029100101042020051323000002,辽ABW806_1,2020-05-13T23:00:20
G0045130030029100101052020051323000004,冀FM9361_1,2020-05-13T23:00:27
G0045130030029100102022020051323000001,辽ABW806_1,2020-05-13T23:00:24
G0045130030001100101022020051323000002,京AHF821_1,2020-05-13T23:00:27
G0045130030001100201012020051323000001,冀F59QG7_0,2020-05-13T23:00:24
G0045130030001100202012020051323000001,冀F59QG7_0,2020-05-13T23:00:26
G0020130020007100201022020051323000001,鲁MBT998_1,2020-05-13T23:00:21
G0020130020007100102052020051323000004,青K67V6挂_1,2020-05-13T23:00:28
G0020130020007100201022020051323000002,鲁PB0557_1,2020-05-13T23:00:25
G0020130020007100101022020051323000005,晋KZ2192_1,2020-05-13T23:00:25
G0020130020007100101022020051323000004,晋KV4307_1,2020-05-13T23:00:22
G0045130040027100101062020051323000003,浙A8S229_1,2020-05-13T23:00:20
G0045130040027100102032020051323000002,豫JVW121_0,2020-05-13T23:00:21
G0045130040027100102032020051323000003,浙AU269挂_1,2020-05-13T23:00:24
G0045130040027100101012020051323000001,冀D758NZ_0,2020-05-13T23:00:29
G0045130040002200102032020051323000001,冀J6C800_1,2020-05-13T23:00:13
G0045130040002200101072020051323000001,豫PYQ105_0,2020-05-13T23:00:11
G0045130040002200102042020051323000001,豫PYQ105_0,2020-05-13T23:00:14
G0045130040002200101062020051323000001,冀J6C800_1,2020-05-13T23:00:11
G1013130010014200102022020051323000001,鄂A1JG26_0,2020-05-13T23:00:52
G0045130040015100101052020051323000003,黑D86433_1,2020-05-13T23:00:27
G0045130040015100102012020051323000001,冀DU358Y_0,2020-05-13T23:00:25
G0045130040015100102032020051323000001,冀J5F651_1,2020-05-13T23:00:22
G0045130040015100101012020051323000001,冀DU358Y_0,2020-05-13T23:00:23
G0022130030001100102012020051323000003,苏DFM83挂_1,2020-05-13T23:00:35
G0022130030001100102022020051323000005,鲁DD6508_1,2020-05-13T23:00:34
G0022130030001100101032020051323000006,冀D6A557_1,2020-05-13T23:00:34
G0022130030001100101032020051323000005,冀DD6508_1,2020-05-13T23:00:31
G0022130030001100102022020051323000004,苏CEM83挂_1,2020-05-13T23:00:32
G0022130050002200102022020051323000001,晋LH0773_1,2020-05-13T23:00:35
G0095130040002200202022020051323000002,冀A10WD7_0,2020-05-13T23:00:34
G0095130040002200102032020051400002612,浙M312L挂_1,2020-05-13T23:00:33
G0095130040002200201022020051323000002,冀A10WD7_0,2020-05-13T23:00:30
G0095130040002200102032020051400002611,默A00000_9,2020-05-13T23:00:31
G0025130040011100102012020051323000001,鄂S117B2_1,2020-05-13T23:00:05
G0025130040011100101012020051323000001,鄂S817B2_1,2020-05-13T23:00:02
G0095130100013100102022031031100002317,冀GVY575_0,2020-05-13T23:00:31
S9902130030005100102022020051323000002,冀A861JX_0,2020-05-13T23:00:36
S9902130030005100101032020051323000002,冀A861JX_0,2020-05-13T23:00:34
G0003130020005100102022020051323000002,京AJG038_1,2020-05-13T23:00:40
G0003130020005100101012020051323000003,冀RD9M61_0,2020-05-13T23:00:31
G0003130020005100101042020051323000002,京AJG038_1,2020-05-13T23:00:35
G0004130020037100102042020051323000002,冀E253J挂_1,2020-05-13T23:00:30
G0004130020037100102032020051323000002,冀AX8A92_0,2020-05-13T23:00:32
G0004130020025100101072020051323000002,晋L35822_1,2020-05-13T23:00:33
G0004130020025100102032020051323000004,辽J7666挂_1,2020-05-13T23:00:32
G0004130020025100102042020051323000002,晋LA177挂_1,2020-05-13T23:00:37
G1811130040005100101032020051323000005,冀ATK051_1,2020-05-13T23:00:32
G1811130040005100102082020051323000004,默A00000_9,2020-05-13T23:00:35
G1811130040005100102082020051323000005,冀A99GX挂_1,2020-05-13T23:00:37
G1811130040005100102082020051323000003,冀AK199挂_1,2020-05-13T23:00:30
G0006130010003100101042020051323000001,津RLK716_0,2020-05-13T23:00:38
S0072130030004100102022020051323000003,冀EDZ16挂_1,2020-05-13T23:00:35
S0072130030004100102022020051323000004,晋LGU18挂_1,2020-05-13T23:00:37
G0005130020023100102032020051323000002,粤CM572挂_1,2020-05-13T23:00:31
G0005130020023100101062020051323000003,晋AP2585_1,2020-05-13T23:00:36
G1812130010005100101032020051323000001,鲁A3H57A_0,2020-05-13T23:00:32
G1812130010005100102022020051323000001,鲁A3H57A_0,2020-05-13T23:00:32
G9511130010013100101042020051323000001,辽P77180_1,2020-05-13T23:00:35
G9511130010013100102022020051323000001,辽PS169挂_1,2020-05-13T23:00:38
S0072130010003200102222020051323000001,默A00000_9,2020-05-13T23:00:32
G0018130020006200101042020051323000001,藏C72831_1,2020-05-13T23:00:33
G0018130020006200101032020051323000001,浙C74831_1,2020-05-13T23:00:33
G0018130020006200102022020051323000001,辽CM419挂_1,2020-05-13T23:00:38
G0005130060003100102112020051323000019,冀A0E26挂_1,2020-05-13T23:00:02
G0005130060003100101072020051322000242,冀A55G53_1,2020-05-13T23:00:08
G2516130020007100102022020051323000006,冀E106L挂_1,2020-05-13T23:00:40
G2516130020007100102022020051323000005,冀A94HF挂_1,2020-05-13T23:00:32
G2516130020007100101042020051323000004,冀EU9419_1,2020-05-13T23:00:37
G2516130020007100102022020051323000004,冀DG0G0挂_1,2020-05-13T23:00:30
G0025130050007100102012020051323000002,默A00000_9,2020-05-13T23:00:45
S0075130040018200102012020051323000001,冀AN680D_0,2020-05-13T23:00:46
S0075130040018200101022020051323000001,冀AN680D_0,2020-05-13T23:00:44
G2002130020002200102142020051323000004,鲁PUP23挂_1,2020-05-13T23:00:49
G0022130050004200101022020051323000002,冀D356YU_0,2020-05-13T23:00:41
G0025130050003100101022020051323000002,京KKQ221_0,2020-05-13T23:00:51
G0025130050003100102012020051323000002,京KKQ221_0,2020-05-13T23:00:54
G0001130010008200101052020051323000006,默A00000_9,2020-05-13T23:00:58
G0001130010008200101062020051323000005,默A00000_9,2020-05-13T23:00:50
G0001130010008200101052020051323000007,默A00000_9,2020-05-13T23:00:59
G0001130010008200101062020051323000006,默A00000_9,2020-05-13T23:00:58
G0001130010008200102032020051323000005,鲁LD822挂_1,2020-05-13T23:00:54
G0025130010010200102032020051323000002,冀TBR759_0,2020-05-13T23:00:51
G0004130020039100101062020051323000005,沪ER1561_1,2020-05-13T23:00:58
G0004130020039100101052020051323000004,冀EV3818_1,2020-05-13T23:00:51
G0004130020039100101052020051323000005,冀FE6167_1,2020-05-13T23:00:54
G0004130020039100102032020051323000004,默A00000_9,2020-05-13T23:00:54
G0004130020039100102032020051323000005,冀FE6167_1,2020-05-13T23:00:57
S9902130010002200101022020051323000005,冀F2862W_0,2020-05-13T23:00:41
G1812130020012200101032020051323000004,冀J9J327_1,2020-05-13T23:00:55
G1812130020012200102022020051323000004,冀J74D9挂_1,2020-05-13T23:00:59
G1811130020015100101042020051323000005,默A00000_9,2020-05-13T23:00:55
G1811130020015100101042020051323000004,闽A65903_1,2020-05-13T23:00:52
G1811130020015100101032020051323000001,冀A65903_1,2020-05-13T23:00:52
S0072130030002100102022020051323000002,默A00000_9,2020-05-13T23:00:50
G1812130010010200101032020051323000002,冀FH2811_1,2020-05-13T23:00:57
G0005130040004200101032020051322000113,冀A299AY_1,2020-05-13T23:00:47
G0004130010001100202032020051323000002,京AJD007_1,2020-05-13T23:00:42
G0045130030001100202012020051323000002,京Q9W6L3_0,2020-05-13T23:00:53
G0045130030001100102022020051323000004,豫QS5949_0,2020-05-13T23:00:53
G0045130030001100201012020051323000003,京CDR623_0,2020-05-13T23:00:52
G0045130030001100102022020051323000005,京AED141_0,2020-05-13T23:00:58
G0045130030001100201012020051323000002,京Q9W6L3_0,2020-05-13T23:00:51
G0045130030001100101022020051323000006,京AED141_0,2020-05-13T23:00:56
G0045130030001100202022020051323000004,默A00000_9,2020-05-13T23:00:54
G0045130030001100101022020051323000005,豫QS5949_0,2020-05-13T23:00:51
G0045130030001100201022020051323000004,京AHF821_1,2020-05-13T23:00:50
G0045130030001100201022020051323000005,京Q9NJ57_0,2020-05-13T23:00:55
G0045130030001100202012020051323000003,京CDR623_0,2020-05-13T23:00:54
G0045130030001100202022020051323000005,京Q9NJ57_0,2020-05-13T23:00:58
G0025130030001100101062020051323000001,冀B2S18B_0,2020-05-13T23:00:54
G0025130030001100102032020051323000001,冀B2S18B_0,2020-05-13T23:00:57
G0004130020030200101062020051323000027,冀D5H978_1,2020-05-13T23:00:14
G0004130020030200102012020051323000171,冀A2G244_0,2020-05-13T23:00:19
G0004130020030200102032020051323000004,冀DT8Q6挂_1,2020-05-13T23:00:17
G0004130020030200101012020051323000001,冀A2G244_0,2020-05-13T23:00:17
G0022130030008200101052020051323000001,冀DY5119_1,2020-05-13T23:00:07
G0022130030016200102032020051323000001,鲁Q9QM9挂_1,2020-05-13T23:00:07
G0022130030016200101052020051323000001,鲁Q509FV_1,2020-05-13T23:00:04
G0003130020002200101042020051323000002,默A00000_9,2020-05-13T23:00:03
G0003130020002200101032020051323000002,默A00000_9,2020-05-13T23:00:03
G0003130020002200102022020051323000002,鲁QUR34挂_1,2020-05-13T23:00:05
G1811130020007100101012020051323000001,冀J67N91_0,2020-05-13T23:00:06
S0071130020007100101032020051323000001,冀A668BC_1,2020-05-13T23:00:05
S0071130020007100102082020051323000001,冀F33V3挂_1,2020-05-13T23:00:08
G0121130010006200102032020051323000001,冀HU720挂_1,2020-05-13T23:00:01
G0095130080010200101032020051323000001,津C21878_1,2020-05-13T23:00:09
G0121130010009100202022020051323000001,冀BF5A84_0,2020-05-13T23:00:05
G0121130010009100201022020051323000001,冀BF519A_0,2020-05-13T23:00:03
G0121130010009100202022020051322000045,冀BGL239_0,2020-05-13T23:00:01
G0121130010009100101032020051323000001,默A00000_9,2020-05-13T23:00:02
G0121130010009100102022020051322000039,冀B3HF09_0,2020-05-13T23:00:01
G0121130010009100102032020051323000001,默A00000_9,2020-05-13T23:00:09
S0071130010004200102082020051322000207,冀A07R0挂_1,2020-05-13T23:00:01
G0001130010024200102012020051322000160,冀A89S08_0,2020-05-13T23:00:02
G0001130010024200102032020051323000002,冀C89087_1,2020-05-13T23:00:07
G0001130010024200101012020051322000159,默A00000_9,2020-05-13T23:00:01
G0001130010024200102012020051322000161,默A00000_9,2020-05-13T23:00:03
G0001130010024200102022020051323000002,津DLV057_0,2020-05-13T23:00:04
G0001130010024200101022020051323000002,黑E191AA_0,2020-05-13T23:00:03
G0001130010024200101042020051323000001,津DLV057_0,2020-05-13T23:00:02
G0001130010024200102012020051323000002,黑E191AA_0,2020-05-13T23:00:06
G0001130010024200101022020051322000160,默A00000_9,2020-05-13T23:00:01
G0001130010024200101052020051323000002,津C89087_1,2020-05-13T23:00:05
G0005130050004200102112020051323000002,冀A3988挂_1,2020-05-13T23:00:06
G0005130050004200102112020051323000001,冀ANH54挂_1,2020-05-13T23:00:01
G0002130010001100102022020051323000001,冀A65P0挂_1,2020-05-13T23:00:06
G0005130030010200101052020051323000001,晋A350UV_0,2020-05-13T23:00:05
G0002130010001100101022020051323000001,冀AZ8026_1,2020-05-13T23:00:03
G0002130010001100202012020051323000001,冀TP1D21_0,2020-05-13T23:00:01
G0005130030010200101052020051323000002,冀JX8516_1,2020-05-13T23:00:09
G0002130010001100201022020051323000001,冀A8253H_1,2020-05-13T23:00:05
G0005130030010200102032020051323000001,晋A350UV_0,2020-05-13T23:00:08
G0002130010001100201022020051323000002,鲁DZ9559_1,2020-05-13T23:00:07
G0002130010001100101022020051323000002,鲁D82885_1,2020-05-13T23:00:07
G0002130010001100202022020051323000001,冀ADK79挂_1,2020-05-13T23:00:09
G0001130010023100101022020051323000002,默A00000_9,2020-05-13T23:00:03
G0001130010023100101022020051323000003,默A00000_9,2020-05-13T23:00:05
G0001130010023100102012020051323000003,默A00000_9,2020-05-13T23:00:10
G0001130010023100101012020051323000002,默A00000_9,2020-05-13T23:00:03
G0001130010023100101012020051323000003,默A00000_9,2020-05-13T23:00:05
G0001130010023100102012020051323000002,默A00000_9,2020-05-13T23:00:07
G0002130030009100102092020051323000004,鲁NG25M2_0,2020-05-13T23:00:03
G0002130030009100101022020051323000003,鲁NG25H2_0,2020-05-13T23:00:01
G2516130010014200101032020051323000002,鲁PS3687_1,2020-05-13T23:00:09
G2516130010014200101042020051323000001,京E26887_0,2020-05-13T23:00:06
G2516130010014200102082020051323000001,冀E26G87_0,2020-05-13T23:00:08
G2516130010014200101042020051323000002,默A00000_9,2020-05-13T23:00:08
G2516130010014200101032020051323000001,冀E26G87_0,2020-05-13T23:00:06
G0002130020003100101062020051323000014,鲁N87005_1,2020-05-13T23:00:07
G0005130030008200101022020051322000329,渝HY0329_0,2020-05-13T23:00:08
G0005130030008200101032020051322000293,冀F82HY6_0,2020-05-13T23:00:04
G0005130030008200101022020051322000328,冀A42984_0,2020-05-13T23:00:01
G0005130030008200102032020051323000001,冀RZ633挂_1,2020-05-13T23:00:02
G0045130040036200201022020051323000001,冀A080JP_0,2020-05-13T23:00:06
G0045130040036200202022020051323000001,冀A080JP_0,2020-05-13T23:00:08
S0064130010008200102012020051323000001,冀A04S78_0,2020-05-13T23:00:19
S0064130010008200101012020051323000001,冀A04S78_0,2020-05-13T23:00:18
G0111130010033103301012020051323000004,冀J9A713_1,2020-05-13T23:00:13
G0111130010008200801032020051323000001,辽ACU327_1,2020-05-13T23:00:12
G0111130010008200802022020051323000003,辽AM396挂_1,2020-05-13T23:00:19
G0111130010008200802022020051323000002,辽AR988挂_1,2020-05-13T23:00:15
G0004130020015100102042020051323000002,冀A2W35挂_1,2020-05-13T23:00:16
G0004130020015100102012020051323000002,冀DL368Z_0,2020-05-13T23:00:14
G0004130020015100101022020051323000002,冀DL368Z_0,2020-05-13T23:00:12
G0004130020015100101082020051323000003,冀AKT873_1,2020-05-13T23:00:13
G0095130040001100202032021010104002174,冀B32UE挂_1,2020-05-13T23:00:11
G0018130010003200101042020051323000004,吉AV2676_1,2020-05-13T23:00:13
G1811130020006200101012020051323000001,辽C0626X_0,2020-05-13T23:00:17
G0020130010028200102022020051323000001,鲁PA7605_1,2020-05-13T23:00:11
G0020130010004200101032020051323000003,皖M29629_1,2020-05-13T23:00:16
G0020130010004200102022020051323000005,皖MN749挂_1,2020-05-13T23:00:19
G0020130010024200102022020051323000001,冀AQ076挂_1,2020-05-13T23:00:12
S0003130010008200102022020051323000001,渝DQ0696_1,2020-05-13T23:00:19
S0003130010008200101042020051323000001,渝DQ0696_1,2020-05-13T23:00:17
G0001130010020200101052020051323000003,冀C67128_1,2020-05-13T23:00:15
G0001130010008200101012020051323000002,豫GD059G_0,2020-05-13T23:00:13
G0001130010020200102032020051323000003,默A00000_9,2020-05-13T23:00:14
G0001130010020200102032020051323000004,冀C67128_1,2020-05-13T23:00:17
G0001130010008200102012020051323072272,豫GD059G_0,2020-05-13T23:00:15
G0001130010008200101032020051323000002,辽A5J88V_0,2020-05-13T23:00:12
G0001130010008200101042020051323072269,默A00000_9,2020-05-13T23:00:17
G0001130010008200101032020051323000003,默A00000_9,2020-05-13T23:00:17
G0001130010008200102022020051323000002,辽A5J88V_0,2020-05-13T23:00:15
G0001130010008200101022020051323000003,冀B159VP_0,2020-05-13T23:00:14
G0001130010008200102012020051323072273,冀B159VP_0,2020-05-13T23:00:17
G0018130030003100102022020051323000002,默A00000_9,2020-05-13T23:00:18
G0018130030003100101042020051323000001,冀A456XB_1,2020-05-13T23:00:10
G0018130030003100102022020051323000003,鲁K3K40挂_1,2020-05-13T23:00:20
G0018130030003100101012020051323000001,冀FT6153_0,2020-05-13T23:00:19
G0018130030003100101022020051323000001,默A00000_9,2020-05-13T23:00:18
G0018130030003100101042020051323000002,晋K19776_1,2020-05-13T23:00:16
G0018130030003100102022020051323000001,贵FT200挂_1,2020-05-13T23:00:13
G2002130010007200101062020051323000001,冀A5905Y_1,2020-05-13T23:00:15
G2002130010007200102032020051323000001,冀A5905Y_1,2020-05-13T23:00:18
G0020130010015100101022020051323000001,冀A1BC20_0,2020-05-13T23:00:16
G0020130010015100102012020051323000001,冀A041R1_0,2020-05-13T23:00:11
S9902130030004200101012020051323000001,冀A3J5H2_0,2020-05-13T23:00:11
G0020130010015100102012020051323000002,冀A1BC20_0,2020-05-13T23:00:18
S9902130030004200102012020051323000001,冀A3J5H2_0,2020-05-13T23:00:13
G0004130020037100101072020051323000001,冀EH3196_1,2020-05-13T23:00:13
G0004130020037100102042020051323000001,冀EQ063挂_1,2020-05-13T23:00:17
G0004130020037100102032020051323000001,默A00000_9,2020-05-13T23:00:19
G0004130020037100101052020051323000001,冀G33033_1,2020-05-13T23:00:17
G0004130010037100101082020051323000002,晋BP0686_1,2020-05-13T23:00:15
G0004130010037100102012020051323000003,湘L5XG88_0,2020-05-13T23:00:20
G0004130010037100101012020051323000002,湘L5XG88_0,2020-05-13T23:00:18
G0004130010037100102042020051323000001,冀A40KV挂_1,2020-05-13T23:00:11
S0072130010006100102222020051323000004,冀TJ3P92_0,2020-05-13T23:00:13
S0072130010006100101132020051323000004,冀A78278_1,2020-05-13T23:00:12
S0072130010006100102222020051323000005,默A00000_9,2020-05-13T23:00:19
G0018130010005100201022020051322000526,鲁NC8732_1,2020-05-13T23:00:17
G0018130010005100101022020051323000004,辽PB3793_1,2020-05-13T23:00:14
G0018130010005100101022020051323000005,辽PA2525_1,2020-05-13T23:00:16
G0018130010005100201022020051322000527,鲁UM9836_1,2020-05-13T23:00:19
G0018130010005100101022020051323000003,鲁MAT189_1,2020-05-13T23:00:10
G0018130010005100102022020051323000015,鲁MSN91挂_1,2020-05-13T23:00:14
G0018130010005200201012020051323000007,鲁FD8E20_0,2020-05-13T23:00:14
G0018130010005200201022020051322000531,苏GT2359_1,2020-05-13T23:00:12
G0018130010005200202022020051323000012,辽CD5291_1,2020-05-13T23:00:18
G0018130010005200202022020051323000011,苏GZX08挂_1,2020-05-13T23:00:15
G0018130010005200201022020051322000532,辽CD5291_1,2020-05-13T23:00:15
G0018130010005200101022020051323000019,鲁Q750AB_1,2020-05-13T23:00:14
G0018130010005200102022020051323000004,辽HX5057_0,2020-05-13T23:00:16
G0018130010005200102012020051323000014,浙C160CA_0,2020-05-13T23:00:10
G0018130010005200201022020051322000534,辽L27525_1,2020-05-13T23:00:18
G0018130010005200101022020051323000018,辽HX5057_0,2020-05-13T23:00:13
G0018130010005200201012020051323000006,鲁Q33RU8_0,2020-05-13T23:00:12
G0018130010005200201022020051322000533,辽A6K99E_0,2020-05-13T23:00:17
G0018130010005200101012020051322000186,冀F6EB56_0,2020-05-13T23:00:16
G0018130010005200102012020051323000015,冀F6EB56_0,2020-05-13T23:00:19
G0018130010005200102022020051323000003,鲁K08Q26_0,2020-05-13T23:00:13
G0018130010005200202022020051323000013,辽A6K99E_0,2020-05-13T23:00:20
G1013130010011100102012020051323000001,默A00000_9,2020-05-13T23:00:34
G1013130010013100101022020051323000001,冀G5P682_0,2020-05-13T23:00:48
S0003130010009100102012020051323000001,晋B5540A_0,2020-05-13T23:00:17
S0003130010009100101012020051323000001,晋B5540A_0,2020-05-13T23:00:14
G0045130040015100101062020051323000002,冀J5F651_1,2020-05-13T23:00:19
G0045130040025100101042020051323000001,默A00000_9,2020-05-13T23:00:13
G0045130040025100101052020051323000001,冀T59728_1,2020-05-13T23:00:10
G0045130040025100101032020051323000001,蒙D0R060_0,2020-05-13T23:00:14
G0045130040025100102012020051323000002,豫PUK321_0,2020-05-13T23:00:11
G0045130040025100102012020051323000003,冀D913SE_0,2020-05-13T23:00:20
G0045130040025100101022020051323000002,冀D913SE_0,2020-05-13T23:00:17
G0045130040025100102032020051323000001,默A00000_9,2020-05-13T23:00:15
G0045130040025100102022020051323000001,冀D0R060_0,2020-05-13T23:00:16
G0022130030014200101062020051323000002,蒙F41918_1,2020-05-13T23:00:26
G0022130030014200102032020051323000002,蒙F41918_1,2020-05-13T23:00:29
G0020130020001100102072020051323000001,晋AW699P_0,2020-05-13T23:00:21
G0020130020001100101032020051323000001,默A00000_9,2020-05-13T23:00:22
G0020130020001100101042020051323000001,默A00000_9,2020-05-13T23:00:22
G0020130020001100102082020051323000002,默A00000_9,2020-05-13T23:00:26
G0020130020001100101022020051323000002,冀A3770U_0,2020-05-13T23:00:28
G0022130050001100101022020051323000001,晋D19175_1,2020-05-13T23:00:30
G0022130050001100202022020051323000001,默A00000_9,2020-05-13T23:00:24
G0005130010003100101022020051323000001,冀D93T90_0,2020-05-13T23:00:22
S0072130020005200102012020051323000001,冀DL957N_0,2020-05-13T23:00:25
S0072130020005200102022020051323000003,冀F8WY23_0,2020-05-13T23:00:28
S0072130020005200101012020051323000001,冀DL957N_0,2020-05-13T23:00:23
S0072130020005200101042020051323000003,冀F8WY23_0,2020-05-13T23:00:25
G0003130020005100102012020051323000002,鲁E77892_0,2020-05-13T23:00:27
G0003130020005100101022020051323000002,鲁E77892_0,2020-05-13T23:00:23
G0001130010006200101032020051323000004,默A00000_9,2020-05-13T23:00:21
G0001130010006200101042020051323000003,默A00000_9,2020-05-13T23:00:21
G0001130010006200102022020051323000004,冀AZ159挂_1,2020-05-13T23:00:24
G0003130020018200101012020051323000002,京P8DC21_0,2020-05-13T23:00:29
G0003130020018200101022020051323000002,京P80C21_0,2020-05-13T23:00:29
G0020130010027100101032020051323000001,冀A52D69_1,2020-05-13T23:00:30
G0005130010005100102032020051323000001,冀FUX661_1,2020-05-13T23:00:20
G0005130010005100101052030040719014456,冀F19K94_0,2020-05-13T23:00:21
G0020130010024200101032020051323000002,冀A5692Z_1,2020-05-13T23:00:22
G0020130010024200101032020051323000003,冀A95693_1,2020-05-13T23:00:29
G0111130010001100101042020051323000002,冀JZ2622_1,2020-05-13T23:00:27
G0020130010030200101012020051323000003,晋CR4319_0,2020-05-13T23:00:21
G0020130010030200102012020051323000003,晋CR4319_0,2020-05-13T23:00:24
G0001130020041100102032020051323000003,冀F3Y11挂_1,2020-05-13T23:00:27
G0001130020041100101022020051323000002,京HHK729_0,2020-05-13T23:00:23
G0001130020041100101032020051323000004,默A00000_9,2020-05-13T23:00:24
G0001130020041100102022020051323000002,京HHK729_0,2020-05-13T23:00:24
G0001130020041100101032020051323000003,冀U6900警_3,2020-05-13T23:00:23
G0001130020041100201032020051323000003,默A00000_9,2020-05-13T23:00:28
G0001130010023100101022020051323000004,辽D2520B_0,2020-05-13T23:00:26
G0001130010023100101032020051323000003,黑BY5259_1,2020-05-13T23:00:20
G0001130010023100102032020051323000002,默A00000_9,2020-05-13T23:00:21
G0001130010023100102022020051323000003,黑BFM03挂_1,2020-05-13T23:00:24
G0001130010023100102012020051323000004,辽D2520B_0,2020-05-13T23:00:28
G0005130030010200101052020051323000003,晋KM2477_1,2020-05-13T23:00:23
G0005130030010200101052020051323000004,晋K38698_1,2020-05-13T23:00:30
G0020130010006200102022020051323000002,皖CG750挂_1,2020-05-13T23:00:24
G0020130010006200101042020051323000002,皖CA8066_1,2020-05-13T23:00:21
G1811130030006200102012020051323000005,冀A5BC99_0,2020-05-13T23:00:28
G1811130030006200102022020051323000001,冀EQF391_0,2020-05-13T23:00:28
G1811130030006200102032020051323000004,冀APP49挂_1,2020-05-13T23:00:24
G1811130030006200101012020051323000004,冀A5BC99_0,2020-05-13T23:00:25
G1811130030006200101042020051323000001,冀EQF391_0,2020-05-13T23:00:26
S0003130010001100102022020051323000001,蒙JJ782挂_1,2020-05-13T23:00:24
S0072130030011200102022020051323000002,川EE430挂_1,2020-05-13T23:00:26
S0072130030011200101032020051323000001,冀T73996_1,2020-05-13T23:00:22
S0076130010010200101032020051323000001,冀ABE567_1,2020-05-13T23:00:22
S0076130010010200102022020051323000001,默A00000_9,2020-05-13T23:00:25
G0003130040003100101032020051323000003,皖K9E731_1,2020-05-13T23:00:20
G0003130040003100102012020051323000004,鲁J353G5_0,2020-05-13T23:00:28
G0003130040003100102022020051323000004,皖KMW28挂_1,2020-05-13T23:00:23
G0003130040003100101022020051323000004,鲁J353G5_0,2020-05-13T23:00:26
G0004130010020200102022020051323000002,冀AJ5U39_0,2020-05-13T23:00:22
G0004130010020200101032020051323000002,冀AJ5U39_0,2020-05-13T23:00:21
G0004130010002200101052020051323000001,京KX3115_0,2020-05-13T23:00:28
G0004130010002200102032020051323000001,京KX3115_0,2020-05-13T23:00:30
S0069130010002200102022020051323000001,冀EZH05挂_1,2020-05-13T23:00:25
S0069130010002200101032020051323000001,冀EU0976_1,2020-05-13T23:00:22
G0005130030007100101032020051323000002,冀A744SX_0,2020-05-13T23:00:20
G0005130030007100102032020051323000002,晋K77K7挂_1,2020-05-13T23:00:30
G0005130030007100101042020051323000002,冀AQP827_0,2020-05-13T23:00:22
G0005130030007100101022020051323000001,冀A5128V_0,2020-05-13T23:00:20
G1812130010005100102012020051323000003,京QZE703_0,2020-05-13T23:00:21
G0005130030002200102032020051323000001,冀TU134挂_1,2020-05-13T23:00:21
G0018130020003100102022020051323000002,冀B2E653_1,2020-05-13T23:00:23
G0018130020003100101032020051323000001,冀B2E653_1,2020-05-13T23:00:20
G0018130020002200101012020051323000001,津CAW398_0,2020-05-13T23:00:25
G0018130020002200102012020051323000001,津CAW398_0,2020-05-13T23:00:28
G0018130020002200102022020051323000002,吉BJ097挂_1,2020-05-13T23:00:26
G0018130020002200102022020051323000003,津AVZ901_0,2020-05-13T23:00:29
G0018130020002200101032020051323000002,吉BE9572_1,2020-05-13T23:00:23
G0018130020002200101032020051323000003,津AVZ901_0,2020-05-13T23:00:26
G0045130030002200201022020051323000002,冀J9K7N5_0,2020-05-13T23:00:26
G0045130030002200202032020051323000001,默A00000_9,2020-05-13T23:00:25
G0045130030002200202022020051323000002,冀J9K7N5_0,2020-05-13T23:00:30
G0001130010026200102022020051323000003,默A00000_9,2020-05-13T23:00:28
G0001130010026200102032020051323000003,辽H72G2挂_1,2020-05-13T23:00:23
G0001130010026200101052020051323000004,冀C65265_1,2020-05-13T23:00:28
G0001130010026200101062020051323000003,辽HLD362_1,2020-05-13T23:00:20
G0001130010026200101032020051323000003,默A00000_9,2020-05-13T23:00:21
G0001130010026200101042020051323000003,默A00000_9,2020-05-13T23:00:21
G0001130010026200101032020051323000004,冀BJ196J_0,2020-05-13T23:00:29
G0025130050016200101012020051323000001,冀B36539_0,2020-05-13T23:00:26
G0025130050016200102012020051323000001,鲁B36539_0,2020-05-13T23:00:29
G0045130010024200101022020051323000001,默A00000_9,2020-05-13T23:00:22
G0045130010024200102012020051323000001,默A00000_9,2020-05-13T23:00:28
G0045130010024200101012020051323000001,默A00000_9,2020-05-13T23:00:23
G0004130010033100102032020051323000003,京C8803挂_1,2020-05-13T23:00:04
G0004130010033100101052020051323000003,京AHZ931_1,2020-05-13T23:00:01
G0095130050005100101042020051323000002,冀B8C78G_0,2020-05-13T23:00:19
G0095130050005100101042020051323000003,冀R66AD1_0,2020-05-13T23:00:20
G0095130050005100101042020051323000001,冀B1DE33_0,2020-05-13T23:00:13
G0095130050005100102022020051323000001,冀B1DE33_0,2020-05-13T23:00:17
G0025130060001100101012020051323000004,津KWY820_0,2020-05-13T23:00:36
G0025130060001100101062020051323000004,鲁HW2183_1,2020-05-13T23:00:35
G0025130060001100101012020051323000003,鲁B2G8S1_0,2020-05-13T23:00:31
G0025130060001100101032020051323000001,冀B2987F_1,2020-05-13T23:00:34
G0025130060001100102012020051323000002,冀FE83V3_0,2020-05-13T23:00:31
G0025130060001100101062020051323000005,辽PA3972_1,2020-05-13T23:00:37
G0025130060001100102012020051323000004,津KWY820_0,2020-05-13T23:00:38
G0025130060001100101042020051323000002,辽GJ7976_1,2020-05-13T23:00:37
G0025130060001100102012020051323000003,鲁B2G8S1_0,2020-05-13T23:00:33
G0025130060001100102032020051323000003,鲁HAH66挂_1,2020-05-13T23:00:39
G0022130030016200101052020051323000003,晋E38360_1,2020-05-13T23:00:34
G0022130030016200102032020051323000003,浙EH836挂_1,2020-05-13T23:00:38
G0025130050005100101022020051323000005,冀JW6977_1,2020-05-13T23:00:37
S3701130010010200101042020051323000001,晋BP1075_1,2020-05-13T23:00:37
G0121130010006200101032020051323000002,蒙D8537U_0,2020-05-13T23:00:37
G0121130010006200101062020051323000002,MB08491_3,2020-05-13T23:00:38
G0121130010006200102022020051323000002,蒙D8537U_0,2020-05-13T23:00:39
G0121130010006200101052020051323000002,黑MB0849_1,2020-05-13T23:00:39
G0121130020012200102032020051323000003,黑ACD23挂_1,2020-05-13T23:00:39
G0121130020012200101052020051323000002,默A00000_9,2020-05-13T23:00:34
G0121130020012200101042020051323000003,京LHE182_0,2020-05-13T23:00:32
G0121130020012200102022020051323000004,京LHF182_0,2020-05-13T23:00:36
G0121130020012200101062020051323000001,默A00000_9,2020-05-13T23:00:34
G0095130030010200101052020051323000002,鲁MAU910_1,2020-05-13T23:00:34
G0095130030010200102022020051323000001,冀E68990_0,2020-05-13T23:00:34
G0095130030010200101032020051323000001,冀E68990_0,2020-05-13T23:00:31
G0095130030010200102032020051400000070,默A00000_9,2020-05-13T23:00:37
S0031130010008200101012020051323000001,晋B5102W_0,2020-05-13T23:00:32
S0031130010008200101032020051323000001,冀A9349W_1,2020-05-13T23:00:36
S0031130010008200102012020051323000001,晋B5102W_0,2020-05-13T23:00:34
G1812130010001100102012020051323000001,冀JUE255_0,2020-05-13T23:00:37
G1812130010001100102022020051323000002,闽F6339挂_1,2020-05-13T23:00:36
G1812130010001100101012020051323000001,冀JUE255_0,2020-05-13T23:00:36
G1812130010001100101032020051323000002,闽F97879_1,2020-05-13T23:00:34
G1811130020005100101042020051323000001,黑LF3977_1,2020-05-13T23:00:31
G1811130020005100102022020051323000004,黑D5179挂_1,2020-05-13T23:00:35
G0018130010003100101042020051323000018,鲁CC2878_1,2020-05-13T23:00:34
G0018130010003100101022020051323000008,津C11D18_0,2020-05-13T23:00:34
G0018130010003100102012020051323000004,鲁VA9E36_0,2020-05-13T23:00:33
G0018130010003100101022020051323000007,鲁VA9E36_0,2020-05-13T23:00:31
G0018130010003100102012020051323000005,津C11D18_0,2020-05-13T23:00:36
G0018130010003100102022020051323000016,鲁C68G8挂_1,2020-05-13T23:00:38
G0018130010003100101042020051323000017,京ABF189_1,2020-05-13T23:00:32
G0018130010003100102022020051323000017,默A00000_9,2020-05-13T23:00:38
G0018130010003100102022020051323000015,京ABF189_1,2020-05-13T23:00:35
G0005130050005100101062020051323000002,冀FB12E8_0,2020-05-13T23:00:31
G0004130020002200101062020051323000003,冀AT17P1_0,2020-05-13T23:00:38
G0003130020009100102032020051323000003,苏N862V挂_1,2020-05-13T23:00:39
S0076130010014200101022020051323000001,冀J2VZ15_0,2020-05-13T23:00:37
S0076130010014200102012020051323000001,冀J2VZ15_0,2020-05-13T23:00:38
G0004130020035100101032020051323000001,苏E2H51G_0,2020-05-13T23:00:32
G0004130020035100102022020051323000001,苏E2H51G_0,2020-05-13T23:00:34
G0004130020035100101022020051323000001,冀A5X2Y0_0,2020-05-13T23:00:30
G0004130020035100101082020051323000002,冀ES2573_1,2020-05-13T23:00:34
G0004130020035100101042020051323000002,冀DD107R_0,2020-05-13T23:00:35
G0004130020035100102022020051323000002,冀DD107R_0,2020-05-13T23:00:37
G0004130020035100102012020051323000001,冀A5X2Y0_0,2020-05-13T23:00:32
G0004130020035100102042020051323000002,冀ES2573_1,2020-05-13T23:00:36
S0067130010002200102212020051323000002,鲁P875TH_0,2020-05-13T23:00:35
S0067130010002200102222020051323000002,豫NE890挂_1,2020-05-13T23:00:39
S0067130010002200101132020051323000003,冀T14035_1,2020-05-13T23:00:36
S0067130010002200101152020051323000002,京P875TH_0,2020-05-13T23:00:30
S0067130010002200101162020051323000002,鲁P875TH_0,2020-05-13T23:00:30
S0067130010002200101132020051323000002,鲁NE0850_1,2020-05-13T23:00:31
S0067130010002200102222020051323000001,鲁N281J挂_1,2020-05-13T23:00:34
S0076130010006200101042020051323000001,鲁H82Z55_1,2020-05-13T23:00:35
G0006130010002200201012020051323000001,蒙H9203T_0,2020-05-13T23:00:39
G0006130010002200202022020051323000004,冀G8E235_0,2020-05-13T23:00:38
G0006130010002200201022020051323000004,冀G8E235_0,2020-05-13T23:00:34
G0045130030022200102032020051323000003,黑BZ315挂_1,2020-05-13T23:00:34
G0045130030022200101062020051323000003,黑BG2273_1,2020-05-13T23:00:31
G0045130040034200102032020051323000003,辽PC2329_1,2020-05-13T23:00:42
G0025130060001100101032020051323000003,冀B1539V_1,2020-05-13T23:00:42
G0001130020041100102032020051323000005,蒙GHM260_0,2020-05-13T23:00:57
G0001130020041100202012020051323000003,贵AH016T_0,2020-05-13T23:00:57
G0001130020041100101032020051323000006,默A00000_9,2020-05-13T23:00:54
G0001130020041100201012020051323000003,贵AH016T_0,2020-05-13T23:00:55
G0001130020041100101022020051323000003,津H98029_0,2020-05-13T23:00:53
G0001130020041100101022020051323000004,津A6P001_0,2020-05-13T23:00:59
G0001130020041100102022020051323000003,津H98029_0,2020-05-13T23:00:54
S3701130010005100101022020051323000001,冀G298A5_0,2020-05-13T23:00:59
G0121130010009100102032020051323000002,冀AU682挂_1,2020-05-13T23:00:59
G0121130010009100101032020051323000002,默A00000_9,2020-05-13T23:00:56
S0072130030013200102022020051323000003,冀TS661挂_1,2020-05-13T23:00:57
S0072130030013200101042020051323000003,冀T14931_1,2020-05-13T23:00:55
S0076130010003100102022020051323000001,冀AMZ13挂_1,2020-05-13T23:00:58
S0076130010003100101032020051323000002,冀A3Z903_1,2020-05-13T23:00:57
S0076130010003100101032020051323000001,冀A042SZ_1,2020-05-13T23:00:54
G0025130030007100101032020051323000001,冀H2660D_0,2020-05-13T23:00:40
G0025130030007100102022020051323000001,冀H2660D_0,2020-05-13T23:00:43
G0025130060001100102022020051323000002,吉JG226挂_1,2020-05-13T23:00:48
G0004130010002200102032020051323000002,辽LQC892_0,2020-05-13T23:00:46
G1013130010001100101032020051323000001,辽PQ793挂_1,2020-05-13T23:00:07
G0022130030010200102032020051323000001,鲁R3T64挂_1,2020-05-13T23:00:07
G0022130030010200101062020051323000002,冀DT6839_1,2020-05-13T23:00:08
G0022130030010200101062020051323000001,鲁RP1265_1,2020-05-13T23:00:04
G0111130010028202802022020051323000001,冀C03S26_0,2020-05-13T23:00:06
G0111130010028202801042020051323000001,冀C03S26_0,2020-05-13T23:00:03
G0004130020039100101022020051323000001,豫E2971X_0,2020-05-13T23:00:04
G0004130020039100102012020051323000001,豫E2971X_0,2020-05-13T23:00:06
G0121130010010200102032020051323000001,默A00000_9,2020-05-13T23:00:02
G0045130010010200101022020051322000067,津NAL222_0,2020-05-13T23:00:02
G0045130010010200102012020051323000001,津NAL222_0,2020-05-13T23:00:05
G0003130030003100101082020051323000003,皖C80967_1,2020-05-13T23:00:02
S0071130020001100101022020051323000001,豫A5M5C8_0,2020-05-13T23:00:09
S0071130020001100102082020051323000002,冀EFP72挂_1,2020-05-13T23:00:08
S0071130020001100101032020051323000001,冀A4367Z_1,2020-05-13T23:00:05
S0071130020001100102082020051323000001,冀A859E挂_1,2020-05-13T23:00:03
S0071130020002200102082020051323000003,鲁P4L35挂_1,2020-05-13T23:00:06
S0071130020002200102082020051323000004,冀ADN72挂_1,2020-05-13T23:00:09
S0071130020002200102082020051323000001,冀J330U挂_1,2020-05-13T23:00:02
S0071130020002200101032020051323000001,冀A596WA_1,2020-05-13T23:00:06
S0071130020002200102082020051323000002,冀EYS15挂_1,2020-05-13T23:00:04
G0004130020041100101072020051323000001,冀A95H50_1,2020-05-13T23:00:06
G0004130020041100102032020051323000001,默A00000_9,2020-05-13T23:00:06
G0004130020041100101052020051323000001,冀A1060S_1,2020-05-13T23:00:04
G0004130020041100102042020051323000001,冀A38K0挂_1,2020-05-13T23:00:09
G0004130020041100101062020051323000001,冀A106DS_1,2020-05-13T23:00:04
G0003130020011100102032020051323000002,鲁H0K88挂_1,2020-05-13T23:00:09
G0003130020011100101062020051323000002,冀RC6507_1,2020-05-13T23:00:06
G0020130010030200101032020051323000001,鲁PB1838_1,2020-05-13T23:00:01
G0020130010030200102022020051323000001,晋MP996挂_1,2020-05-13T23:00:05
G0020130010030200102012020051323000001,冀DP530T_0,2020-05-13T23:00:06
G0020130010030200102022020051323000002,冀ABX47挂_1,2020-05-13T23:00:08
G0020130010030200101022020051323000001,冀DP530T_0,2020-05-13T23:00:04
G0020130010030200102012020051323000002,冀A07MZ0_0,2020-05-13T23:00:09
G0020130010030200101032020051323000003,鲁Q225CJ_1,2020-05-13T23:00:07
G0020130010030200101022020051323000002,冀A07MZ0_0,2020-05-13T23:00:07
G0020130010030200101032020051323000002,冀AHP478_1,2020-05-13T23:00:03
S0072130030011200102022020051323000001,冀DL8X9挂_1,2020-05-13T23:00:03
S0072130030011200101022020051323000001,冀FA1W77_0,2020-05-13T23:00:03
S0072130030011200102012020051323000002,冀F3CF70_0,2020-05-13T23:00:07
S0072130030011200101012020051323000002,冀F3CF70_0,2020-05-13T23:00:05
S0072130030011200102012020051323000001,冀FA1W77_0,2020-05-13T23:00:05
G9511130010008200101032020051322000126,冀G35783_1,2020-05-13T23:00:01
G9511130010008200102022020051323000001,晋J5239挂_1,2020-05-13T23:00:02
G9511130010016200101032020051323000001,豫J92889_1,2020-05-13T23:00:07
S9902130030006200102022020051322000150,冀AN890Z_0,2020-05-13T23:00:01
S9902130030006200101022020051323000001,冀AT3589_0,2020-05-13T23:00:01
S9902130030006200102012020051323000001,冀AT3589_0,2020-05-13T23:00:03
G0045130040014200102032020051323000001,黑BX3293_1,2020-05-13T23:00:02
G0045130040014200102022020051323000001,冀EA686Q_0,2020-05-13T23:00:07
G0045130040014200101012020051323000001,冀R2S9P0_0,2020-05-13T23:00:09
G0045130040014200101042020051323000001,冀EA686Q_0,2020-05-13T23:00:04
G0005130030009100101062020051323000001,晋KQ6902_1,2020-05-13T23:00:12
G0020130020006200101012020051323000001,鄂AN112Z_0,2020-05-13T23:00:11
G0020130020006200102072020051323000001,鄂AN112Z_0,2020-05-13T23:00:13
G0045130030034200102022020051323000001,赣J0993挂_1,2020-05-13T23:00:12
G0045130030034200101042020051323000001,冀JN2152_1,2020-05-13T23:00:11
G0045130030034200102032020051323000002,鲁UP596挂_1,2020-05-13T23:00:11
G1812130020010200101032020051323000001,冀A177R8_1,2020-05-13T23:00:14
G1812130020010200102022020051323000002,鄂F19SE挂_1,2020-05-13T23:00:18
G0020130010021100101012020051323000002,贵C7A788_0,2020-05-13T23:00:13
G0020130010021100101032020051323000003,冀EH1993_1,2020-05-13T23:00:19
G0020130010021100102012020051323000002,贵C7A788_0,2020-05-13T23:00:14
G0020130010021100102012020051323000001,冀AJ07P5_0,2020-05-13T23:00:13
G0020130010021100101012020051323000001,冀AJ07P5_0,2020-05-13T23:00:10
S0072130030017200102022020051323000003,冀JT9999_1,2020-05-13T23:00:13
S0072130030017200102022020051323000002,冀J48A9挂_1,2020-05-13T23:00:10
G0004130020047100201012020051323000001,冀D968P7_0,2020-05-13T23:00:13
G0004130020047100201042020051323000001,冀DN2559_1,2020-05-13T23:00:19
G0004130020047100101032020051323000001,冀EC8076_1,2020-05-13T23:00:17
G0004130020047100101022020051323000001,冀DK2J82_0,2020-05-13T23:00:18
G0004130020047100202012020051323000001,冀D968P7_0,2020-05-13T23:00:15
G0001130020044200101032020051323000003,冀AAN706_1,2020-05-13T23:00:13
G0001130020044200101042020051323000003,豫AN7069_1,2020-05-13T23:00:13
G0001130020044200102022020051323000003,豫AN7069_1,2020-05-13T23:00:16
G0001130020044200102032020051323000002,冀B73MQ挂_1,2020-05-13T23:00:14
G0001130020044200101062020051323000002,冀C75737_1,2020-05-13T23:00:11
G0001130020044200101062020051323000003,冀C78102_1,2020-05-13T23:00:17
G0001130020044200102022020051323000002,辽CU008挂_1,2020-05-13T23:00:13
G0003130020005100102012020051323000001,京QP10F6_0,2020-05-13T23:00:19
G0003130020005100101042020051323000001,京Q58XY6_0,2020-05-13T23:00:11
G0003130020005100101062020051323000002,京AEX995_5,2020-05-13T23:00:12
G0003130020005100101022020051323000001,京QP10F6_0,2020-05-13T23:00:15
G0003130020005100102022020051323000001,京Q58XY6_0,2020-05-13T23:00:15
G0003130020005100101052020051323000002,京AEX995_1,2020-05-13T23:00:12
G0020130020008200101012020051323000001,晋A622CL_0,2020-05-13T23:00:16
G0020130020008200201022020051323000002,青CD2769_1,2020-05-13T23:00:19
G0020130020008200102042020051323000001,晋A622CL_0,2020-05-13T23:00:19
G2516130010017100102082020051323000001,冀JU5035_1,2020-05-13T23:00:18
G2516130010017100101032020051323000001,冀JU5035_1,2020-05-13T23:00:15
G0045130040007100101062020051323000001,默A00000_9,2020-05-13T23:00:10
G0045130040007100101052020051323000001,默A00000_9,2020-05-13T23:00:10
G0045130040008200102032020051323000001,冀T72178_1,2020-05-13T23:00:06
G0045130040008200101012020051323000001,冀J554D4_0,2020-05-13T23:00:09
G0025130060001100101022020051323000001,鲁JTK139_0,2020-05-13T23:00:21
G0025130060001100102012020051323000001,鲁JTK139_0,2020-05-13T23:00:23
G0025130060001100101012020051323000002,冀FE83V3_0,2020-05-13T23:00:29
G0004130020026200101072020051323000003,晋LR8073_1,2020-05-13T23:00:27
G0004130020037100101072020051323000002,冀EN8463_1,2020-05-13T23:00:27
G0004130020037100101052020051323000002,冀AX8A92_0,2020-05-13T23:00:29
G0025130040005100101022020051323000001,冀T19504_1,2020-05-13T23:00:27
G0095130080008200101042020051323000001,蒙J89108_1,2020-05-13T23:00:27
G0095130080008200102022020051403000349,黑A8976挂_1,2020-05-13T23:00:26
G0004130020044200101022020051323000001,冀A36HZ1_0,2020-05-13T23:00:27
G0004130020044200102012020051323000001,冀A36HZ1_0,2020-05-13T23:00:28
G0025130050003100101022020051323000001,默A00000_9,2020-05-13T23:00:25